[0.434s] DEBUG:colcon:Command line arguments: ['/usr/bin/colcon', 'build']
[0.435s] DEBUG:colcon:Parsed command line arguments: Namespace(log_base=None, log_level=None, verb_name='build', build_base='build', install_base='install', merge_install=False, symlink_install=False, test_result_base=None, continue_on_error=False, executor='parallel', parallel_workers=2, event_handlers=None, ignore_user_meta=False, metas=['./colcon.meta'], base_paths=['.'], packages_ignore=None, packages_ignore_regex=None, paths=None, packages_up_to=None, packages_up_to_regex=None, packages_above=None, packages_above_and_dependencies=None, packages_above_depth=None, packages_select_by_dep=None, packages_skip_by_dep=None, packages_skip_up_to=None, packages_select_build_failed=False, packages_skip_build_finished=False, packages_select_test_failures=False, packages_skip_test_passed=False, packages_select=None, packages_skip=None, packages_select_regex=None, packages_skip_regex=None, packages_start=None, packages_end=None, allow_overriding=[], cmake_args=None, cmake_target=None, cmake_target_skip_unavailable=False, cmake_clean_cache=False, cmake_clean_first=False, cmake_force_configure=False, ament_cmake_args=None, catkin_cmake_args=None, catkin_skip_building_tests=False, mixin_files=None, mixin=None, verb_parser=<colcon_mixin.mixin.mixin_argument.MixinArgumentDecorator object at 0x7aa8c72436a0>, verb_extension=<colcon_core.verb.build.BuildVerb object at 0x7aa8c7243160>, main=<bound method BuildVerb.main of <colcon_core.verb.build.BuildVerb object at 0x7aa8c7243160>>, mixin_verb=('build',))
[1.436s] Level 1:colcon.colcon_core.package_discovery:discover_packages(colcon_meta) check parameters
[1.437s] Level 1:colcon.colcon_core.package_discovery:discover_packages(recursive) check parameters
[1.437s] Level 1:colcon.colcon_core.package_discovery:discover_packages(ignore) check parameters
[1.437s] Level 1:colcon.colcon_core.package_discovery:discover_packages(path) check parameters
[1.437s] Level 1:colcon.colcon_core.package_discovery:discover_packages(colcon_meta) discover
[1.438s] Level 1:colcon.colcon_core.package_discovery:discover_packages(recursive) discover
[1.438s] INFO:colcon.colcon_core.package_discovery:Crawling recursively for packages in '/home/robousr/ROS2Dev/robot_2025_ws/src/practica1_description'
[1.438s] Level 1:colcon.colcon_core.package_identification:_identify(.) by extensions ['ignore', 'ignore_ament_install']
[1.439s] Level 1:colcon.colcon_core.package_identification:_identify(.) by extension 'ignore'
[1.439s] Level 1:colcon.colcon_core.package_identification:_identify(.) by extension 'ignore_ament_install'
[1.439s] Level 1:colcon.colcon_core.package_identification:_identify(.) by extensions ['colcon_pkg']
[1.440s] Level 1:colcon.colcon_core.package_identification:_identify(.) by extension 'colcon_pkg'
[1.440s] Level 1:colcon.colcon_core.package_identification:_identify(.) by extensions ['colcon_meta']
[1.440s] Level 1:colcon.colcon_core.package_identification:_identify(.) by extension 'colcon_meta'
[1.440s] Level 1:colcon.colcon_core.package_identification:_identify(.) by extensions ['ros']
[1.441s] Level 1:colcon.colcon_core.package_identification:_identify(.) by extension 'ros'
[1.482s] DEBUG:colcon.colcon_core.package_identification:Package '.' with type 'ros.ament_cmake' and name 'practica1_description'
[1.483s] Level 1:colcon.colcon_core.package_discovery:discover_packages(recursive) using defaults
[1.483s] Level 1:colcon.colcon_core.package_discovery:discover_packages(ignore) discover
[1.483s] Level 1:colcon.colcon_core.package_discovery:discover_packages(ignore) using defaults
[1.483s] Level 1:colcon.colcon_core.package_discovery:discover_packages(path) discover
[1.483s] Level 1:colcon.colcon_core.package_discovery:discover_packages(path) using defaults
[1.562s] Level 1:colcon.colcon_core.package_discovery:discover_packages(prefix_path) check parameters
[1.562s] Level 1:colcon.colcon_core.package_discovery:discover_packages(prefix_path) discover
[1.572s] DEBUG:colcon.colcon_installed_package_information.package_discovery:Found 280 installed packages in /opt/ros/humble
[1.579s] Level 1:colcon.colcon_core.package_discovery:discover_packages(prefix_path) using defaults
[1.770s] Level 5:colcon.colcon_core.verb:set package 'practica1_description' build argument 'cmake_args' from command line to 'None'
[1.771s] Level 5:colcon.colcon_core.verb:set package 'practica1_description' build argument 'cmake_target' from command line to 'None'
[1.771s] Level 5:colcon.colcon_core.verb:set package 'practica1_description' build argument 'cmake_target_skip_unavailable' from command line to 'False'
[1.771s] Level 5:colcon.colcon_core.verb:set package 'practica1_description' build argument 'cmake_clean_cache' from command line to 'False'
[1.771s] Level 5:colcon.colcon_core.verb:set package 'practica1_description' build argument 'cmake_clean_first' from command line to 'False'
[1.771s] Level 5:colcon.colcon_core.verb:set package 'practica1_description' build argument 'cmake_force_configure' from command line to 'False'
[1.771s] Level 5:colcon.colcon_core.verb:set package 'practica1_description' build argument 'ament_cmake_args' from command line to 'None'
[1.771s] Level 5:colcon.colcon_core.verb:set package 'practica1_description' build argument 'catkin_cmake_args' from command line to 'None'
[1.772s] Level 5:colcon.colcon_core.verb:set package 'practica1_description' build argument 'catkin_skip_building_tests' from command line to 'False'
[1.772s] DEBUG:colcon.colcon_core.verb:Building package 'practica1_description' with the following arguments: {'ament_cmake_args': None, 'build_base': '/home/robousr/ROS2Dev/robot_2025_ws/src/practica1_description/build/practica1_description', 'catkin_cmake_args': None, 'catkin_skip_building_tests': False, 'cmake_args': None, 'cmake_clean_cache': False, 'cmake_clean_first': False, 'cmake_force_configure': False, 'cmake_target': None, 'cmake_target_skip_unavailable': False, 'install_base': '/home/robousr/ROS2Dev/robot_2025_ws/src/practica1_description/install/practica1_description', 'merge_install': False, 'path': '/home/robousr/ROS2Dev/robot_2025_ws/src/practica1_description', 'symlink_install': False, 'test_result_base': None}
[1.772s] INFO:colcon.colcon_core.executor:Executing jobs using 'parallel' executor
[1.778s] DEBUG:colcon.colcon_parallel_executor.executor.parallel:run_until_complete
[1.778s] INFO:colcon.colcon_ros.task.ament_cmake.build:Building ROS package in '/home/robousr/ROS2Dev/robot_2025_ws/src/practica1_description' with build type 'ament_cmake'
[1.779s] INFO:colcon.colcon_cmake.task.cmake.build:Building CMake package in '/home/robousr/ROS2Dev/robot_2025_ws/src/practica1_description'
[1.785s] INFO:colcon.colcon_core.plugin_system:Skipping extension 'colcon_core.shell.bat': Not used on non-Windows systems
[1.786s] INFO:colcon.colcon_core.shell:Skip shell extension 'powershell' for command environment: Not usable outside of PowerShell
[1.786s] DEBUG:colcon.colcon_core.shell:Skip shell extension 'dsv' for command environment
[1.833s] DEBUG:colcon.colcon_core.event_handler.log_command:Invoking command in '/home/robousr/ROS2Dev/robot_2025_ws/src/practica1_description/build/practica1_description': CMAKE_PREFIX_PATH=/opt/ros/humble /usr/bin/cmake --build /home/robousr/ROS2Dev/robot_2025_ws/src/practica1_description/build/practica1_description -- -j2 -l2
[1.984s] DEBUG:colcon.colcon_core.event_handler.log_command:Invoked command in '/home/robousr/ROS2Dev/robot_2025_ws/src/practica1_description/build/practica1_description' returned '0': CMAKE_PREFIX_PATH=/opt/ros/humble /usr/bin/cmake --build /home/robousr/ROS2Dev/robot_2025_ws/src/practica1_description/build/practica1_description -- -j2 -l2
[2.167s] DEBUG:colcon.colcon_core.event_handler.log_command:Invoking command in '/home/robousr/ROS2Dev/robot_2025_ws/src/practica1_description/build/practica1_description': CMAKE_PREFIX_PATH=/opt/ros/humble /usr/bin/cmake --install /home/robousr/ROS2Dev/robot_2025_ws/src/practica1_description/build/practica1_description
[2.213s] Level 1:colcon.colcon_core.environment:create_environment_scripts_only(practica1_description)
[2.222s] DEBUG:colcon.colcon_core.event_handler.log_command:Invoked command in '/home/robousr/ROS2Dev/robot_2025_ws/src/practica1_description/build/practica1_description' returned '0': CMAKE_PREFIX_PATH=/opt/ros/humble /usr/bin/cmake --install /home/robousr/ROS2Dev/robot_2025_ws/src/practica1_description/build/practica1_description
[2.239s] Level 1:colcon.colcon_core.environment:checking '/home/robousr/ROS2Dev/robot_2025_ws/src/practica1_description/install/practica1_description' for CMake module files
[2.242s] Level 1:colcon.colcon_core.environment:checking '/home/robousr/ROS2Dev/robot_2025_ws/src/practica1_description/install/practica1_description' for CMake config files
[2.245s] Level 1:colcon.colcon_core.shell:create_environment_hook('practica1_description', 'cmake_prefix_path')
[2.246s] INFO:colcon.colcon_core.shell:Creating environment hook '/home/robousr/ROS2Dev/robot_2025_ws/src/practica1_description/install/practica1_description/share/practica1_description/hook/cmake_prefix_path.ps1'
[2.249s] INFO:colcon.colcon_core.shell:Creating environment descriptor '/home/robousr/ROS2Dev/robot_2025_ws/src/practica1_description/install/practica1_description/share/practica1_description/hook/cmake_prefix_path.dsv'
[2.250s] INFO:colcon.colcon_core.shell:Creating environment hook '/home/robousr/ROS2Dev/robot_2025_ws/src/practica1_description/install/practica1_description/share/practica1_description/hook/cmake_prefix_path.sh'
[2.254s] Level 1:colcon.colcon_core.environment:checking '/home/robousr/ROS2Dev/robot_2025_ws/src/practica1_description/install/practica1_description/bin'
[2.254s] Level 1:colcon.colcon_core.environment:checking '/home/robousr/ROS2Dev/robot_2025_ws/src/practica1_description/install/practica1_description/lib/pkgconfig/practica1_description.pc'
[2.256s] Level 1:colcon.colcon_core.environment:checking '/home/robousr/ROS2Dev/robot_2025_ws/src/practica1_description/install/practica1_description/lib/python3.10/site-packages'
[2.257s] Level 1:colcon.colcon_core.environment:checking '/home/robousr/ROS2Dev/robot_2025_ws/src/practica1_description/install/practica1_description/bin'
[2.259s] INFO:colcon.colcon_core.shell:Creating package script '/home/robousr/ROS2Dev/robot_2025_ws/src/practica1_description/install/practica1_description/share/practica1_description/package.ps1'
[2.263s] INFO:colcon.colcon_core.shell:Creating package descriptor '/home/robousr/ROS2Dev/robot_2025_ws/src/practica1_description/install/practica1_description/share/practica1_description/package.dsv'
[2.265s] INFO:colcon.colcon_core.shell:Creating package script '/home/robousr/ROS2Dev/robot_2025_ws/src/practica1_description/install/practica1_description/share/practica1_description/package.sh'
[2.269s] INFO:colcon.colcon_core.shell:Creating package script '/home/robousr/ROS2Dev/robot_2025_ws/src/practica1_description/install/practica1_description/share/practica1_description/package.bash'
[2.272s] INFO:colcon.colcon_core.shell:Creating package script '/home/robousr/ROS2Dev/robot_2025_ws/src/practica1_description/install/practica1_description/share/practica1_description/package.zsh'
[2.277s] Level 1:colcon.colcon_core.environment:create_file_with_runtime_dependencies(/home/robousr/ROS2Dev/robot_2025_ws/src/practica1_description/install/practica1_description/share/colcon-core/packages/practica1_description)
[2.385s] Level 1:colcon.colcon_core.environment:create_environment_scripts_only(practica1_description)
[2.386s] Level 1:colcon.colcon_core.environment:checking '/home/robousr/ROS2Dev/robot_2025_ws/src/practica1_description/install/practica1_description' for CMake module files
[2.387s] Level 1:colcon.colcon_core.environment:checking '/home/robousr/ROS2Dev/robot_2025_ws/src/practica1_description/install/practica1_description' for CMake config files
[2.388s] Level 1:colcon.colcon_core.shell:create_environment_hook('practica1_description', 'cmake_prefix_path')
[2.389s] INFO:colcon.colcon_core.shell:Creating environment hook '/home/robousr/ROS2Dev/robot_2025_ws/src/practica1_description/install/practica1_description/share/practica1_description/hook/cmake_prefix_path.ps1'
[2.392s] INFO:colcon.colcon_core.shell:Creating environment descriptor '/home/robousr/ROS2Dev/robot_2025_ws/src/practica1_description/install/practica1_description/share/practica1_description/hook/cmake_prefix_path.dsv'
[2.394s] INFO:colcon.colcon_core.shell:Creating environment hook '/home/robousr/ROS2Dev/robot_2025_ws/src/practica1_description/install/practica1_description/share/practica1_description/hook/cmake_prefix_path.sh'
[2.396s] Level 1:colcon.colcon_core.environment:checking '/home/robousr/ROS2Dev/robot_2025_ws/src/practica1_description/install/practica1_description/bin'
[2.396s] Level 1:colcon.colcon_core.environment:checking '/home/robousr/ROS2Dev/robot_2025_ws/src/practica1_description/install/practica1_description/lib/pkgconfig/practica1_description.pc'
[2.397s] Level 1:colcon.colcon_core.environment:checking '/home/robousr/ROS2Dev/robot_2025_ws/src/practica1_description/install/practica1_description/lib/python3.10/site-packages'
[2.398s] Level 1:colcon.colcon_core.environment:checking '/home/robousr/ROS2Dev/robot_2025_ws/src/practica1_description/install/practica1_description/bin'
[2.399s] INFO:colcon.colcon_core.shell:Creating package script '/home/robousr/ROS2Dev/robot_2025_ws/src/practica1_description/install/practica1_description/share/practica1_description/package.ps1'
[2.400s] INFO:colcon.colcon_core.shell:Creating package descriptor '/home/robousr/ROS2Dev/robot_2025_ws/src/practica1_description/install/practica1_description/share/practica1_description/package.dsv'
[2.402s] INFO:colcon.colcon_core.shell:Creating package script '/home/robousr/ROS2Dev/robot_2025_ws/src/practica1_description/install/practica1_description/share/practica1_description/package.sh'
[2.404s] INFO:colcon.colcon_core.shell:Creating package script '/home/robousr/ROS2Dev/robot_2025_ws/src/practica1_description/install/practica1_description/share/practica1_description/package.bash'
[2.405s] INFO:colcon.colcon_core.shell:Creating package script '/home/robousr/ROS2Dev/robot_2025_ws/src/practica1_description/install/practica1_description/share/practica1_description/package.zsh'
[2.406s] Level 1:colcon.colcon_core.environment:create_file_with_runtime_dependencies(/home/robousr/ROS2Dev/robot_2025_ws/src/practica1_description/install/practica1_description/share/colcon-core/packages/practica1_description)
[2.407s] DEBUG:colcon.colcon_parallel_executor.executor.parallel:closing loop
[2.409s] DEBUG:colcon.colcon_parallel_executor.executor.parallel:loop closed
[2.409s] DEBUG:colcon.colcon_parallel_executor.executor.parallel:run_until_complete finished with '0'
[2.409s] DEBUG:colcon.colcon_core.event_reactor:joining thread
[2.445s] INFO:colcon.colcon_core.plugin_system:Skipping extension 'colcon_notification.desktop_notification.terminal_notifier': Not used on non-Darwin systems
[2.446s] INFO:colcon.colcon_core.plugin_system:Skipping extension 'colcon_notification.desktop_notification.win32': Not used on non-Windows systems
[2.446s] INFO:colcon.colcon_notification.desktop_notification:Sending desktop notification using 'notify2'
[2.488s] DEBUG:colcon.colcon_core.event_reactor:joined thread
[2.489s] INFO:colcon.colcon_core.shell:Creating prefix script '/home/robousr/ROS2Dev/robot_2025_ws/src/practica1_description/install/local_setup.ps1'
[2.493s] INFO:colcon.colcon_core.shell:Creating prefix util module '/home/robousr/ROS2Dev/robot_2025_ws/src/practica1_description/install/_local_setup_util_ps1.py'
[2.502s] INFO:colcon.colcon_core.shell:Creating prefix chain script '/home/robousr/ROS2Dev/robot_2025_ws/src/practica1_description/install/setup.ps1'
[2.507s] INFO:colcon.colcon_core.shell:Creating prefix script '/home/robousr/ROS2Dev/robot_2025_ws/src/practica1_description/install/local_setup.sh'
[2.510s] INFO:colcon.colcon_core.shell:Creating prefix util module '/home/robousr/ROS2Dev/robot_2025_ws/src/practica1_description/install/_local_setup_util_sh.py'
[2.514s] INFO:colcon.colcon_core.shell:Creating prefix chain script '/home/robousr/ROS2Dev/robot_2025_ws/src/practica1_description/install/setup.sh'
[2.518s] INFO:colcon.colcon_core.shell:Creating prefix script '/home/robousr/ROS2Dev/robot_2025_ws/src/practica1_description/install/local_setup.bash'
[2.521s] INFO:colcon.colcon_core.shell:Creating prefix chain script '/home/robousr/ROS2Dev/robot_2025_ws/src/practica1_description/install/setup.bash'
[2.525s] INFO:colcon.colcon_core.shell:Creating prefix script '/home/robousr/ROS2Dev/robot_2025_ws/src/practica1_description/install/local_setup.zsh'
[2.528s] INFO:colcon.colcon_core.shell:Creating prefix chain script '/home/robousr/ROS2Dev/robot_2025_ws/src/practica1_description/install/setup.zsh'
