[0.182s] Invoking command in '/home/robousr/ROS2Dev/robot_2025_ws/src/build/examen_scorbot_description': CMAKE_PREFIX_PATH=${CMAKE_PREFIX_PATH}:/opt/ros/humble /usr/bin/cmake --build /home/robousr/ROS2Dev/robot_2025_ws/src/build/examen_scorbot_description -- -j2 -l2
[0.745s] Invoked command in '/home/robousr/ROS2Dev/robot_2025_ws/src/build/examen_scorbot_description' returned '0': CMAKE_PREFIX_PATH=${CMAKE_PREFIX_PATH}:/opt/ros/humble /usr/bin/cmake --build /home/robousr/ROS2Dev/robot_2025_ws/src/build/examen_scorbot_description -- -j2 -l2
[1.236s] Invoking command in '/home/robousr/ROS2Dev/robot_2025_ws/src/build/examen_scorbot_description': CMAKE_PREFIX_PATH=${CMAKE_PREFIX_PATH}:/opt/ros/humble /usr/bin/cmake --install /home/robousr/ROS2Dev/robot_2025_ws/src/build/examen_scorbot_description
[1.386s] -- Install configuration: ""
[1.390s] -- Up-to-date: /home/robousr/ROS2Dev/robot_2025_ws/src/install/examen_scorbot_description/share/examen_scorbot_description//urdf
[1.402s] -- Installing: /home/robousr/ROS2Dev/robot_2025_ws/src/install/examen_scorbot_description/share/examen_scorbot_description//urdf/scorbot_gz_propierties.xacro
[1.402s] -- Up-to-date: /home/robousr/ROS2Dev/robot_2025_ws/src/install/examen_scorbot_description/share/examen_scorbot_description//urdf/examen_scorbot_urdf.xacro
[1.406s] -- Up-to-date: /home/robousr/ROS2Dev/robot_2025_ws/src/install/examen_scorbot_description/share/examen_scorbot_description//urdf/trajectory_controller.xacro
[1.414s] -- Up-to-date: /home/robousr/ROS2Dev/robot_2025_ws/src/install/examen_scorbot_description/share/examen_scorbot_description//urdf/position_controller.xacro
[1.421s] -- Up-to-date: /home/robousr/ROS2Dev/robot_2025_ws/src/install/examen_scorbot_description/share/examen_scorbot_description//urdf/scorbot_position_controller.xacro
[1.421s] -- Up-to-date: /home/robousr/ROS2Dev/robot_2025_ws/src/install/examen_scorbot_description/share/examen_scorbot_description//urdf/scorbot_simple_controller.xacro
[1.425s] -- Up-to-date: /home/robousr/ROS2Dev/robot_2025_ws/src/install/examen_scorbot_description/share/examen_scorbot_description//urdf/scorbot_basic_position_controller.xacro
[1.429s] -- Up-to-date: /home/robousr/ROS2Dev/robot_2025_ws/src/install/examen_scorbot_description/share/examen_scorbot_description//urdf/examen_scorbot.urdf
[1.431s] -- Up-to-date: /home/robousr/ROS2Dev/robot_2025_ws/src/install/examen_scorbot_description/share/examen_scorbot_description//urdf/scorbot_trajectory_controller.xacro
[1.432s] -- Up-to-date: /home/robousr/ROS2Dev/robot_2025_ws/src/install/examen_scorbot_description/share/examen_scorbot_description//launch
[1.437s] -- Up-to-date: /home/robousr/ROS2Dev/robot_2025_ws/src/install/examen_scorbot_description/share/examen_scorbot_description//launch/scorbot_display.launch.xml
[1.438s] -- Up-to-date: /home/robousr/ROS2Dev/robot_2025_ws/src/install/examen_scorbot_description/share/examen_scorbot_description//rviz
[1.444s] -- Up-to-date: /home/robousr/ROS2Dev/robot_2025_ws/src/install/examen_scorbot_description/share/examen_scorbot_description//config
[1.445s] -- Up-to-date: /home/robousr/ROS2Dev/robot_2025_ws/src/install/examen_scorbot_description/share/examen_scorbot_description//config/scorbot_position_controller.yaml
[1.446s] -- Up-to-date: /home/robousr/ROS2Dev/robot_2025_ws/src/install/examen_scorbot_description/share/examen_scorbot_description//config/scorbot_trajectory_controller.yaml
[1.447s] -- Up-to-date: /home/robousr/ROS2Dev/robot_2025_ws/src/install/examen_scorbot_description/share/examen_scorbot_description//meshes
[1.448s] -- Up-to-date: /home/robousr/ROS2Dev/robot_2025_ws/src/install/examen_scorbot_description/share/examen_scorbot_description//meshes/Link_4.STL
[1.448s] -- Up-to-date: /home/robousr/ROS2Dev/robot_2025_ws/src/install/examen_scorbot_description/share/examen_scorbot_description//meshes/Link_2.STL
[1.450s] -- Up-to-date: /home/robousr/ROS2Dev/robot_2025_ws/src/install/examen_scorbot_description/share/examen_scorbot_description//meshes/Link_1.STL
[1.450s] -- Up-to-date: /home/robousr/ROS2Dev/robot_2025_ws/src/install/examen_scorbot_description/share/examen_scorbot_description//meshes/Link_3.STL
[1.452s] -- Up-to-date: /home/robousr/ROS2Dev/robot_2025_ws/src/install/examen_scorbot_description/share/examen_scorbot_description//meshes/base_link.STL
[1.452s] -- Up-to-date: /home/robousr/ROS2Dev/robot_2025_ws/src/install/examen_scorbot_description/share/ament_index/resource_index/package_run_dependencies/examen_scorbot_description
[1.460s] -- Up-to-date: /home/robousr/ROS2Dev/robot_2025_ws/src/install/examen_scorbot_description/share/ament_index/resource_index/parent_prefix_path/examen_scorbot_description
[1.460s] -- Up-to-date: /home/robousr/ROS2Dev/robot_2025_ws/src/install/examen_scorbot_description/share/examen_scorbot_description/environment/ament_prefix_path.sh
[1.461s] -- Up-to-date: /home/robousr/ROS2Dev/robot_2025_ws/src/install/examen_scorbot_description/share/examen_scorbot_description/environment/ament_prefix_path.dsv
[1.465s] -- Up-to-date: /home/robousr/ROS2Dev/robot_2025_ws/src/install/examen_scorbot_description/share/examen_scorbot_description/environment/path.sh
[1.466s] -- Up-to-date: /home/robousr/ROS2Dev/robot_2025_ws/src/install/examen_scorbot_description/share/examen_scorbot_description/environment/path.dsv
[1.473s] -- Up-to-date: /home/robousr/ROS2Dev/robot_2025_ws/src/install/examen_scorbot_description/share/examen_scorbot_description/local_setup.bash
[1.481s] -- Up-to-date: /home/robousr/ROS2Dev/robot_2025_ws/src/install/examen_scorbot_description/share/examen_scorbot_description/local_setup.sh
[1.481s] -- Up-to-date: /home/robousr/ROS2Dev/robot_2025_ws/src/install/examen_scorbot_description/share/examen_scorbot_description/local_setup.zsh
[1.486s] -- Up-to-date: /home/robousr/ROS2Dev/robot_2025_ws/src/install/examen_scorbot_description/share/examen_scorbot_description/local_setup.dsv
[1.490s] -- Installing: /home/robousr/ROS2Dev/robot_2025_ws/src/install/examen_scorbot_description/share/examen_scorbot_description/package.dsv
[1.493s] -- Up-to-date: /home/robousr/ROS2Dev/robot_2025_ws/src/install/examen_scorbot_description/share/ament_index/resource_index/packages/examen_scorbot_description
[1.497s] -- Up-to-date: /home/robousr/ROS2Dev/robot_2025_ws/src/install/examen_scorbot_description/share/examen_scorbot_description/cmake/examen_scorbot_descriptionConfig.cmake
[1.501s] -- Up-to-date: /home/robousr/ROS2Dev/robot_2025_ws/src/install/examen_scorbot_description/share/examen_scorbot_description/cmake/examen_scorbot_descriptionConfig-version.cmake
[1.505s] -- Up-to-date: /home/robousr/ROS2Dev/robot_2025_ws/src/install/examen_scorbot_description/share/examen_scorbot_description/package.xml
[1.517s] Invoked command in '/home/robousr/ROS2Dev/robot_2025_ws/src/build/examen_scorbot_description' returned '0': CMAKE_PREFIX_PATH=${CMAKE_PREFIX_PATH}:/opt/ros/humble /usr/bin/cmake --install /home/robousr/ROS2Dev/robot_2025_ws/src/build/examen_scorbot_description
