[0.061s] Invoking command in '/home/robousr/ROS2Dev/robot_2025_ws/src/examen_description/build/examen_description': CMAKE_PREFIX_PATH=${CMAKE_PREFIX_PATH}:/opt/ros/humble /usr/bin/cmake --build /home/robousr/ROS2Dev/robot_2025_ws/src/examen_description/build/examen_description -- -j2 -l2
[0.321s] Invoked command in '/home/robousr/ROS2Dev/robot_2025_ws/src/examen_description/build/examen_description' returned '0': CMAKE_PREFIX_PATH=${CMAKE_PREFIX_PATH}:/opt/ros/humble /usr/bin/cmake --build /home/robousr/ROS2Dev/robot_2025_ws/src/examen_description/build/examen_description -- -j2 -l2
[0.430s] Invoking command in '/home/robousr/ROS2Dev/robot_2025_ws/src/examen_description/build/examen_description': CMAKE_PREFIX_PATH=${CMAKE_PREFIX_PATH}:/opt/ros/humble /usr/bin/cmake --install /home/robousr/ROS2Dev/robot_2025_ws/src/examen_description/build/examen_description
[0.461s] -- Install configuration: ""
[0.463s] -- Up-to-date: /home/robousr/ROS2Dev/robot_2025_ws/src/examen_description/install/examen_description/share/examen_description//urdf
[0.464s] -- Installing: /home/robousr/ROS2Dev/robot_2025_ws/src/examen_description/install/examen_description/share/examen_description//urdf/scara_gz:propierties.xacro
[0.464s] -- Installing: /home/robousr/ROS2Dev/robot_2025_ws/src/examen_description/install/examen_description/share/examen_description//urdf/scara_simple_controller.xacro
[0.465s] -- Installing: /home/robousr/ROS2Dev/robot_2025_ws/src/examen_description/install/examen_description/share/examen_description//urdf/scara_basic_position_controller.xacro
[0.470s] -- Up-to-date: /home/robousr/ROS2Dev/robot_2025_ws/src/examen_description/install/examen_description/share/examen_description//urdf/scara.urdf
[0.472s] -- Up-to-date: /home/robousr/ROS2Dev/robot_2025_ws/src/examen_description/install/examen_description/share/examen_description//launch
[0.473s] -- Up-to-date: /home/robousr/ROS2Dev/robot_2025_ws/src/examen_description/install/examen_description/share/examen_description//launch/scara_display.launch.xml
[0.473s] -- Up-to-date: /home/robousr/ROS2Dev/robot_2025_ws/src/examen_description/install/examen_description/share/examen_description//rviz
[0.476s] -- Up-to-date: /home/robousr/ROS2Dev/robot_2025_ws/src/examen_description/install/examen_description/share/ament_index/resource_index/package_run_dependencies/examen_description
[0.477s] -- Up-to-date: /home/robousr/ROS2Dev/robot_2025_ws/src/examen_description/install/examen_description/share/ament_index/resource_index/parent_prefix_path/examen_description
[0.477s] -- Up-to-date: /home/robousr/ROS2Dev/robot_2025_ws/src/examen_description/install/examen_description/share/examen_description/environment/ament_prefix_path.sh
[0.478s] -- Up-to-date: /home/robousr/ROS2Dev/robot_2025_ws/src/examen_description/install/examen_description/share/examen_description/environment/ament_prefix_path.dsv
[0.478s] -- Up-to-date: /home/robousr/ROS2Dev/robot_2025_ws/src/examen_description/install/examen_description/share/examen_description/environment/path.sh
[0.480s] -- Up-to-date: /home/robousr/ROS2Dev/robot_2025_ws/src/examen_description/install/examen_description/share/examen_description/environment/path.dsv
[0.481s] -- Up-to-date: /home/robousr/ROS2Dev/robot_2025_ws/src/examen_description/install/examen_description/share/examen_description/local_setup.bash
[0.482s] -- Up-to-date: /home/robousr/ROS2Dev/robot_2025_ws/src/examen_description/install/examen_description/share/examen_description/local_setup.sh
[0.482s] -- Up-to-date: /home/robousr/ROS2Dev/robot_2025_ws/src/examen_description/install/examen_description/share/examen_description/local_setup.zsh
[0.483s] -- Up-to-date: /home/robousr/ROS2Dev/robot_2025_ws/src/examen_description/install/examen_description/share/examen_description/local_setup.dsv
[0.483s] -- Up-to-date: /home/robousr/ROS2Dev/robot_2025_ws/src/examen_description/install/examen_description/share/examen_description/package.dsv
[0.485s] -- Up-to-date: /home/robousr/ROS2Dev/robot_2025_ws/src/examen_description/install/examen_description/share/ament_index/resource_index/packages/examen_description
[0.485s] -- Up-to-date: /home/robousr/ROS2Dev/robot_2025_ws/src/examen_description/install/examen_description/share/examen_description/cmake/examen_descriptionConfig.cmake
[0.485s] -- Up-to-date: /home/robousr/ROS2Dev/robot_2025_ws/src/examen_description/install/examen_description/share/examen_description/cmake/examen_descriptionConfig-version.cmake
[0.486s] -- Up-to-date: /home/robousr/ROS2Dev/robot_2025_ws/src/examen_description/install/examen_description/share/examen_description/package.xml
[0.493s] Invoked command in '/home/robousr/ROS2Dev/robot_2025_ws/src/examen_description/build/examen_description' returned '0': CMAKE_PREFIX_PATH=${CMAKE_PREFIX_PATH}:/opt/ros/humble /usr/bin/cmake --install /home/robousr/ROS2Dev/robot_2025_ws/src/examen_description/build/examen_description
