[0.029s] Invoking command in '/home/robousr/ROS2Dev/robot_2025_ws/src/build/exam_bringup': CMAKE_PREFIX_PATH=${CMAKE_PREFIX_PATH}:/opt/ros/humble /usr/bin/cmake --build /home/robousr/ROS2Dev/robot_2025_ws/src/build/exam_bringup -- -j2 -l2
[0.092s] Invoked command in '/home/robousr/ROS2Dev/robot_2025_ws/src/build/exam_bringup' returned '0': CMAKE_PREFIX_PATH=${CMAKE_PREFIX_PATH}:/opt/ros/humble /usr/bin/cmake --build /home/robousr/ROS2Dev/robot_2025_ws/src/build/exam_bringup -- -j2 -l2
[0.163s] Invoking command in '/home/robousr/ROS2Dev/robot_2025_ws/src/build/exam_bringup': CMAKE_PREFIX_PATH=${CMAKE_PREFIX_PATH}:/opt/ros/humble /usr/bin/cmake --install /home/robousr/ROS2Dev/robot_2025_ws/src/build/exam_bringup
[0.207s] -- Install configuration: ""
[0.207s] -- Up-to-date: /home/robousr/ROS2Dev/robot_2025_ws/src/install/exam_bringup/share/exam_bringup//launch
[0.207s] -- Up-to-date: /home/robousr/ROS2Dev/robot_2025_ws/src/install/exam_bringup/share/exam_bringup//launch/simple_position_controller.launch.py
[0.209s] -- Up-to-date: /home/robousr/ROS2Dev/robot_2025_ws/src/install/exam_bringup/share/exam_bringup//rviz
[0.210s] -- Up-to-date: /home/robousr/ROS2Dev/robot_2025_ws/src/install/exam_bringup/share/exam_bringup//world
[0.211s] -- Up-to-date: /home/robousr/ROS2Dev/robot_2025_ws/src/install/exam_bringup/share/ament_index/resource_index/package_run_dependencies/exam_bringup
[0.218s] -- Up-to-date: /home/robousr/ROS2Dev/robot_2025_ws/src/install/exam_bringup/share/ament_index/resource_index/parent_prefix_path/exam_bringup
[0.222s] -- Up-to-date: /home/robousr/ROS2Dev/robot_2025_ws/src/install/exam_bringup/share/exam_bringup/environment/ament_prefix_path.sh
[0.222s] -- Up-to-date: /home/robousr/ROS2Dev/robot_2025_ws/src/install/exam_bringup/share/exam_bringup/environment/ament_prefix_path.dsv
[0.222s] -- Up-to-date: /home/robousr/ROS2Dev/robot_2025_ws/src/install/exam_bringup/share/exam_bringup/environment/path.sh
[0.222s] -- Up-to-date: /home/robousr/ROS2Dev/robot_2025_ws/src/install/exam_bringup/share/exam_bringup/environment/path.dsv
[0.222s] -- Up-to-date: /home/robousr/ROS2Dev/robot_2025_ws/src/install/exam_bringup/share/exam_bringup/local_setup.bash
[0.222s] -- Up-to-date: /home/robousr/ROS2Dev/robot_2025_ws/src/install/exam_bringup/share/exam_bringup/local_setup.sh
[0.222s] -- Up-to-date: /home/robousr/ROS2Dev/robot_2025_ws/src/install/exam_bringup/share/exam_bringup/local_setup.zsh
[0.222s] -- Up-to-date: /home/robousr/ROS2Dev/robot_2025_ws/src/install/exam_bringup/share/exam_bringup/local_setup.dsv
[0.222s] -- Installing: /home/robousr/ROS2Dev/robot_2025_ws/src/install/exam_bringup/share/exam_bringup/package.dsv
[0.222s] -- Up-to-date: /home/robousr/ROS2Dev/robot_2025_ws/src/install/exam_bringup/share/ament_index/resource_index/packages/exam_bringup
[0.222s] -- Up-to-date: /home/robousr/ROS2Dev/robot_2025_ws/src/install/exam_bringup/share/exam_bringup/cmake/exam_bringupConfig.cmake
[0.222s] -- Up-to-date: /home/robousr/ROS2Dev/robot_2025_ws/src/install/exam_bringup/share/exam_bringup/cmake/exam_bringupConfig-version.cmake
[0.223s] -- Up-to-date: /home/robousr/ROS2Dev/robot_2025_ws/src/install/exam_bringup/share/exam_bringup/package.xml
[0.243s] Invoked command in '/home/robousr/ROS2Dev/robot_2025_ws/src/build/exam_bringup' returned '0': CMAKE_PREFIX_PATH=${CMAKE_PREFIX_PATH}:/opt/ros/humble /usr/bin/cmake --install /home/robousr/ROS2Dev/robot_2025_ws/src/build/exam_bringup
