[0.102s] Invoking command in '/home/robousr/ROS2Dev/robot_2025_ws/src/build/examen_bringup': CMAKE_PREFIX_PATH=${CMAKE_PREFIX_PATH}:/opt/ros/humble /usr/bin/cmake --build /home/robousr/ROS2Dev/robot_2025_ws/src/build/examen_bringup -- -j2 -l2
[0.498s] Built target ament_cmake_python_copy_examen_bringup
[2.225s] running egg_info
[2.230s] writing examen_bringup.egg-info/PKG-INFO
[2.231s] writing dependency_links to examen_bringup.egg-info/dependency_links.txt
[2.231s] writing top-level names to examen_bringup.egg-info/top_level.txt
[2.242s] reading manifest file 'examen_bringup.egg-info/SOURCES.txt'
[2.245s] writing manifest file 'examen_bringup.egg-info/SOURCES.txt'
[2.329s] Built target ament_cmake_python_build_examen_bringup_egg
[2.368s] Invoked command in '/home/robousr/ROS2Dev/robot_2025_ws/src/build/examen_bringup' returned '0': CMAKE_PREFIX_PATH=${CMAKE_PREFIX_PATH}:/opt/ros/humble /usr/bin/cmake --build /home/robousr/ROS2Dev/robot_2025_ws/src/build/examen_bringup -- -j2 -l2
[2.460s] Invoking command in '/home/robousr/ROS2Dev/robot_2025_ws/src/build/examen_bringup': CMAKE_PREFIX_PATH=${CMAKE_PREFIX_PATH}:/opt/ros/humble /usr/bin/cmake --install /home/robousr/ROS2Dev/robot_2025_ws/src/build/examen_bringup
[2.492s] -- Install configuration: ""
[2.493s] -- Up-to-date: /home/robousr/ROS2Dev/robot_2025_ws/src/install/examen_bringup/share/examen_bringup//launch
[2.495s] -- Up-to-date: /home/robousr/ROS2Dev/robot_2025_ws/src/install/examen_bringup/share/examen_bringup//launch/roberto_pos_controller_scara.launch.py
[2.496s] -- Up-to-date: /home/robousr/ROS2Dev/robot_2025_ws/src/install/examen_bringup/share/examen_bringup//launch/tes2_trayectory_controller_scara.launch.py
[2.497s] -- Up-to-date: /home/robousr/ROS2Dev/robot_2025_ws/src/install/examen_bringup/share/examen_bringup//launch/position_controller_scara.launch.py
[2.498s] -- Up-to-date: /home/robousr/ROS2Dev/robot_2025_ws/src/install/examen_bringup/share/examen_bringup//launch/test_trajectory_controller.launch.py
[2.499s] -- Up-to-date: /home/robousr/ROS2Dev/robot_2025_ws/src/install/examen_bringup/share/examen_bringup//launch/trajectory_controller_scara.launch.py
[2.500s] -- Up-to-date: /home/robousr/ROS2Dev/robot_2025_ws/src/install/examen_bringup/share/examen_bringup//launch/simple_controller_scara.launch.py
[2.501s] -- Up-to-date: /home/robousr/ROS2Dev/robot_2025_ws/src/install/examen_bringup/share/examen_bringup//rviz
[2.503s] -- Up-to-date: /home/robousr/ROS2Dev/robot_2025_ws/src/install/examen_bringup/share/examen_bringup//rviz/scara_trajectory_controller_rviz.rviz
[2.504s] -- Up-to-date: /home/robousr/ROS2Dev/robot_2025_ws/src/install/examen_bringup/share/examen_bringup//world
[2.506s] -- Up-to-date: /home/robousr/ROS2Dev/robot_2025_ws/src/install/examen_bringup/share/examen_bringup//world/test_2_world.world
[2.507s] -- Up-to-date: /home/robousr/ROS2Dev/robot_2025_ws/src/install/examen_bringup/share/examen_bringup//world/test_2_world
[2.509s] -- Up-to-date: /home/robousr/ROS2Dev/robot_2025_ws/src/install/examen_bringup/share/examen_bringup//world/test_2_world/roberto
[2.512s] -- Up-to-date: /home/robousr/ROS2Dev/robot_2025_ws/src/install/examen_bringup/share/examen_bringup//world/test_2_world/roberto/model.sdf
[2.512s] -- Up-to-date: /home/robousr/ROS2Dev/robot_2025_ws/src/install/examen_bringup/share/examen_bringup//world/test_2_world/roberto/model.config
[2.513s] -- Up-to-date: /home/robousr/ROS2Dev/robot_2025_ws/src/install/examen_bringup/share/examen_bringup//world/test_world
[2.516s] -- Up-to-date: /home/robousr/ROS2Dev/robot_2025_ws/src/install/examen_bringup/share/examen_bringup//world/test_world/model.sdf
[2.517s] -- Up-to-date: /home/robousr/ROS2Dev/robot_2025_ws/src/install/examen_bringup/share/examen_bringup//world/test_world/model.config
[2.517s] -- Up-to-date: /home/robousr/ROS2Dev/robot_2025_ws/src/install/examen_bringup/share/examen_bringup//world/test_w_1.world
[2.519s] -- Up-to-date: /home/robousr/ROS2Dev/robot_2025_ws/src/install/examen_bringup/share/examen_bringup//src
[2.520s] -- Up-to-date: /home/robousr/ROS2Dev/robot_2025_ws/src/install/examen_bringup/share/examen_bringup//src/multi_tray.py
[2.520s] -- Up-to-date: /home/robousr/ROS2Dev/robot_2025_ws/src/install/examen_bringup/share/examen_bringup//src/position_test.py
[2.523s] -- Up-to-date: /home/robousr/ROS2Dev/robot_2025_ws/src/install/examen_bringup/share/examen_bringup//src/trajectory_test.py
[2.523s] -- Up-to-date: /home/robousr/ROS2Dev/robot_2025_ws/src/install/examen_bringup/share/examen_bringup//src/tray_test.py
[2.524s] -- Up-to-date: /home/robousr/ROS2Dev/robot_2025_ws/src/install/examen_bringup/share/examen_bringup/environment/pythonpath.sh
[2.524s] -- Up-to-date: /home/robousr/ROS2Dev/robot_2025_ws/src/install/examen_bringup/share/examen_bringup/environment/pythonpath.dsv
[2.526s] -- Up-to-date: /home/robousr/ROS2Dev/robot_2025_ws/src/install/examen_bringup/local/lib/python3.10/dist-packages/examen_bringup-0.0.0-py3.10.egg-info
[2.529s] -- Installing: /home/robousr/ROS2Dev/robot_2025_ws/src/install/examen_bringup/local/lib/python3.10/dist-packages/examen_bringup-0.0.0-py3.10.egg-info/dependency_links.txt
[2.530s] -- Installing: /home/robousr/ROS2Dev/robot_2025_ws/src/install/examen_bringup/local/lib/python3.10/dist-packages/examen_bringup-0.0.0-py3.10.egg-info/PKG-INFO
[2.531s] -- Installing: /home/robousr/ROS2Dev/robot_2025_ws/src/install/examen_bringup/local/lib/python3.10/dist-packages/examen_bringup-0.0.0-py3.10.egg-info/top_level.txt
[2.531s] -- Installing: /home/robousr/ROS2Dev/robot_2025_ws/src/install/examen_bringup/local/lib/python3.10/dist-packages/examen_bringup-0.0.0-py3.10.egg-info/SOURCES.txt
[2.531s] -- Up-to-date: /home/robousr/ROS2Dev/robot_2025_ws/src/install/examen_bringup/local/lib/python3.10/dist-packages/examen_bringup
[2.532s] -- Up-to-date: /home/robousr/ROS2Dev/robot_2025_ws/src/install/examen_bringup/local/lib/python3.10/dist-packages/examen_bringup/__init__.py
[2.835s] Listing '/home/robousr/ROS2Dev/robot_2025_ws/src/install/examen_bringup/local/lib/python3.10/dist-packages/examen_bringup'...
[2.849s] -- Up-to-date: /home/robousr/ROS2Dev/robot_2025_ws/src/install/examen_bringup/lib/examen_bringup/trajectory_test.py
[2.851s] -- Up-to-date: /home/robousr/ROS2Dev/robot_2025_ws/src/install/examen_bringup/lib/examen_bringup/tray_test.py
[2.851s] -- Up-to-date: /home/robousr/ROS2Dev/robot_2025_ws/src/install/examen_bringup/lib/examen_bringup/multi_tray.py
[2.851s] -- Up-to-date: /home/robousr/ROS2Dev/robot_2025_ws/src/install/examen_bringup/share/ament_index/resource_index/package_run_dependencies/examen_bringup
[2.852s] -- Up-to-date: /home/robousr/ROS2Dev/robot_2025_ws/src/install/examen_bringup/share/ament_index/resource_index/parent_prefix_path/examen_bringup
[2.852s] -- Up-to-date: /home/robousr/ROS2Dev/robot_2025_ws/src/install/examen_bringup/share/examen_bringup/environment/ament_prefix_path.sh
[2.853s] -- Up-to-date: /home/robousr/ROS2Dev/robot_2025_ws/src/install/examen_bringup/share/examen_bringup/environment/ament_prefix_path.dsv
[2.854s] -- Up-to-date: /home/robousr/ROS2Dev/robot_2025_ws/src/install/examen_bringup/share/examen_bringup/environment/path.sh
[2.859s] -- Up-to-date: /home/robousr/ROS2Dev/robot_2025_ws/src/install/examen_bringup/share/examen_bringup/environment/path.dsv
[2.859s] -- Up-to-date: /home/robousr/ROS2Dev/robot_2025_ws/src/install/examen_bringup/share/examen_bringup/local_setup.bash
[2.860s] -- Up-to-date: /home/robousr/ROS2Dev/robot_2025_ws/src/install/examen_bringup/share/examen_bringup/local_setup.sh
[2.860s] -- Up-to-date: /home/robousr/ROS2Dev/robot_2025_ws/src/install/examen_bringup/share/examen_bringup/local_setup.zsh
[2.860s] -- Up-to-date: /home/robousr/ROS2Dev/robot_2025_ws/src/install/examen_bringup/share/examen_bringup/local_setup.dsv
[2.863s] -- Installing: /home/robousr/ROS2Dev/robot_2025_ws/src/install/examen_bringup/share/examen_bringup/package.dsv
[2.864s] -- Up-to-date: /home/robousr/ROS2Dev/robot_2025_ws/src/install/examen_bringup/share/ament_index/resource_index/packages/examen_bringup
[2.864s] -- Up-to-date: /home/robousr/ROS2Dev/robot_2025_ws/src/install/examen_bringup/share/examen_bringup/cmake/examen_bringupConfig.cmake
[2.864s] -- Up-to-date: /home/robousr/ROS2Dev/robot_2025_ws/src/install/examen_bringup/share/examen_bringup/cmake/examen_bringupConfig-version.cmake
[2.864s] -- Up-to-date: /home/robousr/ROS2Dev/robot_2025_ws/src/install/examen_bringup/share/examen_bringup/package.xml
[2.878s] Invoked command in '/home/robousr/ROS2Dev/robot_2025_ws/src/build/examen_bringup' returned '0': CMAKE_PREFIX_PATH=${CMAKE_PREFIX_PATH}:/opt/ros/humble /usr/bin/cmake --install /home/robousr/ROS2Dev/robot_2025_ws/src/build/examen_bringup
