[0.056s] Invoking command in '/home/robousr/ROS2Dev/robot_2025_ws/src/build/examen_scorbot_bringup': CMAKE_PREFIX_PATH=${CMAKE_PREFIX_PATH}:/opt/ros/humble /usr/bin/cmake --build /home/robousr/ROS2Dev/robot_2025_ws/src/build/examen_scorbot_bringup -- -j2 -l2
[0.316s] Built target ament_cmake_python_copy_examen_scorbot_bringup
[2.064s] running egg_info
[2.070s] writing examen_scorbot_bringup.egg-info/PKG-INFO
[2.070s] writing dependency_links to examen_scorbot_bringup.egg-info/dependency_links.txt
[2.073s] writing top-level names to examen_scorbot_bringup.egg-info/top_level.txt
[2.088s] reading manifest file 'examen_scorbot_bringup.egg-info/SOURCES.txt'
[2.091s] writing manifest file 'examen_scorbot_bringup.egg-info/SOURCES.txt'
[2.216s] Built target ament_cmake_python_build_examen_scorbot_bringup_egg
[2.275s] Invoked command in '/home/robousr/ROS2Dev/robot_2025_ws/src/build/examen_scorbot_bringup' returned '0': CMAKE_PREFIX_PATH=${CMAKE_PREFIX_PATH}:/opt/ros/humble /usr/bin/cmake --build /home/robousr/ROS2Dev/robot_2025_ws/src/build/examen_scorbot_bringup -- -j2 -l2
[2.437s] Invoking command in '/home/robousr/ROS2Dev/robot_2025_ws/src/build/examen_scorbot_bringup': CMAKE_PREFIX_PATH=${CMAKE_PREFIX_PATH}:/opt/ros/humble /usr/bin/cmake --install /home/robousr/ROS2Dev/robot_2025_ws/src/build/examen_scorbot_bringup
[2.487s] -- Install configuration: ""
[2.487s] -- Up-to-date: /home/robousr/ROS2Dev/robot_2025_ws/src/install/examen_scorbot_bringup/share/examen_scorbot_bringup//launch
[2.490s] -- Up-to-date: /home/robousr/ROS2Dev/robot_2025_ws/src/install/examen_scorbot_bringup/share/examen_scorbot_bringup//launch/simple_position_controller.launch.py
[2.493s] -- Up-to-date: /home/robousr/ROS2Dev/robot_2025_ws/src/install/examen_scorbot_bringup/share/examen_scorbot_bringup//launch/trajectory_controller_scorbot.py
[2.493s] -- Up-to-date: /home/robousr/ROS2Dev/robot_2025_ws/src/install/examen_scorbot_bringup/share/examen_scorbot_bringup//rviz
[2.494s] -- Up-to-date: /home/robousr/ROS2Dev/robot_2025_ws/src/install/examen_scorbot_bringup/share/examen_scorbot_bringup//world
[2.497s] -- Up-to-date: /home/robousr/ROS2Dev/robot_2025_ws/src/install/examen_scorbot_bringup/share/examen_scorbot_bringup//src
[2.498s] -- Up-to-date: /home/robousr/ROS2Dev/robot_2025_ws/src/install/examen_scorbot_bringup/share/examen_scorbot_bringup//src/position_test.py
[2.498s] -- Up-to-date: /home/robousr/ROS2Dev/robot_2025_ws/src/install/examen_scorbot_bringup/share/examen_scorbot_bringup//src/trajectory_test.py
[2.498s] -- Up-to-date: /home/robousr/ROS2Dev/robot_2025_ws/src/install/examen_scorbot_bringup/share/examen_scorbot_bringup/environment/pythonpath.sh
[2.498s] -- Up-to-date: /home/robousr/ROS2Dev/robot_2025_ws/src/install/examen_scorbot_bringup/share/examen_scorbot_bringup/environment/pythonpath.dsv
[2.499s] -- Up-to-date: /home/robousr/ROS2Dev/robot_2025_ws/src/install/examen_scorbot_bringup/local/lib/python3.10/dist-packages/examen_scorbot_bringup-0.0.0-py3.10.egg-info
[2.499s] -- Installing: /home/robousr/ROS2Dev/robot_2025_ws/src/install/examen_scorbot_bringup/local/lib/python3.10/dist-packages/examen_scorbot_bringup-0.0.0-py3.10.egg-info/dependency_links.txt
[2.502s] -- Installing: /home/robousr/ROS2Dev/robot_2025_ws/src/install/examen_scorbot_bringup/local/lib/python3.10/dist-packages/examen_scorbot_bringup-0.0.0-py3.10.egg-info/PKG-INFO
[2.506s] -- Installing: /home/robousr/ROS2Dev/robot_2025_ws/src/install/examen_scorbot_bringup/local/lib/python3.10/dist-packages/examen_scorbot_bringup-0.0.0-py3.10.egg-info/top_level.txt
[2.509s] -- Installing: /home/robousr/ROS2Dev/robot_2025_ws/src/install/examen_scorbot_bringup/local/lib/python3.10/dist-packages/examen_scorbot_bringup-0.0.0-py3.10.egg-info/SOURCES.txt
[2.509s] -- Up-to-date: /home/robousr/ROS2Dev/robot_2025_ws/src/install/examen_scorbot_bringup/local/lib/python3.10/dist-packages/examen_scorbot_bringup
[2.513s] -- Up-to-date: /home/robousr/ROS2Dev/robot_2025_ws/src/install/examen_scorbot_bringup/local/lib/python3.10/dist-packages/examen_scorbot_bringup/__init__.py
[3.007s] Listing '/home/robousr/ROS2Dev/robot_2025_ws/src/install/examen_scorbot_bringup/local/lib/python3.10/dist-packages/examen_scorbot_bringup'...
[3.030s] -- Up-to-date: /home/robousr/ROS2Dev/robot_2025_ws/src/install/examen_scorbot_bringup/lib/examen_scorbot_bringup/position_test.py
[3.037s] -- Up-to-date: /home/robousr/ROS2Dev/robot_2025_ws/src/install/examen_scorbot_bringup/lib/examen_scorbot_bringup/trajectory_test.py
[3.037s] -- Up-to-date: /home/robousr/ROS2Dev/robot_2025_ws/src/install/examen_scorbot_bringup/share/ament_index/resource_index/package_run_dependencies/examen_scorbot_bringup
[3.038s] -- Up-to-date: /home/robousr/ROS2Dev/robot_2025_ws/src/install/examen_scorbot_bringup/share/ament_index/resource_index/parent_prefix_path/examen_scorbot_bringup
[3.038s] -- Up-to-date: /home/robousr/ROS2Dev/robot_2025_ws/src/install/examen_scorbot_bringup/share/examen_scorbot_bringup/environment/ament_prefix_path.sh
[3.038s] -- Up-to-date: /home/robousr/ROS2Dev/robot_2025_ws/src/install/examen_scorbot_bringup/share/examen_scorbot_bringup/environment/ament_prefix_path.dsv
[3.041s] -- Up-to-date: /home/robousr/ROS2Dev/robot_2025_ws/src/install/examen_scorbot_bringup/share/examen_scorbot_bringup/environment/path.sh
[3.041s] -- Up-to-date: /home/robousr/ROS2Dev/robot_2025_ws/src/install/examen_scorbot_bringup/share/examen_scorbot_bringup/environment/path.dsv
[3.046s] -- Up-to-date: /home/robousr/ROS2Dev/robot_2025_ws/src/install/examen_scorbot_bringup/share/examen_scorbot_bringup/local_setup.bash
[3.047s] -- Up-to-date: /home/robousr/ROS2Dev/robot_2025_ws/src/install/examen_scorbot_bringup/share/examen_scorbot_bringup/local_setup.sh
[3.047s] -- Up-to-date: /home/robousr/ROS2Dev/robot_2025_ws/src/install/examen_scorbot_bringup/share/examen_scorbot_bringup/local_setup.zsh
[3.048s] -- Up-to-date: /home/robousr/ROS2Dev/robot_2025_ws/src/install/examen_scorbot_bringup/share/examen_scorbot_bringup/local_setup.dsv
[3.048s] -- Installing: /home/robousr/ROS2Dev/robot_2025_ws/src/install/examen_scorbot_bringup/share/examen_scorbot_bringup/package.dsv
[3.052s] -- Up-to-date: /home/robousr/ROS2Dev/robot_2025_ws/src/install/examen_scorbot_bringup/share/ament_index/resource_index/packages/examen_scorbot_bringup
[3.052s] -- Up-to-date: /home/robousr/ROS2Dev/robot_2025_ws/src/install/examen_scorbot_bringup/share/examen_scorbot_bringup/cmake/examen_scorbot_bringupConfig.cmake
[3.053s] -- Up-to-date: /home/robousr/ROS2Dev/robot_2025_ws/src/install/examen_scorbot_bringup/share/examen_scorbot_bringup/cmake/examen_scorbot_bringupConfig-version.cmake
[3.053s] -- Up-to-date: /home/robousr/ROS2Dev/robot_2025_ws/src/install/examen_scorbot_bringup/share/examen_scorbot_bringup/package.xml
[3.059s] Invoked command in '/home/robousr/ROS2Dev/robot_2025_ws/src/build/examen_scorbot_bringup' returned '0': CMAKE_PREFIX_PATH=${CMAKE_PREFIX_PATH}:/opt/ros/humble /usr/bin/cmake --install /home/robousr/ROS2Dev/robot_2025_ws/src/build/examen_scorbot_bringup
