[0.195s] Invoking command in '/home/robousr/ROS2Dev/robot_2025_ws/src/build/scorbot_description': CMAKE_PREFIX_PATH=${CMAKE_PREFIX_PATH}:/opt/ros/humble /usr/bin/cmake --build /home/robousr/ROS2Dev/robot_2025_ws/src/build/scorbot_description -- -j2 -l2
[0.630s] Invoked command in '/home/robousr/ROS2Dev/robot_2025_ws/src/build/scorbot_description' returned '0': CMAKE_PREFIX_PATH=${CMAKE_PREFIX_PATH}:/opt/ros/humble /usr/bin/cmake --build /home/robousr/ROS2Dev/robot_2025_ws/src/build/scorbot_description -- -j2 -l2
[0.986s] Invoking command in '/home/robousr/ROS2Dev/robot_2025_ws/src/build/scorbot_description': CMAKE_PREFIX_PATH=${CMAKE_PREFIX_PATH}:/opt/ros/humble /usr/bin/cmake --install /home/robousr/ROS2Dev/robot_2025_ws/src/build/scorbot_description
[1.093s] -- Install configuration: ""
[1.106s] -- Up-to-date: /home/robousr/ROS2Dev/robot_2025_ws/src/install/scorbot_description/share/scorbot_description//urdf
[1.106s] -- Up-to-date: /home/robousr/ROS2Dev/robot_2025_ws/src/install/scorbot_description/share/scorbot_description//urdf/scorbot.urdf
[1.110s] -- Up-to-date: /home/robousr/ROS2Dev/robot_2025_ws/src/install/scorbot_description/share/scorbot_description//launch
[1.115s] -- Up-to-date: /home/robousr/ROS2Dev/robot_2025_ws/src/install/scorbot_description/share/scorbot_description//launch/display.launch.py
[1.120s] -- Up-to-date: /home/robousr/ROS2Dev/robot_2025_ws/src/install/scorbot_description/share/scorbot_description//launch/display.launch.xml
[1.126s] -- Up-to-date: /home/robousr/ROS2Dev/robot_2025_ws/src/install/scorbot_description/share/scorbot_description//rviz
[1.139s] -- Up-to-date: /home/robousr/ROS2Dev/robot_2025_ws/src/install/scorbot_description/share/scorbot_description//config
[1.143s] -- Up-to-date: /home/robousr/ROS2Dev/robot_2025_ws/src/install/scorbot_description/share/scorbot_description//config/scorbot_display.rviz
[1.144s] -- Up-to-date: /home/robousr/ROS2Dev/robot_2025_ws/src/install/scorbot_description/share/scorbot_description//meshes
[1.160s] -- Up-to-date: /home/robousr/ROS2Dev/robot_2025_ws/src/install/scorbot_description/share/scorbot_description//meshes/Link_4.STL
[1.160s] -- Up-to-date: /home/robousr/ROS2Dev/robot_2025_ws/src/install/scorbot_description/share/scorbot_description//meshes/Link_2.STL
[1.161s] -- Up-to-date: /home/robousr/ROS2Dev/robot_2025_ws/src/install/scorbot_description/share/scorbot_description//meshes/Link_1.STL
[1.166s] -- Up-to-date: /home/robousr/ROS2Dev/robot_2025_ws/src/install/scorbot_description/share/scorbot_description//meshes/Link_5.STL
[1.166s] -- Up-to-date: /home/robousr/ROS2Dev/robot_2025_ws/src/install/scorbot_description/share/scorbot_description//meshes/Link_3.STL
[1.171s] -- Up-to-date: /home/robousr/ROS2Dev/robot_2025_ws/src/install/scorbot_description/share/scorbot_description//meshes/base_link.STL
[1.174s] -- Up-to-date: /home/robousr/ROS2Dev/robot_2025_ws/src/install/scorbot_description/share/ament_index/resource_index/package_run_dependencies/scorbot_description
[1.174s] -- Up-to-date: /home/robousr/ROS2Dev/robot_2025_ws/src/install/scorbot_description/share/ament_index/resource_index/parent_prefix_path/scorbot_description
[1.175s] -- Up-to-date: /home/robousr/ROS2Dev/robot_2025_ws/src/install/scorbot_description/share/scorbot_description/environment/ament_prefix_path.sh
[1.182s] -- Up-to-date: /home/robousr/ROS2Dev/robot_2025_ws/src/install/scorbot_description/share/scorbot_description/environment/ament_prefix_path.dsv
[1.183s] -- Up-to-date: /home/robousr/ROS2Dev/robot_2025_ws/src/install/scorbot_description/share/scorbot_description/environment/path.sh
[1.187s] -- Up-to-date: /home/robousr/ROS2Dev/robot_2025_ws/src/install/scorbot_description/share/scorbot_description/environment/path.dsv
[1.187s] -- Up-to-date: /home/robousr/ROS2Dev/robot_2025_ws/src/install/scorbot_description/share/scorbot_description/local_setup.bash
[1.188s] -- Up-to-date: /home/robousr/ROS2Dev/robot_2025_ws/src/install/scorbot_description/share/scorbot_description/local_setup.sh
[1.188s] -- Up-to-date: /home/robousr/ROS2Dev/robot_2025_ws/src/install/scorbot_description/share/scorbot_description/local_setup.zsh
[1.188s] -- Up-to-date: /home/robousr/ROS2Dev/robot_2025_ws/src/install/scorbot_description/share/scorbot_description/local_setup.dsv
[1.205s] -- Installing: /home/robousr/ROS2Dev/robot_2025_ws/src/install/scorbot_description/share/scorbot_description/package.dsv
[1.206s] -- Up-to-date: /home/robousr/ROS2Dev/robot_2025_ws/src/install/scorbot_description/share/ament_index/resource_index/packages/scorbot_description
[1.206s] -- Up-to-date: /home/robousr/ROS2Dev/robot_2025_ws/src/install/scorbot_description/share/scorbot_description/cmake/scorbot_descriptionConfig.cmake
[1.211s] -- Up-to-date: /home/robousr/ROS2Dev/robot_2025_ws/src/install/scorbot_description/share/scorbot_description/cmake/scorbot_descriptionConfig-version.cmake
[1.221s] -- Up-to-date: /home/robousr/ROS2Dev/robot_2025_ws/src/install/scorbot_description/share/scorbot_description/package.xml
[1.226s] Invoked command in '/home/robousr/ROS2Dev/robot_2025_ws/src/build/scorbot_description' returned '0': CMAKE_PREFIX_PATH=${CMAKE_PREFIX_PATH}:/opt/ros/humble /usr/bin/cmake --install /home/robousr/ROS2Dev/robot_2025_ws/src/build/scorbot_description
