[0.108s] DEBUG:colcon:Command line arguments: ['/usr/bin/colcon', 'build']
[0.108s] DEBUG:colcon:Parsed command line arguments: Namespace(log_base=None, log_level=None, verb_name='build', build_base='build', install_base='install', merge_install=False, symlink_install=False, test_result_base=None, continue_on_error=False, executor='parallel', parallel_workers=2, event_handlers=None, ignore_user_meta=False, metas=['./colcon.meta'], base_paths=['.'], packages_ignore=None, packages_ignore_regex=None, paths=None, packages_up_to=None, packages_up_to_regex=None, packages_above=None, packages_above_and_dependencies=None, packages_above_depth=None, packages_select_by_dep=None, packages_skip_by_dep=None, packages_skip_up_to=None, packages_select_build_failed=False, packages_skip_build_finished=False, packages_select_test_failures=False, packages_skip_test_passed=False, packages_select=None, packages_skip=None, packages_select_regex=None, packages_skip_regex=None, packages_start=None, packages_end=None, allow_overriding=[], cmake_args=None, cmake_target=None, cmake_target_skip_unavailable=False, cmake_clean_cache=False, cmake_clean_first=False, cmake_force_configure=False, ament_cmake_args=None, catkin_cmake_args=None, catkin_skip_building_tests=False, mixin_files=None, mixin=None, verb_parser=<colcon_mixin.mixin.mixin_argument.MixinArgumentDecorator object at 0x727257833dc0>, verb_extension=<colcon_core.verb.build.BuildVerb object at 0x727257833640>, main=<bound method BuildVerb.main of <colcon_core.verb.build.BuildVerb object at 0x727257833640>>, mixin_verb=('build',))
[0.294s] Level 1:colcon.colcon_core.package_discovery:discover_packages(colcon_meta) check parameters
[0.294s] Level 1:colcon.colcon_core.package_discovery:discover_packages(recursive) check parameters
[0.294s] Level 1:colcon.colcon_core.package_discovery:discover_packages(ignore) check parameters
[0.294s] Level 1:colcon.colcon_core.package_discovery:discover_packages(path) check parameters
[0.294s] Level 1:colcon.colcon_core.package_discovery:discover_packages(colcon_meta) discover
[0.295s] Level 1:colcon.colcon_core.package_discovery:discover_packages(recursive) discover
[0.295s] INFO:colcon.colcon_core.package_discovery:Crawling recursively for packages in '/home/robousr/ROS2Dev/robot_2025_ws/src'
[0.295s] Level 1:colcon.colcon_core.package_identification:_identify(.) by extensions ['ignore', 'ignore_ament_install']
[0.295s] Level 1:colcon.colcon_core.package_identification:_identify(.) by extension 'ignore'
[0.295s] Level 1:colcon.colcon_core.package_identification:_identify(.) by extension 'ignore_ament_install'
[0.295s] Level 1:colcon.colcon_core.package_identification:_identify(.) by extensions ['colcon_pkg']
[0.295s] Level 1:colcon.colcon_core.package_identification:_identify(.) by extension 'colcon_pkg'
[0.295s] Level 1:colcon.colcon_core.package_identification:_identify(.) by extensions ['colcon_meta']
[0.295s] Level 1:colcon.colcon_core.package_identification:_identify(.) by extension 'colcon_meta'
[0.295s] Level 1:colcon.colcon_core.package_identification:_identify(.) by extensions ['ros']
[0.295s] Level 1:colcon.colcon_core.package_identification:_identify(.) by extension 'ros'
[0.306s] Level 1:colcon.colcon_core.package_identification:_identify(.) by extensions ['cmake', 'python']
[0.306s] Level 1:colcon.colcon_core.package_identification:_identify(.) by extension 'cmake'
[0.306s] Level 1:colcon.colcon_core.package_identification:_identify(.) by extension 'python'
[0.306s] Level 1:colcon.colcon_core.package_identification:_identify(.) by extensions ['python_setup_py']
[0.306s] Level 1:colcon.colcon_core.package_identification:_identify(.) by extension 'python_setup_py'
[0.306s] Level 1:colcon.colcon_core.package_identification:_identify(Materiales) by extensions ['ignore', 'ignore_ament_install']
[0.306s] Level 1:colcon.colcon_core.package_identification:_identify(Materiales) by extension 'ignore'
[0.306s] Level 1:colcon.colcon_core.package_identification:_identify(Materiales) by extension 'ignore_ament_install'
[0.306s] Level 1:colcon.colcon_core.package_identification:_identify(Materiales) by extensions ['colcon_pkg']
[0.306s] Level 1:colcon.colcon_core.package_identification:_identify(Materiales) by extension 'colcon_pkg'
[0.306s] Level 1:colcon.colcon_core.package_identification:_identify(Materiales) by extensions ['colcon_meta']
[0.306s] Level 1:colcon.colcon_core.package_identification:_identify(Materiales) by extension 'colcon_meta'
[0.306s] Level 1:colcon.colcon_core.package_identification:_identify(Materiales) by extensions ['ros']
[0.306s] Level 1:colcon.colcon_core.package_identification:_identify(Materiales) by extension 'ros'
[0.306s] Level 1:colcon.colcon_core.package_identification:_identify(Materiales) by extensions ['cmake', 'python']
[0.306s] Level 1:colcon.colcon_core.package_identification:_identify(Materiales) by extension 'cmake'
[0.306s] Level 1:colcon.colcon_core.package_identification:_identify(Materiales) by extension 'python'
[0.307s] Level 1:colcon.colcon_core.package_identification:_identify(Materiales) by extensions ['python_setup_py']
[0.307s] Level 1:colcon.colcon_core.package_identification:_identify(Materiales) by extension 'python_setup_py'
[0.307s] Level 1:colcon.colcon_core.package_identification:_identify(Materiales/imagenes) by extensions ['ignore', 'ignore_ament_install']
[0.307s] Level 1:colcon.colcon_core.package_identification:_identify(Materiales/imagenes) by extension 'ignore'
[0.307s] Level 1:colcon.colcon_core.package_identification:_identify(Materiales/imagenes) by extension 'ignore_ament_install'
[0.307s] Level 1:colcon.colcon_core.package_identification:_identify(Materiales/imagenes) by extensions ['colcon_pkg']
[0.307s] Level 1:colcon.colcon_core.package_identification:_identify(Materiales/imagenes) by extension 'colcon_pkg'
[0.307s] Level 1:colcon.colcon_core.package_identification:_identify(Materiales/imagenes) by extensions ['colcon_meta']
[0.307s] Level 1:colcon.colcon_core.package_identification:_identify(Materiales/imagenes) by extension 'colcon_meta'
[0.307s] Level 1:colcon.colcon_core.package_identification:_identify(Materiales/imagenes) by extensions ['ros']
[0.307s] Level 1:colcon.colcon_core.package_identification:_identify(Materiales/imagenes) by extension 'ros'
[0.307s] Level 1:colcon.colcon_core.package_identification:_identify(Materiales/imagenes) by extensions ['cmake', 'python']
[0.307s] Level 1:colcon.colcon_core.package_identification:_identify(Materiales/imagenes) by extension 'cmake'
[0.307s] Level 1:colcon.colcon_core.package_identification:_identify(Materiales/imagenes) by extension 'python'
[0.307s] Level 1:colcon.colcon_core.package_identification:_identify(Materiales/imagenes) by extensions ['python_setup_py']
[0.307s] Level 1:colcon.colcon_core.package_identification:_identify(Materiales/imagenes) by extension 'python_setup_py'
[0.307s] Level 1:colcon.colcon_core.package_identification:_identify(build) by extensions ['ignore', 'ignore_ament_install']
[0.307s] Level 1:colcon.colcon_core.package_identification:_identify(build) by extension 'ignore'
[0.307s] Level 1:colcon.colcon_core.package_identification:_identify(build) ignored
[0.308s] Level 1:colcon.colcon_core.package_identification:_identify(examen_bringup) by extensions ['ignore', 'ignore_ament_install']
[0.308s] Level 1:colcon.colcon_core.package_identification:_identify(examen_bringup) by extension 'ignore'
[0.308s] Level 1:colcon.colcon_core.package_identification:_identify(examen_bringup) by extension 'ignore_ament_install'
[0.308s] Level 1:colcon.colcon_core.package_identification:_identify(examen_bringup) by extensions ['colcon_pkg']
[0.308s] Level 1:colcon.colcon_core.package_identification:_identify(examen_bringup) by extension 'colcon_pkg'
[0.308s] Level 1:colcon.colcon_core.package_identification:_identify(examen_bringup) by extensions ['colcon_meta']
[0.308s] Level 1:colcon.colcon_core.package_identification:_identify(examen_bringup) by extension 'colcon_meta'
[0.308s] Level 1:colcon.colcon_core.package_identification:_identify(examen_bringup) by extensions ['ros']
[0.308s] Level 1:colcon.colcon_core.package_identification:_identify(examen_bringup) by extension 'ros'
[0.310s] DEBUG:colcon.colcon_core.package_identification:Package 'examen_bringup' with type 'ros.ament_cmake' and name 'examen_bringup'
[0.310s] Level 1:colcon.colcon_core.package_identification:_identify(examen_description) by extensions ['ignore', 'ignore_ament_install']
[0.310s] Level 1:colcon.colcon_core.package_identification:_identify(examen_description) by extension 'ignore'
[0.310s] Level 1:colcon.colcon_core.package_identification:_identify(examen_description) by extension 'ignore_ament_install'
[0.310s] Level 1:colcon.colcon_core.package_identification:_identify(examen_description) by extensions ['colcon_pkg']
[0.310s] Level 1:colcon.colcon_core.package_identification:_identify(examen_description) by extension 'colcon_pkg'
[0.311s] Level 1:colcon.colcon_core.package_identification:_identify(examen_description) by extensions ['colcon_meta']
[0.311s] Level 1:colcon.colcon_core.package_identification:_identify(examen_description) by extension 'colcon_meta'
[0.311s] Level 1:colcon.colcon_core.package_identification:_identify(examen_description) by extensions ['ros']
[0.311s] Level 1:colcon.colcon_core.package_identification:_identify(examen_description) by extension 'ros'
[0.311s] DEBUG:colcon.colcon_core.package_identification:Package 'examen_description' with type 'ros.ament_cmake' and name 'examen_description'
[0.311s] Level 1:colcon.colcon_core.package_identification:_identify(examen_scorbot_bringup) by extensions ['ignore', 'ignore_ament_install']
[0.311s] Level 1:colcon.colcon_core.package_identification:_identify(examen_scorbot_bringup) by extension 'ignore'
[0.311s] Level 1:colcon.colcon_core.package_identification:_identify(examen_scorbot_bringup) by extension 'ignore_ament_install'
[0.311s] Level 1:colcon.colcon_core.package_identification:_identify(examen_scorbot_bringup) by extensions ['colcon_pkg']
[0.311s] Level 1:colcon.colcon_core.package_identification:_identify(examen_scorbot_bringup) by extension 'colcon_pkg'
[0.312s] Level 1:colcon.colcon_core.package_identification:_identify(examen_scorbot_bringup) by extensions ['colcon_meta']
[0.312s] Level 1:colcon.colcon_core.package_identification:_identify(examen_scorbot_bringup) by extension 'colcon_meta'
[0.312s] Level 1:colcon.colcon_core.package_identification:_identify(examen_scorbot_bringup) by extensions ['ros']
[0.312s] Level 1:colcon.colcon_core.package_identification:_identify(examen_scorbot_bringup) by extension 'ros'
[0.320s] DEBUG:colcon.colcon_core.package_identification:Package 'examen_scorbot_bringup' with type 'ros.ament_cmake' and name 'examen_scorbot_bringup'
[0.321s] Level 1:colcon.colcon_core.package_identification:_identify(examen_scorbot_description) by extensions ['ignore', 'ignore_ament_install']
[0.321s] Level 1:colcon.colcon_core.package_identification:_identify(examen_scorbot_description) by extension 'ignore'
[0.321s] Level 1:colcon.colcon_core.package_identification:_identify(examen_scorbot_description) by extension 'ignore_ament_install'
[0.321s] Level 1:colcon.colcon_core.package_identification:_identify(examen_scorbot_description) by extensions ['colcon_pkg']
[0.321s] Level 1:colcon.colcon_core.package_identification:_identify(examen_scorbot_description) by extension 'colcon_pkg'
[0.321s] Level 1:colcon.colcon_core.package_identification:_identify(examen_scorbot_description) by extensions ['colcon_meta']
[0.321s] Level 1:colcon.colcon_core.package_identification:_identify(examen_scorbot_description) by extension 'colcon_meta'
[0.321s] Level 1:colcon.colcon_core.package_identification:_identify(examen_scorbot_description) by extensions ['ros']
[0.321s] Level 1:colcon.colcon_core.package_identification:_identify(examen_scorbot_description) by extension 'ros'
[0.322s] DEBUG:colcon.colcon_core.package_identification:Package 'examen_scorbot_description' with type 'ros.ament_cmake' and name 'examen_scorbot_description'
[0.322s] Level 1:colcon.colcon_core.package_identification:_identify(install) by extensions ['ignore', 'ignore_ament_install']
[0.322s] Level 1:colcon.colcon_core.package_identification:_identify(install) by extension 'ignore'
[0.322s] Level 1:colcon.colcon_core.package_identification:_identify(install) ignored
[0.322s] Level 1:colcon.colcon_core.package_identification:_identify(log) by extensions ['ignore', 'ignore_ament_install']
[0.322s] Level 1:colcon.colcon_core.package_identification:_identify(log) by extension 'ignore'
[0.323s] Level 1:colcon.colcon_core.package_identification:_identify(log) ignored
[0.323s] Level 1:colcon.colcon_core.package_identification:_identify(notebooks) by extensions ['ignore', 'ignore_ament_install']
[0.323s] Level 1:colcon.colcon_core.package_identification:_identify(notebooks) by extension 'ignore'
[0.323s] Level 1:colcon.colcon_core.package_identification:_identify(notebooks) by extension 'ignore_ament_install'
[0.323s] Level 1:colcon.colcon_core.package_identification:_identify(notebooks) by extensions ['colcon_pkg']
[0.323s] Level 1:colcon.colcon_core.package_identification:_identify(notebooks) by extension 'colcon_pkg'
[0.323s] Level 1:colcon.colcon_core.package_identification:_identify(notebooks) by extensions ['colcon_meta']
[0.323s] Level 1:colcon.colcon_core.package_identification:_identify(notebooks) by extension 'colcon_meta'
[0.323s] Level 1:colcon.colcon_core.package_identification:_identify(notebooks) by extensions ['ros']
[0.323s] Level 1:colcon.colcon_core.package_identification:_identify(notebooks) by extension 'ros'
[0.323s] Level 1:colcon.colcon_core.package_identification:_identify(notebooks) by extensions ['cmake', 'python']
[0.323s] Level 1:colcon.colcon_core.package_identification:_identify(notebooks) by extension 'cmake'
[0.323s] Level 1:colcon.colcon_core.package_identification:_identify(notebooks) by extension 'python'
[0.323s] Level 1:colcon.colcon_core.package_identification:_identify(notebooks) by extensions ['python_setup_py']
[0.323s] Level 1:colcon.colcon_core.package_identification:_identify(notebooks) by extension 'python_setup_py'
[0.323s] Level 1:colcon.colcon_core.package_identification:_identify(notebooks/imagenes_examen) by extensions ['ignore', 'ignore_ament_install']
[0.324s] Level 1:colcon.colcon_core.package_identification:_identify(notebooks/imagenes_examen) by extension 'ignore'
[0.324s] Level 1:colcon.colcon_core.package_identification:_identify(notebooks/imagenes_examen) by extension 'ignore_ament_install'
[0.324s] Level 1:colcon.colcon_core.package_identification:_identify(notebooks/imagenes_examen) by extensions ['colcon_pkg']
[0.324s] Level 1:colcon.colcon_core.package_identification:_identify(notebooks/imagenes_examen) by extension 'colcon_pkg'
[0.324s] Level 1:colcon.colcon_core.package_identification:_identify(notebooks/imagenes_examen) by extensions ['colcon_meta']
[0.324s] Level 1:colcon.colcon_core.package_identification:_identify(notebooks/imagenes_examen) by extension 'colcon_meta'
[0.324s] Level 1:colcon.colcon_core.package_identification:_identify(notebooks/imagenes_examen) by extensions ['ros']
[0.324s] Level 1:colcon.colcon_core.package_identification:_identify(notebooks/imagenes_examen) by extension 'ros'
[0.324s] Level 1:colcon.colcon_core.package_identification:_identify(notebooks/imagenes_examen) by extensions ['cmake', 'python']
[0.324s] Level 1:colcon.colcon_core.package_identification:_identify(notebooks/imagenes_examen) by extension 'cmake'
[0.324s] Level 1:colcon.colcon_core.package_identification:_identify(notebooks/imagenes_examen) by extension 'python'
[0.324s] Level 1:colcon.colcon_core.package_identification:_identify(notebooks/imagenes_examen) by extensions ['python_setup_py']
[0.324s] Level 1:colcon.colcon_core.package_identification:_identify(notebooks/imagenes_examen) by extension 'python_setup_py'
[0.324s] Level 1:colcon.colcon_core.package_identification:_identify(notebooks/imagenes_p1_urdf) by extensions ['ignore', 'ignore_ament_install']
[0.324s] Level 1:colcon.colcon_core.package_identification:_identify(notebooks/imagenes_p1_urdf) by extension 'ignore'
[0.324s] Level 1:colcon.colcon_core.package_identification:_identify(notebooks/imagenes_p1_urdf) by extension 'ignore_ament_install'
[0.324s] Level 1:colcon.colcon_core.package_identification:_identify(notebooks/imagenes_p1_urdf) by extensions ['colcon_pkg']
[0.324s] Level 1:colcon.colcon_core.package_identification:_identify(notebooks/imagenes_p1_urdf) by extension 'colcon_pkg'
[0.324s] Level 1:colcon.colcon_core.package_identification:_identify(notebooks/imagenes_p1_urdf) by extensions ['colcon_meta']
[0.324s] Level 1:colcon.colcon_core.package_identification:_identify(notebooks/imagenes_p1_urdf) by extension 'colcon_meta'
[0.324s] Level 1:colcon.colcon_core.package_identification:_identify(notebooks/imagenes_p1_urdf) by extensions ['ros']
[0.325s] Level 1:colcon.colcon_core.package_identification:_identify(notebooks/imagenes_p1_urdf) by extension 'ros'
[0.325s] Level 1:colcon.colcon_core.package_identification:_identify(notebooks/imagenes_p1_urdf) by extensions ['cmake', 'python']
[0.325s] Level 1:colcon.colcon_core.package_identification:_identify(notebooks/imagenes_p1_urdf) by extension 'cmake'
[0.325s] Level 1:colcon.colcon_core.package_identification:_identify(notebooks/imagenes_p1_urdf) by extension 'python'
[0.325s] Level 1:colcon.colcon_core.package_identification:_identify(notebooks/imagenes_p1_urdf) by extensions ['python_setup_py']
[0.325s] Level 1:colcon.colcon_core.package_identification:_identify(notebooks/imagenes_p1_urdf) by extension 'python_setup_py'
[0.325s] Level 1:colcon.colcon_core.package_identification:_identify(practica1_description) by extensions ['ignore', 'ignore_ament_install']
[0.325s] Level 1:colcon.colcon_core.package_identification:_identify(practica1_description) by extension 'ignore'
[0.325s] Level 1:colcon.colcon_core.package_identification:_identify(practica1_description) by extension 'ignore_ament_install'
[0.325s] Level 1:colcon.colcon_core.package_identification:_identify(practica1_description) by extensions ['colcon_pkg']
[0.325s] Level 1:colcon.colcon_core.package_identification:_identify(practica1_description) by extension 'colcon_pkg'
[0.325s] Level 1:colcon.colcon_core.package_identification:_identify(practica1_description) by extensions ['colcon_meta']
[0.325s] Level 1:colcon.colcon_core.package_identification:_identify(practica1_description) by extension 'colcon_meta'
[0.325s] Level 1:colcon.colcon_core.package_identification:_identify(practica1_description) by extensions ['ros']
[0.325s] Level 1:colcon.colcon_core.package_identification:_identify(practica1_description) by extension 'ros'
[0.326s] DEBUG:colcon.colcon_core.package_identification:Package 'practica1_description' with type 'ros.ament_cmake' and name 'practica1_description'
[0.326s] Level 1:colcon.colcon_core.package_identification:_identify(scorbot_description) by extensions ['ignore', 'ignore_ament_install']
[0.326s] Level 1:colcon.colcon_core.package_identification:_identify(scorbot_description) by extension 'ignore'
[0.326s] Level 1:colcon.colcon_core.package_identification:_identify(scorbot_description) by extension 'ignore_ament_install'
[0.326s] Level 1:colcon.colcon_core.package_identification:_identify(scorbot_description) by extensions ['colcon_pkg']
[0.326s] Level 1:colcon.colcon_core.package_identification:_identify(scorbot_description) by extension 'colcon_pkg'
[0.326s] Level 1:colcon.colcon_core.package_identification:_identify(scorbot_description) by extensions ['colcon_meta']
[0.326s] Level 1:colcon.colcon_core.package_identification:_identify(scorbot_description) by extension 'colcon_meta'
[0.326s] Level 1:colcon.colcon_core.package_identification:_identify(scorbot_description) by extensions ['ros']
[0.326s] Level 1:colcon.colcon_core.package_identification:_identify(scorbot_description) by extension 'ros'
[0.327s] DEBUG:colcon.colcon_core.package_identification:Package 'scorbot_description' with type 'ros.ament_cmake' and name 'scorbot_description'
[0.327s] Level 1:colcon.colcon_core.package_discovery:discover_packages(recursive) using defaults
[0.327s] Level 1:colcon.colcon_core.package_discovery:discover_packages(ignore) discover
[0.327s] Level 1:colcon.colcon_core.package_discovery:discover_packages(ignore) using defaults
[0.327s] Level 1:colcon.colcon_core.package_discovery:discover_packages(path) discover
[0.327s] Level 1:colcon.colcon_core.package_discovery:discover_packages(path) using defaults
[0.345s] Level 1:colcon.colcon_core.package_discovery:discover_packages(prefix_path) check parameters
[0.346s] Level 1:colcon.colcon_core.package_discovery:discover_packages(prefix_path) discover
[0.348s] DEBUG:colcon.colcon_installed_package_information.package_discovery:Found 7 installed packages in /home/robousr/ROS2Dev/robot_2025_ws/src/install
[0.348s] DEBUG:colcon.colcon_installed_package_information.package_discovery:Found 7 installed packages in /home/robousr/ROS2Dev/robot_2025_ws/install
[0.349s] DEBUG:colcon.colcon_installed_package_information.package_discovery:Found 1 installed packages in /home/robousr/ROS2Dev/robot_2025_ws/src/examen_description/install
[0.351s] DEBUG:colcon.colcon_installed_package_information.package_discovery:Found 319 installed packages in /opt/ros/humble
[0.352s] Level 1:colcon.colcon_core.package_discovery:discover_packages(prefix_path) using defaults
[0.392s] Level 5:colcon.colcon_core.verb:set package 'examen_bringup' build argument 'cmake_args' from command line to 'None'
[0.392s] Level 5:colcon.colcon_core.verb:set package 'examen_bringup' build argument 'cmake_target' from command line to 'None'
[0.392s] Level 5:colcon.colcon_core.verb:set package 'examen_bringup' build argument 'cmake_target_skip_unavailable' from command line to 'False'
[0.392s] Level 5:colcon.colcon_core.verb:set package 'examen_bringup' build argument 'cmake_clean_cache' from command line to 'False'
[0.392s] Level 5:colcon.colcon_core.verb:set package 'examen_bringup' build argument 'cmake_clean_first' from command line to 'False'
[0.392s] Level 5:colcon.colcon_core.verb:set package 'examen_bringup' build argument 'cmake_force_configure' from command line to 'False'
[0.392s] Level 5:colcon.colcon_core.verb:set package 'examen_bringup' build argument 'ament_cmake_args' from command line to 'None'
[0.392s] Level 5:colcon.colcon_core.verb:set package 'examen_bringup' build argument 'catkin_cmake_args' from command line to 'None'
[0.392s] Level 5:colcon.colcon_core.verb:set package 'examen_bringup' build argument 'catkin_skip_building_tests' from command line to 'False'
[0.392s] DEBUG:colcon.colcon_core.verb:Building package 'examen_bringup' with the following arguments: {'ament_cmake_args': None, 'build_base': '/home/robousr/ROS2Dev/robot_2025_ws/src/build/examen_bringup', 'catkin_cmake_args': None, 'catkin_skip_building_tests': False, 'cmake_args': None, 'cmake_clean_cache': False, 'cmake_clean_first': False, 'cmake_force_configure': False, 'cmake_target': None, 'cmake_target_skip_unavailable': False, 'install_base': '/home/robousr/ROS2Dev/robot_2025_ws/src/install/examen_bringup', 'merge_install': False, 'path': '/home/robousr/ROS2Dev/robot_2025_ws/src/examen_bringup', 'symlink_install': False, 'test_result_base': None}
[0.392s] Level 5:colcon.colcon_core.verb:set package 'examen_description' build argument 'cmake_args' from command line to 'None'
[0.392s] Level 5:colcon.colcon_core.verb:set package 'examen_description' build argument 'cmake_target' from command line to 'None'
[0.392s] Level 5:colcon.colcon_core.verb:set package 'examen_description' build argument 'cmake_target_skip_unavailable' from command line to 'False'
[0.392s] Level 5:colcon.colcon_core.verb:set package 'examen_description' build argument 'cmake_clean_cache' from command line to 'False'
[0.392s] Level 5:colcon.colcon_core.verb:set package 'examen_description' build argument 'cmake_clean_first' from command line to 'False'
[0.392s] Level 5:colcon.colcon_core.verb:set package 'examen_description' build argument 'cmake_force_configure' from command line to 'False'
[0.392s] Level 5:colcon.colcon_core.verb:set package 'examen_description' build argument 'ament_cmake_args' from command line to 'None'
[0.392s] Level 5:colcon.colcon_core.verb:set package 'examen_description' build argument 'catkin_cmake_args' from command line to 'None'
[0.392s] Level 5:colcon.colcon_core.verb:set package 'examen_description' build argument 'catkin_skip_building_tests' from command line to 'False'
[0.392s] DEBUG:colcon.colcon_core.verb:Building package 'examen_description' with the following arguments: {'ament_cmake_args': None, 'build_base': '/home/robousr/ROS2Dev/robot_2025_ws/src/build/examen_description', 'catkin_cmake_args': None, 'catkin_skip_building_tests': False, 'cmake_args': None, 'cmake_clean_cache': False, 'cmake_clean_first': False, 'cmake_force_configure': False, 'cmake_target': None, 'cmake_target_skip_unavailable': False, 'install_base': '/home/robousr/ROS2Dev/robot_2025_ws/src/install/examen_description', 'merge_install': False, 'path': '/home/robousr/ROS2Dev/robot_2025_ws/src/examen_description', 'symlink_install': False, 'test_result_base': None}
[0.393s] Level 5:colcon.colcon_core.verb:set package 'examen_scorbot_bringup' build argument 'cmake_args' from command line to 'None'
[0.393s] Level 5:colcon.colcon_core.verb:set package 'examen_scorbot_bringup' build argument 'cmake_target' from command line to 'None'
[0.393s] Level 5:colcon.colcon_core.verb:set package 'examen_scorbot_bringup' build argument 'cmake_target_skip_unavailable' from command line to 'False'
[0.393s] Level 5:colcon.colcon_core.verb:set package 'examen_scorbot_bringup' build argument 'cmake_clean_cache' from command line to 'False'
[0.393s] Level 5:colcon.colcon_core.verb:set package 'examen_scorbot_bringup' build argument 'cmake_clean_first' from command line to 'False'
[0.393s] Level 5:colcon.colcon_core.verb:set package 'examen_scorbot_bringup' build argument 'cmake_force_configure' from command line to 'False'
[0.393s] Level 5:colcon.colcon_core.verb:set package 'examen_scorbot_bringup' build argument 'ament_cmake_args' from command line to 'None'
[0.393s] Level 5:colcon.colcon_core.verb:set package 'examen_scorbot_bringup' build argument 'catkin_cmake_args' from command line to 'None'
[0.393s] Level 5:colcon.colcon_core.verb:set package 'examen_scorbot_bringup' build argument 'catkin_skip_building_tests' from command line to 'False'
[0.393s] DEBUG:colcon.colcon_core.verb:Building package 'examen_scorbot_bringup' with the following arguments: {'ament_cmake_args': None, 'build_base': '/home/robousr/ROS2Dev/robot_2025_ws/src/build/examen_scorbot_bringup', 'catkin_cmake_args': None, 'catkin_skip_building_tests': False, 'cmake_args': None, 'cmake_clean_cache': False, 'cmake_clean_first': False, 'cmake_force_configure': False, 'cmake_target': None, 'cmake_target_skip_unavailable': False, 'install_base': '/home/robousr/ROS2Dev/robot_2025_ws/src/install/examen_scorbot_bringup', 'merge_install': False, 'path': '/home/robousr/ROS2Dev/robot_2025_ws/src/examen_scorbot_bringup', 'symlink_install': False, 'test_result_base': None}
[0.393s] Level 5:colcon.colcon_core.verb:set package 'examen_scorbot_description' build argument 'cmake_args' from command line to 'None'
[0.393s] Level 5:colcon.colcon_core.verb:set package 'examen_scorbot_description' build argument 'cmake_target' from command line to 'None'
[0.393s] Level 5:colcon.colcon_core.verb:set package 'examen_scorbot_description' build argument 'cmake_target_skip_unavailable' from command line to 'False'
[0.393s] Level 5:colcon.colcon_core.verb:set package 'examen_scorbot_description' build argument 'cmake_clean_cache' from command line to 'False'
[0.394s] Level 5:colcon.colcon_core.verb:set package 'examen_scorbot_description' build argument 'cmake_clean_first' from command line to 'False'
[0.394s] Level 5:colcon.colcon_core.verb:set package 'examen_scorbot_description' build argument 'cmake_force_configure' from command line to 'False'
[0.394s] Level 5:colcon.colcon_core.verb:set package 'examen_scorbot_description' build argument 'ament_cmake_args' from command line to 'None'
[0.394s] Level 5:colcon.colcon_core.verb:set package 'examen_scorbot_description' build argument 'catkin_cmake_args' from command line to 'None'
[0.394s] Level 5:colcon.colcon_core.verb:set package 'examen_scorbot_description' build argument 'catkin_skip_building_tests' from command line to 'False'
[0.394s] DEBUG:colcon.colcon_core.verb:Building package 'examen_scorbot_description' with the following arguments: {'ament_cmake_args': None, 'build_base': '/home/robousr/ROS2Dev/robot_2025_ws/src/build/examen_scorbot_description', 'catkin_cmake_args': None, 'catkin_skip_building_tests': False, 'cmake_args': None, 'cmake_clean_cache': False, 'cmake_clean_first': False, 'cmake_force_configure': False, 'cmake_target': None, 'cmake_target_skip_unavailable': False, 'install_base': '/home/robousr/ROS2Dev/robot_2025_ws/src/install/examen_scorbot_description', 'merge_install': False, 'path': '/home/robousr/ROS2Dev/robot_2025_ws/src/examen_scorbot_description', 'symlink_install': False, 'test_result_base': None}
[0.394s] Level 5:colcon.colcon_core.verb:set package 'practica1_description' build argument 'cmake_args' from command line to 'None'
[0.394s] Level 5:colcon.colcon_core.verb:set package 'practica1_description' build argument 'cmake_target' from command line to 'None'
[0.394s] Level 5:colcon.colcon_core.verb:set package 'practica1_description' build argument 'cmake_target_skip_unavailable' from command line to 'False'
[0.394s] Level 5:colcon.colcon_core.verb:set package 'practica1_description' build argument 'cmake_clean_cache' from command line to 'False'
[0.394s] Level 5:colcon.colcon_core.verb:set package 'practica1_description' build argument 'cmake_clean_first' from command line to 'False'
[0.394s] Level 5:colcon.colcon_core.verb:set package 'practica1_description' build argument 'cmake_force_configure' from command line to 'False'
[0.394s] Level 5:colcon.colcon_core.verb:set package 'practica1_description' build argument 'ament_cmake_args' from command line to 'None'
[0.394s] Level 5:colcon.colcon_core.verb:set package 'practica1_description' build argument 'catkin_cmake_args' from command line to 'None'
[0.394s] Level 5:colcon.colcon_core.verb:set package 'practica1_description' build argument 'catkin_skip_building_tests' from command line to 'False'
[0.394s] DEBUG:colcon.colcon_core.verb:Building package 'practica1_description' with the following arguments: {'ament_cmake_args': None, 'build_base': '/home/robousr/ROS2Dev/robot_2025_ws/src/build/practica1_description', 'catkin_cmake_args': None, 'catkin_skip_building_tests': False, 'cmake_args': None, 'cmake_clean_cache': False, 'cmake_clean_first': False, 'cmake_force_configure': False, 'cmake_target': None, 'cmake_target_skip_unavailable': False, 'install_base': '/home/robousr/ROS2Dev/robot_2025_ws/src/install/practica1_description', 'merge_install': False, 'path': '/home/robousr/ROS2Dev/robot_2025_ws/src/practica1_description', 'symlink_install': False, 'test_result_base': None}
[0.395s] Level 5:colcon.colcon_core.verb:set package 'scorbot_description' build argument 'cmake_args' from command line to 'None'
[0.395s] Level 5:colcon.colcon_core.verb:set package 'scorbot_description' build argument 'cmake_target' from command line to 'None'
[0.395s] Level 5:colcon.colcon_core.verb:set package 'scorbot_description' build argument 'cmake_target_skip_unavailable' from command line to 'False'
[0.395s] Level 5:colcon.colcon_core.verb:set package 'scorbot_description' build argument 'cmake_clean_cache' from command line to 'False'
[0.395s] Level 5:colcon.colcon_core.verb:set package 'scorbot_description' build argument 'cmake_clean_first' from command line to 'False'
[0.395s] Level 5:colcon.colcon_core.verb:set package 'scorbot_description' build argument 'cmake_force_configure' from command line to 'False'
[0.395s] Level 5:colcon.colcon_core.verb:set package 'scorbot_description' build argument 'ament_cmake_args' from command line to 'None'
[0.395s] Level 5:colcon.colcon_core.verb:set package 'scorbot_description' build argument 'catkin_cmake_args' from command line to 'None'
[0.395s] Level 5:colcon.colcon_core.verb:set package 'scorbot_description' build argument 'catkin_skip_building_tests' from command line to 'False'
[0.395s] DEBUG:colcon.colcon_core.verb:Building package 'scorbot_description' with the following arguments: {'ament_cmake_args': None, 'build_base': '/home/robousr/ROS2Dev/robot_2025_ws/src/build/scorbot_description', 'catkin_cmake_args': None, 'catkin_skip_building_tests': False, 'cmake_args': None, 'cmake_clean_cache': False, 'cmake_clean_first': False, 'cmake_force_configure': False, 'cmake_target': None, 'cmake_target_skip_unavailable': False, 'install_base': '/home/robousr/ROS2Dev/robot_2025_ws/src/install/scorbot_description', 'merge_install': False, 'path': '/home/robousr/ROS2Dev/robot_2025_ws/src/scorbot_description', 'symlink_install': False, 'test_result_base': None}
[0.395s] INFO:colcon.colcon_core.executor:Executing jobs using 'parallel' executor
[0.396s] DEBUG:colcon.colcon_parallel_executor.executor.parallel:run_until_complete
[0.396s] INFO:colcon.colcon_ros.task.ament_cmake.build:Building ROS package in '/home/robousr/ROS2Dev/robot_2025_ws/src/examen_bringup' with build type 'ament_cmake'
[0.396s] INFO:colcon.colcon_cmake.task.cmake.build:Building CMake package in '/home/robousr/ROS2Dev/robot_2025_ws/src/examen_bringup'
[0.399s] INFO:colcon.colcon_core.plugin_system:Skipping extension 'colcon_core.shell.bat': Not used on non-Windows systems
[0.399s] INFO:colcon.colcon_core.shell:Skip shell extension 'powershell' for command environment: Not usable outside of PowerShell
[0.399s] DEBUG:colcon.colcon_core.shell:Skip shell extension 'dsv' for command environment
[0.404s] INFO:colcon.colcon_ros.task.ament_cmake.build:Building ROS package in '/home/robousr/ROS2Dev/robot_2025_ws/src/examen_description' with build type 'ament_cmake'
[0.404s] INFO:colcon.colcon_cmake.task.cmake.build:Building CMake package in '/home/robousr/ROS2Dev/robot_2025_ws/src/examen_description'
[0.405s] INFO:colcon.colcon_core.shell:Skip shell extension 'powershell' for command environment: Not usable outside of PowerShell
[0.405s] DEBUG:colcon.colcon_core.shell:Skip shell extension 'dsv' for command environment
[0.418s] DEBUG:colcon.colcon_core.event_handler.log_command:Invoking command in '/home/robousr/ROS2Dev/robot_2025_ws/src/build/examen_bringup': CMAKE_PREFIX_PATH=${CMAKE_PREFIX_PATH}:/opt/ros/humble /usr/bin/cmake --build /home/robousr/ROS2Dev/robot_2025_ws/src/build/examen_bringup -- -j2 -l2
[0.425s] DEBUG:colcon.colcon_core.event_handler.log_command:Invoking command in '/home/robousr/ROS2Dev/robot_2025_ws/src/build/examen_description': CMAKE_PREFIX_PATH=${CMAKE_PREFIX_PATH}:/opt/ros/humble /usr/bin/cmake --build /home/robousr/ROS2Dev/robot_2025_ws/src/build/examen_description -- -j2 -l2
[0.467s] DEBUG:colcon.colcon_core.event_handler.log_command:Invoked command in '/home/robousr/ROS2Dev/robot_2025_ws/src/build/examen_description' returned '0': CMAKE_PREFIX_PATH=${CMAKE_PREFIX_PATH}:/opt/ros/humble /usr/bin/cmake --build /home/robousr/ROS2Dev/robot_2025_ws/src/build/examen_description -- -j2 -l2
[0.506s] DEBUG:colcon.colcon_core.event_handler.log_command:Invoking command in '/home/robousr/ROS2Dev/robot_2025_ws/src/build/examen_description': CMAKE_PREFIX_PATH=${CMAKE_PREFIX_PATH}:/opt/ros/humble /usr/bin/cmake --install /home/robousr/ROS2Dev/robot_2025_ws/src/build/examen_description
[0.531s] Level 1:colcon.colcon_core.environment:create_environment_scripts_only(examen_description)
[0.533s] DEBUG:colcon.colcon_core.event_handler.log_command:Invoked command in '/home/robousr/ROS2Dev/robot_2025_ws/src/build/examen_description' returned '0': CMAKE_PREFIX_PATH=${CMAKE_PREFIX_PATH}:/opt/ros/humble /usr/bin/cmake --install /home/robousr/ROS2Dev/robot_2025_ws/src/build/examen_description
[0.535s] Level 1:colcon.colcon_core.environment:checking '/home/robousr/ROS2Dev/robot_2025_ws/src/install/examen_description' for CMake module files
[0.536s] Level 1:colcon.colcon_core.environment:checking '/home/robousr/ROS2Dev/robot_2025_ws/src/install/examen_description' for CMake config files
[0.536s] Level 1:colcon.colcon_core.shell:create_environment_hook('examen_description', 'cmake_prefix_path')
[0.536s] INFO:colcon.colcon_core.shell:Creating environment hook '/home/robousr/ROS2Dev/robot_2025_ws/src/install/examen_description/share/examen_description/hook/cmake_prefix_path.ps1'
[0.538s] INFO:colcon.colcon_core.shell:Creating environment descriptor '/home/robousr/ROS2Dev/robot_2025_ws/src/install/examen_description/share/examen_description/hook/cmake_prefix_path.dsv'
[0.539s] INFO:colcon.colcon_core.shell:Creating environment hook '/home/robousr/ROS2Dev/robot_2025_ws/src/install/examen_description/share/examen_description/hook/cmake_prefix_path.sh'
[0.542s] Level 1:colcon.colcon_core.environment:checking '/home/robousr/ROS2Dev/robot_2025_ws/src/install/examen_description/bin'
[0.542s] Level 1:colcon.colcon_core.environment:checking '/home/robousr/ROS2Dev/robot_2025_ws/src/install/examen_description/lib/pkgconfig/examen_description.pc'
[0.543s] Level 1:colcon.colcon_core.environment:checking '/home/robousr/ROS2Dev/robot_2025_ws/src/install/examen_description/lib/python3.10/site-packages'
[0.543s] Level 1:colcon.colcon_core.environment:checking '/home/robousr/ROS2Dev/robot_2025_ws/src/install/examen_description/bin'
[0.543s] INFO:colcon.colcon_core.shell:Creating package script '/home/robousr/ROS2Dev/robot_2025_ws/src/install/examen_description/share/examen_description/package.ps1'
[0.545s] INFO:colcon.colcon_core.shell:Creating package descriptor '/home/robousr/ROS2Dev/robot_2025_ws/src/install/examen_description/share/examen_description/package.dsv'
[0.546s] INFO:colcon.colcon_core.shell:Creating package script '/home/robousr/ROS2Dev/robot_2025_ws/src/install/examen_description/share/examen_description/package.sh'
[0.548s] INFO:colcon.colcon_core.shell:Creating package script '/home/robousr/ROS2Dev/robot_2025_ws/src/install/examen_description/share/examen_description/package.bash'
[0.549s] INFO:colcon.colcon_core.shell:Creating package script '/home/robousr/ROS2Dev/robot_2025_ws/src/install/examen_description/share/examen_description/package.zsh'
[0.551s] Level 1:colcon.colcon_core.environment:create_file_with_runtime_dependencies(/home/robousr/ROS2Dev/robot_2025_ws/src/install/examen_description/share/colcon-core/packages/examen_description)
[0.579s] Level 1:colcon.colcon_core.environment:create_environment_scripts_only(examen_description)
[0.579s] Level 1:colcon.colcon_core.environment:checking '/home/robousr/ROS2Dev/robot_2025_ws/src/install/examen_description' for CMake module files
[0.580s] Level 1:colcon.colcon_core.environment:checking '/home/robousr/ROS2Dev/robot_2025_ws/src/install/examen_description' for CMake config files
[0.580s] Level 1:colcon.colcon_core.shell:create_environment_hook('examen_description', 'cmake_prefix_path')
[0.580s] INFO:colcon.colcon_core.shell:Creating environment hook '/home/robousr/ROS2Dev/robot_2025_ws/src/install/examen_description/share/examen_description/hook/cmake_prefix_path.ps1'
[0.582s] INFO:colcon.colcon_core.shell:Creating environment descriptor '/home/robousr/ROS2Dev/robot_2025_ws/src/install/examen_description/share/examen_description/hook/cmake_prefix_path.dsv'
[0.583s] INFO:colcon.colcon_core.shell:Creating environment hook '/home/robousr/ROS2Dev/robot_2025_ws/src/install/examen_description/share/examen_description/hook/cmake_prefix_path.sh'
[0.584s] Level 1:colcon.colcon_core.environment:checking '/home/robousr/ROS2Dev/robot_2025_ws/src/install/examen_description/bin'
[0.584s] Level 1:colcon.colcon_core.environment:checking '/home/robousr/ROS2Dev/robot_2025_ws/src/install/examen_description/lib/pkgconfig/examen_description.pc'
[0.584s] Level 1:colcon.colcon_core.environment:checking '/home/robousr/ROS2Dev/robot_2025_ws/src/install/examen_description/lib/python3.10/site-packages'
[0.584s] Level 1:colcon.colcon_core.environment:checking '/home/robousr/ROS2Dev/robot_2025_ws/src/install/examen_description/bin'
[0.585s] INFO:colcon.colcon_core.shell:Creating package script '/home/robousr/ROS2Dev/robot_2025_ws/src/install/examen_description/share/examen_description/package.ps1'
[0.585s] INFO:colcon.colcon_core.shell:Creating package descriptor '/home/robousr/ROS2Dev/robot_2025_ws/src/install/examen_description/share/examen_description/package.dsv'
[0.586s] INFO:colcon.colcon_core.shell:Creating package script '/home/robousr/ROS2Dev/robot_2025_ws/src/install/examen_description/share/examen_description/package.sh'
[0.587s] INFO:colcon.colcon_core.shell:Creating package script '/home/robousr/ROS2Dev/robot_2025_ws/src/install/examen_description/share/examen_description/package.bash'
[0.588s] INFO:colcon.colcon_core.shell:Creating package script '/home/robousr/ROS2Dev/robot_2025_ws/src/install/examen_description/share/examen_description/package.zsh'
[0.589s] Level 1:colcon.colcon_core.environment:create_file_with_runtime_dependencies(/home/robousr/ROS2Dev/robot_2025_ws/src/install/examen_description/share/colcon-core/packages/examen_description)
[0.590s] INFO:colcon.colcon_ros.task.ament_cmake.build:Building ROS package in '/home/robousr/ROS2Dev/robot_2025_ws/src/examen_scorbot_bringup' with build type 'ament_cmake'
[0.591s] INFO:colcon.colcon_cmake.task.cmake.build:Building CMake package in '/home/robousr/ROS2Dev/robot_2025_ws/src/examen_scorbot_bringup'
[0.591s] INFO:colcon.colcon_core.shell:Skip shell extension 'powershell' for command environment: Not usable outside of PowerShell
[0.593s] DEBUG:colcon.colcon_core.shell:Skip shell extension 'dsv' for command environment
[0.607s] DEBUG:colcon.colcon_core.event_handler.log_command:Invoking command in '/home/robousr/ROS2Dev/robot_2025_ws/src/build/examen_scorbot_bringup': CMAKE_PREFIX_PATH=${CMAKE_PREFIX_PATH}:/opt/ros/humble /usr/bin/cmake --build /home/robousr/ROS2Dev/robot_2025_ws/src/build/examen_scorbot_bringup -- -j2 -l2
[1.004s] DEBUG:colcon.colcon_core.event_handler.log_command:Invoked command in '/home/robousr/ROS2Dev/robot_2025_ws/src/build/examen_bringup' returned '0': CMAKE_PREFIX_PATH=${CMAKE_PREFIX_PATH}:/opt/ros/humble /usr/bin/cmake --build /home/robousr/ROS2Dev/robot_2025_ws/src/build/examen_bringup -- -j2 -l2
[1.030s] DEBUG:colcon.colcon_core.event_handler.log_command:Invoking command in '/home/robousr/ROS2Dev/robot_2025_ws/src/build/examen_bringup': CMAKE_PREFIX_PATH=${CMAKE_PREFIX_PATH}:/opt/ros/humble /usr/bin/cmake --install /home/robousr/ROS2Dev/robot_2025_ws/src/build/examen_bringup
[1.181s] Level 1:colcon.colcon_core.environment:create_environment_scripts_only(examen_bringup)
[1.181s] Level 1:colcon.colcon_core.environment:checking '/home/robousr/ROS2Dev/robot_2025_ws/src/install/examen_bringup' for CMake module files
[1.182s] Level 1:colcon.colcon_core.environment:checking '/home/robousr/ROS2Dev/robot_2025_ws/src/install/examen_bringup' for CMake config files
[1.182s] Level 1:colcon.colcon_core.shell:create_environment_hook('examen_bringup', 'cmake_prefix_path')
[1.182s] INFO:colcon.colcon_core.shell:Creating environment hook '/home/robousr/ROS2Dev/robot_2025_ws/src/install/examen_bringup/share/examen_bringup/hook/cmake_prefix_path.ps1'
[1.189s] DEBUG:colcon.colcon_core.event_handler.log_command:Invoked command in '/home/robousr/ROS2Dev/robot_2025_ws/src/build/examen_bringup' returned '0': CMAKE_PREFIX_PATH=${CMAKE_PREFIX_PATH}:/opt/ros/humble /usr/bin/cmake --install /home/robousr/ROS2Dev/robot_2025_ws/src/build/examen_bringup
[1.190s] INFO:colcon.colcon_core.shell:Creating environment descriptor '/home/robousr/ROS2Dev/robot_2025_ws/src/install/examen_bringup/share/examen_bringup/hook/cmake_prefix_path.dsv'
[1.193s] INFO:colcon.colcon_core.shell:Creating environment hook '/home/robousr/ROS2Dev/robot_2025_ws/src/install/examen_bringup/share/examen_bringup/hook/cmake_prefix_path.sh'
[1.194s] Level 1:colcon.colcon_core.environment:checking '/home/robousr/ROS2Dev/robot_2025_ws/src/install/examen_bringup/lib'
[1.195s] Level 1:colcon.colcon_core.environment:checking '/home/robousr/ROS2Dev/robot_2025_ws/src/install/examen_bringup/bin'
[1.196s] Level 1:colcon.colcon_core.environment:checking '/home/robousr/ROS2Dev/robot_2025_ws/src/install/examen_bringup/lib/pkgconfig/examen_bringup.pc'
[1.196s] Level 1:colcon.colcon_core.environment:checking '/home/robousr/ROS2Dev/robot_2025_ws/src/install/examen_bringup/lib/python3.10/site-packages'
[1.196s] Level 1:colcon.colcon_core.environment:checking '/home/robousr/ROS2Dev/robot_2025_ws/src/install/examen_bringup/bin'
[1.198s] INFO:colcon.colcon_core.shell:Creating package script '/home/robousr/ROS2Dev/robot_2025_ws/src/install/examen_bringup/share/examen_bringup/package.ps1'
[1.199s] INFO:colcon.colcon_core.shell:Creating package descriptor '/home/robousr/ROS2Dev/robot_2025_ws/src/install/examen_bringup/share/examen_bringup/package.dsv'
[1.200s] INFO:colcon.colcon_core.shell:Creating package script '/home/robousr/ROS2Dev/robot_2025_ws/src/install/examen_bringup/share/examen_bringup/package.sh'
[1.203s] INFO:colcon.colcon_core.shell:Creating package script '/home/robousr/ROS2Dev/robot_2025_ws/src/install/examen_bringup/share/examen_bringup/package.bash'
[1.203s] INFO:colcon.colcon_core.shell:Creating package script '/home/robousr/ROS2Dev/robot_2025_ws/src/install/examen_bringup/share/examen_bringup/package.zsh'
[1.204s] Level 1:colcon.colcon_core.environment:create_file_with_runtime_dependencies(/home/robousr/ROS2Dev/robot_2025_ws/src/install/examen_bringup/share/colcon-core/packages/examen_bringup)
[1.251s] Level 1:colcon.colcon_core.environment:create_environment_scripts_only(examen_bringup)
[1.251s] Level 1:colcon.colcon_core.environment:checking '/home/robousr/ROS2Dev/robot_2025_ws/src/install/examen_bringup' for CMake module files
[1.252s] Level 1:colcon.colcon_core.environment:checking '/home/robousr/ROS2Dev/robot_2025_ws/src/install/examen_bringup' for CMake config files
[1.252s] Level 1:colcon.colcon_core.shell:create_environment_hook('examen_bringup', 'cmake_prefix_path')
[1.252s] INFO:colcon.colcon_core.shell:Creating environment hook '/home/robousr/ROS2Dev/robot_2025_ws/src/install/examen_bringup/share/examen_bringup/hook/cmake_prefix_path.ps1'
[1.253s] INFO:colcon.colcon_core.shell:Creating environment descriptor '/home/robousr/ROS2Dev/robot_2025_ws/src/install/examen_bringup/share/examen_bringup/hook/cmake_prefix_path.dsv'
[1.254s] INFO:colcon.colcon_core.shell:Creating environment hook '/home/robousr/ROS2Dev/robot_2025_ws/src/install/examen_bringup/share/examen_bringup/hook/cmake_prefix_path.sh'
[1.254s] Level 1:colcon.colcon_core.environment:checking '/home/robousr/ROS2Dev/robot_2025_ws/src/install/examen_bringup/lib'
[1.255s] Level 1:colcon.colcon_core.environment:checking '/home/robousr/ROS2Dev/robot_2025_ws/src/install/examen_bringup/bin'
[1.255s] Level 1:colcon.colcon_core.environment:checking '/home/robousr/ROS2Dev/robot_2025_ws/src/install/examen_bringup/lib/pkgconfig/examen_bringup.pc'
[1.255s] Level 1:colcon.colcon_core.environment:checking '/home/robousr/ROS2Dev/robot_2025_ws/src/install/examen_bringup/lib/python3.10/site-packages'
[1.255s] Level 1:colcon.colcon_core.environment:checking '/home/robousr/ROS2Dev/robot_2025_ws/src/install/examen_bringup/bin'
[1.256s] INFO:colcon.colcon_core.shell:Creating package script '/home/robousr/ROS2Dev/robot_2025_ws/src/install/examen_bringup/share/examen_bringup/package.ps1'
[1.257s] INFO:colcon.colcon_core.shell:Creating package descriptor '/home/robousr/ROS2Dev/robot_2025_ws/src/install/examen_bringup/share/examen_bringup/package.dsv'
[1.257s] INFO:colcon.colcon_core.shell:Creating package script '/home/robousr/ROS2Dev/robot_2025_ws/src/install/examen_bringup/share/examen_bringup/package.sh'
[1.258s] INFO:colcon.colcon_core.shell:Creating package script '/home/robousr/ROS2Dev/robot_2025_ws/src/install/examen_bringup/share/examen_bringup/package.bash'
[1.259s] INFO:colcon.colcon_core.shell:Creating package script '/home/robousr/ROS2Dev/robot_2025_ws/src/install/examen_bringup/share/examen_bringup/package.zsh'
[1.259s] Level 1:colcon.colcon_core.environment:create_file_with_runtime_dependencies(/home/robousr/ROS2Dev/robot_2025_ws/src/install/examen_bringup/share/colcon-core/packages/examen_bringup)
[1.260s] INFO:colcon.colcon_ros.task.ament_cmake.build:Building ROS package in '/home/robousr/ROS2Dev/robot_2025_ws/src/examen_scorbot_description' with build type 'ament_cmake'
[1.260s] INFO:colcon.colcon_cmake.task.cmake.build:Building CMake package in '/home/robousr/ROS2Dev/robot_2025_ws/src/examen_scorbot_description'
[1.260s] INFO:colcon.colcon_core.shell:Skip shell extension 'powershell' for command environment: Not usable outside of PowerShell
[1.260s] DEBUG:colcon.colcon_core.shell:Skip shell extension 'dsv' for command environment
[1.273s] DEBUG:colcon.colcon_core.event_handler.log_command:Invoking command in '/home/robousr/ROS2Dev/robot_2025_ws/src/build/examen_scorbot_description': CMAKE_PREFIX_PATH=${CMAKE_PREFIX_PATH}:/opt/ros/humble /usr/bin/cmake --build /home/robousr/ROS2Dev/robot_2025_ws/src/build/examen_scorbot_description -- -j2 -l2
[1.289s] DEBUG:colcon.colcon_core.event_handler.log_command:Invoked command in '/home/robousr/ROS2Dev/robot_2025_ws/src/build/examen_scorbot_bringup' returned '0': CMAKE_PREFIX_PATH=${CMAKE_PREFIX_PATH}:/opt/ros/humble /usr/bin/cmake --build /home/robousr/ROS2Dev/robot_2025_ws/src/build/examen_scorbot_bringup -- -j2 -l2
[1.317s] DEBUG:colcon.colcon_core.event_handler.log_command:Invoking command in '/home/robousr/ROS2Dev/robot_2025_ws/src/build/examen_scorbot_bringup': CMAKE_PREFIX_PATH=${CMAKE_PREFIX_PATH}:/opt/ros/humble /usr/bin/cmake --install /home/robousr/ROS2Dev/robot_2025_ws/src/build/examen_scorbot_bringup
[1.319s] DEBUG:colcon.colcon_core.event_handler.log_command:Invoked command in '/home/robousr/ROS2Dev/robot_2025_ws/src/build/examen_scorbot_description' returned '0': CMAKE_PREFIX_PATH=${CMAKE_PREFIX_PATH}:/opt/ros/humble /usr/bin/cmake --build /home/robousr/ROS2Dev/robot_2025_ws/src/build/examen_scorbot_description -- -j2 -l2
[1.354s] DEBUG:colcon.colcon_core.event_handler.log_command:Invoking command in '/home/robousr/ROS2Dev/robot_2025_ws/src/build/examen_scorbot_description': CMAKE_PREFIX_PATH=${CMAKE_PREFIX_PATH}:/opt/ros/humble /usr/bin/cmake --install /home/robousr/ROS2Dev/robot_2025_ws/src/build/examen_scorbot_description
[1.377s] Level 1:colcon.colcon_core.environment:create_environment_scripts_only(examen_scorbot_description)
[1.377s] Level 1:colcon.colcon_core.environment:checking '/home/robousr/ROS2Dev/robot_2025_ws/src/install/examen_scorbot_description' for CMake module files
[1.378s] Level 1:colcon.colcon_core.environment:checking '/home/robousr/ROS2Dev/robot_2025_ws/src/install/examen_scorbot_description' for CMake config files
[1.382s] DEBUG:colcon.colcon_core.event_handler.log_command:Invoked command in '/home/robousr/ROS2Dev/robot_2025_ws/src/build/examen_scorbot_description' returned '0': CMAKE_PREFIX_PATH=${CMAKE_PREFIX_PATH}:/opt/ros/humble /usr/bin/cmake --install /home/robousr/ROS2Dev/robot_2025_ws/src/build/examen_scorbot_description
[1.383s] Level 1:colcon.colcon_core.shell:create_environment_hook('examen_scorbot_description', 'cmake_prefix_path')
[1.383s] INFO:colcon.colcon_core.shell:Creating environment hook '/home/robousr/ROS2Dev/robot_2025_ws/src/install/examen_scorbot_description/share/examen_scorbot_description/hook/cmake_prefix_path.ps1'
[1.384s] INFO:colcon.colcon_core.shell:Creating environment descriptor '/home/robousr/ROS2Dev/robot_2025_ws/src/install/examen_scorbot_description/share/examen_scorbot_description/hook/cmake_prefix_path.dsv'
[1.384s] INFO:colcon.colcon_core.shell:Creating environment hook '/home/robousr/ROS2Dev/robot_2025_ws/src/install/examen_scorbot_description/share/examen_scorbot_description/hook/cmake_prefix_path.sh'
[1.388s] Level 1:colcon.colcon_core.environment:checking '/home/robousr/ROS2Dev/robot_2025_ws/src/install/examen_scorbot_description/bin'
[1.388s] Level 1:colcon.colcon_core.environment:checking '/home/robousr/ROS2Dev/robot_2025_ws/src/install/examen_scorbot_description/lib/pkgconfig/examen_scorbot_description.pc'
[1.389s] Level 1:colcon.colcon_core.environment:checking '/home/robousr/ROS2Dev/robot_2025_ws/src/install/examen_scorbot_description/lib/python3.10/site-packages'
[1.389s] Level 1:colcon.colcon_core.environment:checking '/home/robousr/ROS2Dev/robot_2025_ws/src/install/examen_scorbot_description/bin'
[1.389s] INFO:colcon.colcon_core.shell:Creating package script '/home/robousr/ROS2Dev/robot_2025_ws/src/install/examen_scorbot_description/share/examen_scorbot_description/package.ps1'
[1.390s] INFO:colcon.colcon_core.shell:Creating package descriptor '/home/robousr/ROS2Dev/robot_2025_ws/src/install/examen_scorbot_description/share/examen_scorbot_description/package.dsv'
[1.391s] INFO:colcon.colcon_core.shell:Creating package script '/home/robousr/ROS2Dev/robot_2025_ws/src/install/examen_scorbot_description/share/examen_scorbot_description/package.sh'
[1.392s] INFO:colcon.colcon_core.shell:Creating package script '/home/robousr/ROS2Dev/robot_2025_ws/src/install/examen_scorbot_description/share/examen_scorbot_description/package.bash'
[1.393s] INFO:colcon.colcon_core.shell:Creating package script '/home/robousr/ROS2Dev/robot_2025_ws/src/install/examen_scorbot_description/share/examen_scorbot_description/package.zsh'
[1.394s] Level 1:colcon.colcon_core.environment:create_file_with_runtime_dependencies(/home/robousr/ROS2Dev/robot_2025_ws/src/install/examen_scorbot_description/share/colcon-core/packages/examen_scorbot_description)
[1.419s] Level 1:colcon.colcon_core.environment:create_environment_scripts_only(examen_scorbot_description)
[1.421s] Level 1:colcon.colcon_core.environment:checking '/home/robousr/ROS2Dev/robot_2025_ws/src/install/examen_scorbot_description' for CMake module files
[1.422s] Level 1:colcon.colcon_core.environment:checking '/home/robousr/ROS2Dev/robot_2025_ws/src/install/examen_scorbot_description' for CMake config files
[1.422s] Level 1:colcon.colcon_core.shell:create_environment_hook('examen_scorbot_description', 'cmake_prefix_path')
[1.423s] INFO:colcon.colcon_core.shell:Creating environment hook '/home/robousr/ROS2Dev/robot_2025_ws/src/install/examen_scorbot_description/share/examen_scorbot_description/hook/cmake_prefix_path.ps1'
[1.425s] INFO:colcon.colcon_core.shell:Creating environment descriptor '/home/robousr/ROS2Dev/robot_2025_ws/src/install/examen_scorbot_description/share/examen_scorbot_description/hook/cmake_prefix_path.dsv'
[1.426s] INFO:colcon.colcon_core.shell:Creating environment hook '/home/robousr/ROS2Dev/robot_2025_ws/src/install/examen_scorbot_description/share/examen_scorbot_description/hook/cmake_prefix_path.sh'
[1.427s] Level 1:colcon.colcon_core.environment:checking '/home/robousr/ROS2Dev/robot_2025_ws/src/install/examen_scorbot_description/bin'
[1.427s] Level 1:colcon.colcon_core.environment:checking '/home/robousr/ROS2Dev/robot_2025_ws/src/install/examen_scorbot_description/lib/pkgconfig/examen_scorbot_description.pc'
[1.427s] Level 1:colcon.colcon_core.environment:checking '/home/robousr/ROS2Dev/robot_2025_ws/src/install/examen_scorbot_description/lib/python3.10/site-packages'
[1.427s] Level 1:colcon.colcon_core.environment:checking '/home/robousr/ROS2Dev/robot_2025_ws/src/install/examen_scorbot_description/bin'
[1.428s] INFO:colcon.colcon_core.shell:Creating package script '/home/robousr/ROS2Dev/robot_2025_ws/src/install/examen_scorbot_description/share/examen_scorbot_description/package.ps1'
[1.429s] INFO:colcon.colcon_core.shell:Creating package descriptor '/home/robousr/ROS2Dev/robot_2025_ws/src/install/examen_scorbot_description/share/examen_scorbot_description/package.dsv'
[1.429s] INFO:colcon.colcon_core.shell:Creating package script '/home/robousr/ROS2Dev/robot_2025_ws/src/install/examen_scorbot_description/share/examen_scorbot_description/package.sh'
[1.430s] INFO:colcon.colcon_core.shell:Creating package script '/home/robousr/ROS2Dev/robot_2025_ws/src/install/examen_scorbot_description/share/examen_scorbot_description/package.bash'
[1.432s] INFO:colcon.colcon_core.shell:Creating package script '/home/robousr/ROS2Dev/robot_2025_ws/src/install/examen_scorbot_description/share/examen_scorbot_description/package.zsh'
[1.433s] Level 1:colcon.colcon_core.environment:create_file_with_runtime_dependencies(/home/robousr/ROS2Dev/robot_2025_ws/src/install/examen_scorbot_description/share/colcon-core/packages/examen_scorbot_description)
[1.434s] INFO:colcon.colcon_ros.task.ament_cmake.build:Building ROS package in '/home/robousr/ROS2Dev/robot_2025_ws/src/practica1_description' with build type 'ament_cmake'
[1.434s] INFO:colcon.colcon_cmake.task.cmake.build:Building CMake package in '/home/robousr/ROS2Dev/robot_2025_ws/src/practica1_description'
[1.434s] INFO:colcon.colcon_core.shell:Skip shell extension 'powershell' for command environment: Not usable outside of PowerShell
[1.434s] DEBUG:colcon.colcon_core.shell:Skip shell extension 'dsv' for command environment
[1.449s] Level 1:colcon.colcon_core.environment:create_environment_scripts_only(examen_scorbot_bringup)
[1.450s] Level 1:colcon.colcon_core.environment:checking '/home/robousr/ROS2Dev/robot_2025_ws/src/install/examen_scorbot_bringup' for CMake module files
[1.450s] DEBUG:colcon.colcon_core.event_handler.log_command:Invoked command in '/home/robousr/ROS2Dev/robot_2025_ws/src/build/examen_scorbot_bringup' returned '0': CMAKE_PREFIX_PATH=${CMAKE_PREFIX_PATH}:/opt/ros/humble /usr/bin/cmake --install /home/robousr/ROS2Dev/robot_2025_ws/src/build/examen_scorbot_bringup
[1.451s] Level 1:colcon.colcon_core.environment:checking '/home/robousr/ROS2Dev/robot_2025_ws/src/install/examen_scorbot_bringup' for CMake config files
[1.451s] Level 1:colcon.colcon_core.shell:create_environment_hook('examen_scorbot_bringup', 'cmake_prefix_path')
[1.451s] INFO:colcon.colcon_core.shell:Creating environment hook '/home/robousr/ROS2Dev/robot_2025_ws/src/install/examen_scorbot_bringup/share/examen_scorbot_bringup/hook/cmake_prefix_path.ps1'
[1.452s] INFO:colcon.colcon_core.shell:Creating environment descriptor '/home/robousr/ROS2Dev/robot_2025_ws/src/install/examen_scorbot_bringup/share/examen_scorbot_bringup/hook/cmake_prefix_path.dsv'
[1.453s] INFO:colcon.colcon_core.shell:Creating environment hook '/home/robousr/ROS2Dev/robot_2025_ws/src/install/examen_scorbot_bringup/share/examen_scorbot_bringup/hook/cmake_prefix_path.sh'
[1.454s] Level 1:colcon.colcon_core.environment:checking '/home/robousr/ROS2Dev/robot_2025_ws/src/install/examen_scorbot_bringup/lib'
[1.454s] Level 1:colcon.colcon_core.environment:checking '/home/robousr/ROS2Dev/robot_2025_ws/src/install/examen_scorbot_bringup/bin'
[1.454s] Level 1:colcon.colcon_core.environment:checking '/home/robousr/ROS2Dev/robot_2025_ws/src/install/examen_scorbot_bringup/lib/pkgconfig/examen_scorbot_bringup.pc'
[1.455s] Level 1:colcon.colcon_core.environment:checking '/home/robousr/ROS2Dev/robot_2025_ws/src/install/examen_scorbot_bringup/lib/python3.10/site-packages'
[1.456s] Level 1:colcon.colcon_core.environment:checking '/home/robousr/ROS2Dev/robot_2025_ws/src/install/examen_scorbot_bringup/bin'
[1.456s] INFO:colcon.colcon_core.shell:Creating package script '/home/robousr/ROS2Dev/robot_2025_ws/src/install/examen_scorbot_bringup/share/examen_scorbot_bringup/package.ps1'
[1.457s] INFO:colcon.colcon_core.shell:Creating package descriptor '/home/robousr/ROS2Dev/robot_2025_ws/src/install/examen_scorbot_bringup/share/examen_scorbot_bringup/package.dsv'
[1.457s] INFO:colcon.colcon_core.shell:Creating package script '/home/robousr/ROS2Dev/robot_2025_ws/src/install/examen_scorbot_bringup/share/examen_scorbot_bringup/package.sh'
[1.458s] INFO:colcon.colcon_core.shell:Creating package script '/home/robousr/ROS2Dev/robot_2025_ws/src/install/examen_scorbot_bringup/share/examen_scorbot_bringup/package.bash'
[1.459s] INFO:colcon.colcon_core.shell:Creating package script '/home/robousr/ROS2Dev/robot_2025_ws/src/install/examen_scorbot_bringup/share/examen_scorbot_bringup/package.zsh'
[1.459s] Level 1:colcon.colcon_core.environment:create_file_with_runtime_dependencies(/home/robousr/ROS2Dev/robot_2025_ws/src/install/examen_scorbot_bringup/share/colcon-core/packages/examen_scorbot_bringup)
[1.471s] DEBUG:colcon.colcon_core.event_handler.log_command:Invoking command in '/home/robousr/ROS2Dev/robot_2025_ws/src/build/practica1_description': CMAKE_PREFIX_PATH=${CMAKE_PREFIX_PATH}:/opt/ros/humble /usr/bin/cmake --build /home/robousr/ROS2Dev/robot_2025_ws/src/build/practica1_description -- -j2 -l2
[1.491s] Level 1:colcon.colcon_core.environment:create_environment_scripts_only(examen_scorbot_bringup)
[1.492s] Level 1:colcon.colcon_core.environment:checking '/home/robousr/ROS2Dev/robot_2025_ws/src/install/examen_scorbot_bringup' for CMake module files
[1.492s] Level 1:colcon.colcon_core.environment:checking '/home/robousr/ROS2Dev/robot_2025_ws/src/install/examen_scorbot_bringup' for CMake config files
[1.493s] Level 1:colcon.colcon_core.shell:create_environment_hook('examen_scorbot_bringup', 'cmake_prefix_path')
[1.493s] INFO:colcon.colcon_core.shell:Creating environment hook '/home/robousr/ROS2Dev/robot_2025_ws/src/install/examen_scorbot_bringup/share/examen_scorbot_bringup/hook/cmake_prefix_path.ps1'
[1.494s] INFO:colcon.colcon_core.shell:Creating environment descriptor '/home/robousr/ROS2Dev/robot_2025_ws/src/install/examen_scorbot_bringup/share/examen_scorbot_bringup/hook/cmake_prefix_path.dsv'
[1.494s] INFO:colcon.colcon_core.shell:Creating environment hook '/home/robousr/ROS2Dev/robot_2025_ws/src/install/examen_scorbot_bringup/share/examen_scorbot_bringup/hook/cmake_prefix_path.sh'
[1.495s] Level 1:colcon.colcon_core.environment:checking '/home/robousr/ROS2Dev/robot_2025_ws/src/install/examen_scorbot_bringup/lib'
[1.496s] Level 1:colcon.colcon_core.environment:checking '/home/robousr/ROS2Dev/robot_2025_ws/src/install/examen_scorbot_bringup/bin'
[1.496s] Level 1:colcon.colcon_core.environment:checking '/home/robousr/ROS2Dev/robot_2025_ws/src/install/examen_scorbot_bringup/lib/pkgconfig/examen_scorbot_bringup.pc'
[1.496s] Level 1:colcon.colcon_core.environment:checking '/home/robousr/ROS2Dev/robot_2025_ws/src/install/examen_scorbot_bringup/lib/python3.10/site-packages'
[1.496s] Level 1:colcon.colcon_core.environment:checking '/home/robousr/ROS2Dev/robot_2025_ws/src/install/examen_scorbot_bringup/bin'
[1.497s] INFO:colcon.colcon_core.shell:Creating package script '/home/robousr/ROS2Dev/robot_2025_ws/src/install/examen_scorbot_bringup/share/examen_scorbot_bringup/package.ps1'
[1.498s] INFO:colcon.colcon_core.shell:Creating package descriptor '/home/robousr/ROS2Dev/robot_2025_ws/src/install/examen_scorbot_bringup/share/examen_scorbot_bringup/package.dsv'
[1.498s] INFO:colcon.colcon_core.shell:Creating package script '/home/robousr/ROS2Dev/robot_2025_ws/src/install/examen_scorbot_bringup/share/examen_scorbot_bringup/package.sh'
[1.499s] INFO:colcon.colcon_core.shell:Creating package script '/home/robousr/ROS2Dev/robot_2025_ws/src/install/examen_scorbot_bringup/share/examen_scorbot_bringup/package.bash'
[1.500s] INFO:colcon.colcon_core.shell:Creating package script '/home/robousr/ROS2Dev/robot_2025_ws/src/install/examen_scorbot_bringup/share/examen_scorbot_bringup/package.zsh'
[1.501s] Level 1:colcon.colcon_core.environment:create_file_with_runtime_dependencies(/home/robousr/ROS2Dev/robot_2025_ws/src/install/examen_scorbot_bringup/share/colcon-core/packages/examen_scorbot_bringup)
[1.501s] INFO:colcon.colcon_ros.task.ament_cmake.build:Building ROS package in '/home/robousr/ROS2Dev/robot_2025_ws/src/scorbot_description' with build type 'ament_cmake'
[1.501s] INFO:colcon.colcon_cmake.task.cmake.build:Building CMake package in '/home/robousr/ROS2Dev/robot_2025_ws/src/scorbot_description'
[1.502s] INFO:colcon.colcon_core.shell:Skip shell extension 'powershell' for command environment: Not usable outside of PowerShell
[1.502s] DEBUG:colcon.colcon_core.shell:Skip shell extension 'dsv' for command environment
[1.514s] DEBUG:colcon.colcon_core.event_handler.log_command:Invoking command in '/home/robousr/ROS2Dev/robot_2025_ws/src/build/scorbot_description': CMAKE_PREFIX_PATH=${CMAKE_PREFIX_PATH}:/opt/ros/humble /usr/bin/cmake --build /home/robousr/ROS2Dev/robot_2025_ws/src/build/scorbot_description -- -j2 -l2
[1.523s] DEBUG:colcon.colcon_core.event_handler.log_command:Invoked command in '/home/robousr/ROS2Dev/robot_2025_ws/src/build/practica1_description' returned '0': CMAKE_PREFIX_PATH=${CMAKE_PREFIX_PATH}:/opt/ros/humble /usr/bin/cmake --build /home/robousr/ROS2Dev/robot_2025_ws/src/build/practica1_description -- -j2 -l2
[1.550s] DEBUG:colcon.colcon_core.event_handler.log_command:Invoking command in '/home/robousr/ROS2Dev/robot_2025_ws/src/build/practica1_description': CMAKE_PREFIX_PATH=${CMAKE_PREFIX_PATH}:/opt/ros/humble /usr/bin/cmake --install /home/robousr/ROS2Dev/robot_2025_ws/src/build/practica1_description
[1.563s] DEBUG:colcon.colcon_core.event_handler.log_command:Invoked command in '/home/robousr/ROS2Dev/robot_2025_ws/src/build/scorbot_description' returned '0': CMAKE_PREFIX_PATH=${CMAKE_PREFIX_PATH}:/opt/ros/humble /usr/bin/cmake --build /home/robousr/ROS2Dev/robot_2025_ws/src/build/scorbot_description -- -j2 -l2
[1.572s] Level 1:colcon.colcon_core.environment:create_environment_scripts_only(practica1_description)
[1.572s] Level 1:colcon.colcon_core.environment:checking '/home/robousr/ROS2Dev/robot_2025_ws/src/install/practica1_description' for CMake module files
[1.573s] Level 1:colcon.colcon_core.environment:checking '/home/robousr/ROS2Dev/robot_2025_ws/src/install/practica1_description' for CMake config files
[1.574s] Level 1:colcon.colcon_core.shell:create_environment_hook('practica1_description', 'cmake_prefix_path')
[1.574s] INFO:colcon.colcon_core.shell:Creating environment hook '/home/robousr/ROS2Dev/robot_2025_ws/src/install/practica1_description/share/practica1_description/hook/cmake_prefix_path.ps1'
[1.575s] DEBUG:colcon.colcon_core.event_handler.log_command:Invoked command in '/home/robousr/ROS2Dev/robot_2025_ws/src/build/practica1_description' returned '0': CMAKE_PREFIX_PATH=${CMAKE_PREFIX_PATH}:/opt/ros/humble /usr/bin/cmake --install /home/robousr/ROS2Dev/robot_2025_ws/src/build/practica1_description
[1.576s] INFO:colcon.colcon_core.shell:Creating environment descriptor '/home/robousr/ROS2Dev/robot_2025_ws/src/install/practica1_description/share/practica1_description/hook/cmake_prefix_path.dsv'
[1.577s] INFO:colcon.colcon_core.shell:Creating environment hook '/home/robousr/ROS2Dev/robot_2025_ws/src/install/practica1_description/share/practica1_description/hook/cmake_prefix_path.sh'
[1.578s] Level 1:colcon.colcon_core.environment:checking '/home/robousr/ROS2Dev/robot_2025_ws/src/install/practica1_description/bin'
[1.578s] Level 1:colcon.colcon_core.environment:checking '/home/robousr/ROS2Dev/robot_2025_ws/src/install/practica1_description/lib/pkgconfig/practica1_description.pc'
[1.578s] Level 1:colcon.colcon_core.environment:checking '/home/robousr/ROS2Dev/robot_2025_ws/src/install/practica1_description/lib/python3.10/site-packages'
[1.578s] Level 1:colcon.colcon_core.environment:checking '/home/robousr/ROS2Dev/robot_2025_ws/src/install/practica1_description/bin'
[1.579s] INFO:colcon.colcon_core.shell:Creating package script '/home/robousr/ROS2Dev/robot_2025_ws/src/install/practica1_description/share/practica1_description/package.ps1'
[1.579s] INFO:colcon.colcon_core.shell:Creating package descriptor '/home/robousr/ROS2Dev/robot_2025_ws/src/install/practica1_description/share/practica1_description/package.dsv'
[1.580s] INFO:colcon.colcon_core.shell:Creating package script '/home/robousr/ROS2Dev/robot_2025_ws/src/install/practica1_description/share/practica1_description/package.sh'
[1.581s] INFO:colcon.colcon_core.shell:Creating package script '/home/robousr/ROS2Dev/robot_2025_ws/src/install/practica1_description/share/practica1_description/package.bash'
[1.582s] INFO:colcon.colcon_core.shell:Creating package script '/home/robousr/ROS2Dev/robot_2025_ws/src/install/practica1_description/share/practica1_description/package.zsh'
[1.583s] Level 1:colcon.colcon_core.environment:create_file_with_runtime_dependencies(/home/robousr/ROS2Dev/robot_2025_ws/src/install/practica1_description/share/colcon-core/packages/practica1_description)
[1.592s] DEBUG:colcon.colcon_core.event_handler.log_command:Invoking command in '/home/robousr/ROS2Dev/robot_2025_ws/src/build/scorbot_description': CMAKE_PREFIX_PATH=${CMAKE_PREFIX_PATH}:/opt/ros/humble /usr/bin/cmake --install /home/robousr/ROS2Dev/robot_2025_ws/src/build/scorbot_description
[1.604s] Level 1:colcon.colcon_core.environment:create_environment_scripts_only(scorbot_description)
[1.605s] Level 1:colcon.colcon_core.environment:checking '/home/robousr/ROS2Dev/robot_2025_ws/src/install/scorbot_description' for CMake module files
[1.605s] Level 1:colcon.colcon_core.environment:checking '/home/robousr/ROS2Dev/robot_2025_ws/src/install/scorbot_description' for CMake config files
[1.605s] Level 1:colcon.colcon_core.shell:create_environment_hook('scorbot_description', 'cmake_prefix_path')
[1.605s] INFO:colcon.colcon_core.shell:Creating environment hook '/home/robousr/ROS2Dev/robot_2025_ws/src/install/scorbot_description/share/scorbot_description/hook/cmake_prefix_path.ps1'
[1.608s] DEBUG:colcon.colcon_core.event_handler.log_command:Invoked command in '/home/robousr/ROS2Dev/robot_2025_ws/src/build/scorbot_description' returned '0': CMAKE_PREFIX_PATH=${CMAKE_PREFIX_PATH}:/opt/ros/humble /usr/bin/cmake --install /home/robousr/ROS2Dev/robot_2025_ws/src/build/scorbot_description
[1.611s] INFO:colcon.colcon_core.shell:Creating environment descriptor '/home/robousr/ROS2Dev/robot_2025_ws/src/install/scorbot_description/share/scorbot_description/hook/cmake_prefix_path.dsv'
[1.611s] INFO:colcon.colcon_core.shell:Creating environment hook '/home/robousr/ROS2Dev/robot_2025_ws/src/install/scorbot_description/share/scorbot_description/hook/cmake_prefix_path.sh'
[1.615s] Level 1:colcon.colcon_core.environment:checking '/home/robousr/ROS2Dev/robot_2025_ws/src/install/scorbot_description/bin'
[1.616s] Level 1:colcon.colcon_core.environment:checking '/home/robousr/ROS2Dev/robot_2025_ws/src/install/scorbot_description/lib/pkgconfig/scorbot_description.pc'
[1.616s] Level 1:colcon.colcon_core.environment:checking '/home/robousr/ROS2Dev/robot_2025_ws/src/install/scorbot_description/lib/python3.10/site-packages'
[1.616s] Level 1:colcon.colcon_core.environment:checking '/home/robousr/ROS2Dev/robot_2025_ws/src/install/scorbot_description/bin'
[1.616s] INFO:colcon.colcon_core.shell:Creating package script '/home/robousr/ROS2Dev/robot_2025_ws/src/install/scorbot_description/share/scorbot_description/package.ps1'
[1.617s] INFO:colcon.colcon_core.shell:Creating package descriptor '/home/robousr/ROS2Dev/robot_2025_ws/src/install/scorbot_description/share/scorbot_description/package.dsv'
[1.618s] INFO:colcon.colcon_core.shell:Creating package script '/home/robousr/ROS2Dev/robot_2025_ws/src/install/scorbot_description/share/scorbot_description/package.sh'
[1.619s] INFO:colcon.colcon_core.shell:Creating package script '/home/robousr/ROS2Dev/robot_2025_ws/src/install/scorbot_description/share/scorbot_description/package.bash'
[1.620s] INFO:colcon.colcon_core.shell:Creating package script '/home/robousr/ROS2Dev/robot_2025_ws/src/install/scorbot_description/share/scorbot_description/package.zsh'
[1.620s] Level 1:colcon.colcon_core.environment:create_file_with_runtime_dependencies(/home/robousr/ROS2Dev/robot_2025_ws/src/install/scorbot_description/share/colcon-core/packages/scorbot_description)
[1.622s] Level 1:colcon.colcon_core.environment:create_environment_scripts_only(practica1_description)
[1.622s] Level 1:colcon.colcon_core.environment:checking '/home/robousr/ROS2Dev/robot_2025_ws/src/install/practica1_description' for CMake module files
[1.623s] Level 1:colcon.colcon_core.environment:checking '/home/robousr/ROS2Dev/robot_2025_ws/src/install/practica1_description' for CMake config files
[1.623s] Level 1:colcon.colcon_core.shell:create_environment_hook('practica1_description', 'cmake_prefix_path')
[1.623s] INFO:colcon.colcon_core.shell:Creating environment hook '/home/robousr/ROS2Dev/robot_2025_ws/src/install/practica1_description/share/practica1_description/hook/cmake_prefix_path.ps1'
[1.624s] INFO:colcon.colcon_core.shell:Creating environment descriptor '/home/robousr/ROS2Dev/robot_2025_ws/src/install/practica1_description/share/practica1_description/hook/cmake_prefix_path.dsv'
[1.625s] INFO:colcon.colcon_core.shell:Creating environment hook '/home/robousr/ROS2Dev/robot_2025_ws/src/install/practica1_description/share/practica1_description/hook/cmake_prefix_path.sh'
[1.626s] Level 1:colcon.colcon_core.environment:checking '/home/robousr/ROS2Dev/robot_2025_ws/src/install/practica1_description/bin'
[1.626s] Level 1:colcon.colcon_core.environment:checking '/home/robousr/ROS2Dev/robot_2025_ws/src/install/practica1_description/lib/pkgconfig/practica1_description.pc'
[1.626s] Level 1:colcon.colcon_core.environment:checking '/home/robousr/ROS2Dev/robot_2025_ws/src/install/practica1_description/lib/python3.10/site-packages'
[1.627s] Level 1:colcon.colcon_core.environment:checking '/home/robousr/ROS2Dev/robot_2025_ws/src/install/practica1_description/bin'
[1.627s] INFO:colcon.colcon_core.shell:Creating package script '/home/robousr/ROS2Dev/robot_2025_ws/src/install/practica1_description/share/practica1_description/package.ps1'
[1.628s] INFO:colcon.colcon_core.shell:Creating package descriptor '/home/robousr/ROS2Dev/robot_2025_ws/src/install/practica1_description/share/practica1_description/package.dsv'
[1.628s] INFO:colcon.colcon_core.shell:Creating package script '/home/robousr/ROS2Dev/robot_2025_ws/src/install/practica1_description/share/practica1_description/package.sh'
[1.629s] INFO:colcon.colcon_core.shell:Creating package script '/home/robousr/ROS2Dev/robot_2025_ws/src/install/practica1_description/share/practica1_description/package.bash'
[1.630s] INFO:colcon.colcon_core.shell:Creating package script '/home/robousr/ROS2Dev/robot_2025_ws/src/install/practica1_description/share/practica1_description/package.zsh'
[1.631s] Level 1:colcon.colcon_core.environment:create_file_with_runtime_dependencies(/home/robousr/ROS2Dev/robot_2025_ws/src/install/practica1_description/share/colcon-core/packages/practica1_description)
[1.646s] Level 1:colcon.colcon_core.environment:create_environment_scripts_only(scorbot_description)
[1.646s] Level 1:colcon.colcon_core.environment:checking '/home/robousr/ROS2Dev/robot_2025_ws/src/install/scorbot_description' for CMake module files
[1.647s] Level 1:colcon.colcon_core.environment:checking '/home/robousr/ROS2Dev/robot_2025_ws/src/install/scorbot_description' for CMake config files
[1.647s] Level 1:colcon.colcon_core.shell:create_environment_hook('scorbot_description', 'cmake_prefix_path')
[1.648s] INFO:colcon.colcon_core.shell:Creating environment hook '/home/robousr/ROS2Dev/robot_2025_ws/src/install/scorbot_description/share/scorbot_description/hook/cmake_prefix_path.ps1'
[1.649s] INFO:colcon.colcon_core.shell:Creating environment descriptor '/home/robousr/ROS2Dev/robot_2025_ws/src/install/scorbot_description/share/scorbot_description/hook/cmake_prefix_path.dsv'
[1.650s] INFO:colcon.colcon_core.shell:Creating environment hook '/home/robousr/ROS2Dev/robot_2025_ws/src/install/scorbot_description/share/scorbot_description/hook/cmake_prefix_path.sh'
[1.651s] Level 1:colcon.colcon_core.environment:checking '/home/robousr/ROS2Dev/robot_2025_ws/src/install/scorbot_description/bin'
[1.651s] Level 1:colcon.colcon_core.environment:checking '/home/robousr/ROS2Dev/robot_2025_ws/src/install/scorbot_description/lib/pkgconfig/scorbot_description.pc'
[1.652s] Level 1:colcon.colcon_core.environment:checking '/home/robousr/ROS2Dev/robot_2025_ws/src/install/scorbot_description/lib/python3.10/site-packages'
[1.652s] Level 1:colcon.colcon_core.environment:checking '/home/robousr/ROS2Dev/robot_2025_ws/src/install/scorbot_description/bin'
[1.652s] INFO:colcon.colcon_core.shell:Creating package script '/home/robousr/ROS2Dev/robot_2025_ws/src/install/scorbot_description/share/scorbot_description/package.ps1'
[1.653s] INFO:colcon.colcon_core.shell:Creating package descriptor '/home/robousr/ROS2Dev/robot_2025_ws/src/install/scorbot_description/share/scorbot_description/package.dsv'
[1.653s] INFO:colcon.colcon_core.shell:Creating package script '/home/robousr/ROS2Dev/robot_2025_ws/src/install/scorbot_description/share/scorbot_description/package.sh'
[1.654s] INFO:colcon.colcon_core.shell:Creating package script '/home/robousr/ROS2Dev/robot_2025_ws/src/install/scorbot_description/share/scorbot_description/package.bash'
[1.655s] INFO:colcon.colcon_core.shell:Creating package script '/home/robousr/ROS2Dev/robot_2025_ws/src/install/scorbot_description/share/scorbot_description/package.zsh'
[1.655s] Level 1:colcon.colcon_core.environment:create_file_with_runtime_dependencies(/home/robousr/ROS2Dev/robot_2025_ws/src/install/scorbot_description/share/colcon-core/packages/scorbot_description)
[1.656s] DEBUG:colcon.colcon_parallel_executor.executor.parallel:closing loop
[1.656s] DEBUG:colcon.colcon_parallel_executor.executor.parallel:loop closed
[1.656s] DEBUG:colcon.colcon_parallel_executor.executor.parallel:run_until_complete finished with '0'
[1.657s] DEBUG:colcon.colcon_core.event_reactor:joining thread
[1.661s] INFO:colcon.colcon_core.plugin_system:Skipping extension 'colcon_notification.desktop_notification.terminal_notifier': Not used on non-Darwin systems
[1.662s] INFO:colcon.colcon_core.plugin_system:Skipping extension 'colcon_notification.desktop_notification.win32': Not used on non-Windows systems
[1.662s] INFO:colcon.colcon_notification.desktop_notification:Sending desktop notification using 'notify2'
[1.674s] DEBUG:colcon.colcon_core.event_reactor:joined thread
[1.674s] INFO:colcon.colcon_core.shell:Creating prefix script '/home/robousr/ROS2Dev/robot_2025_ws/src/install/local_setup.ps1'
[1.675s] INFO:colcon.colcon_core.shell:Creating prefix util module '/home/robousr/ROS2Dev/robot_2025_ws/src/install/_local_setup_util_ps1.py'
[1.677s] INFO:colcon.colcon_core.shell:Creating prefix chain script '/home/robousr/ROS2Dev/robot_2025_ws/src/install/setup.ps1'
[1.679s] INFO:colcon.colcon_core.shell:Creating prefix script '/home/robousr/ROS2Dev/robot_2025_ws/src/install/local_setup.sh'
[1.680s] INFO:colcon.colcon_core.shell:Creating prefix util module '/home/robousr/ROS2Dev/robot_2025_ws/src/install/_local_setup_util_sh.py'
[1.681s] INFO:colcon.colcon_core.shell:Creating prefix chain script '/home/robousr/ROS2Dev/robot_2025_ws/src/install/setup.sh'
[1.684s] INFO:colcon.colcon_core.shell:Creating prefix script '/home/robousr/ROS2Dev/robot_2025_ws/src/install/local_setup.bash'
[1.685s] INFO:colcon.colcon_core.shell:Creating prefix chain script '/home/robousr/ROS2Dev/robot_2025_ws/src/install/setup.bash'
[1.687s] INFO:colcon.colcon_core.shell:Creating prefix script '/home/robousr/ROS2Dev/robot_2025_ws/src/install/local_setup.zsh'
[1.688s] INFO:colcon.colcon_core.shell:Creating prefix chain script '/home/robousr/ROS2Dev/robot_2025_ws/src/install/setup.zsh'
