[0.062s] Invoking command in '/home/robousr/ROS2Dev/robot_2025_ws/src/build/examen_scorbot_description': CMAKE_PREFIX_PATH=${CMAKE_PREFIX_PATH}:/opt/ros/humble /usr/bin/cmake --build /home/robousr/ROS2Dev/robot_2025_ws/src/build/examen_scorbot_description -- -j2 -l2
[0.317s] Invoked command in '/home/robousr/ROS2Dev/robot_2025_ws/src/build/examen_scorbot_description' returned '0': CMAKE_PREFIX_PATH=${CMAKE_PREFIX_PATH}:/opt/ros/humble /usr/bin/cmake --build /home/robousr/ROS2Dev/robot_2025_ws/src/build/examen_scorbot_description -- -j2 -l2
[0.463s] Invoking command in '/home/robousr/ROS2Dev/robot_2025_ws/src/build/examen_scorbot_description': CMAKE_PREFIX_PATH=${CMAKE_PREFIX_PATH}:/opt/ros/humble /usr/bin/cmake --install /home/robousr/ROS2Dev/robot_2025_ws/src/build/examen_scorbot_description
[0.491s] -- Install configuration: ""
[0.491s] -- Up-to-date: /home/robousr/ROS2Dev/robot_2025_ws/src/install/examen_scorbot_description/share/examen_scorbot_description//urdf
[0.495s] -- Up-to-date: /home/robousr/ROS2Dev/robot_2025_ws/src/install/examen_scorbot_description/share/examen_scorbot_description//urdf/scorbot_gz_propierties.xacro
[0.499s] -- Installing: /home/robousr/ROS2Dev/robot_2025_ws/src/install/examen_scorbot_description/share/examen_scorbot_description//urdf/examen_scorbot_urdf.xacro
[0.499s] -- Installing: /home/robousr/ROS2Dev/robot_2025_ws/src/install/examen_scorbot_description/share/examen_scorbot_description//urdf/trajectory_controller.xacro
[0.500s] -- Up-to-date: /home/robousr/ROS2Dev/robot_2025_ws/src/install/examen_scorbot_description/share/examen_scorbot_description//urdf/position_controller.xacro
[0.500s] -- Up-to-date: /home/robousr/ROS2Dev/robot_2025_ws/src/install/examen_scorbot_description/share/examen_scorbot_description//urdf/scorbot_position_controller.xacro
[0.500s] -- Up-to-date: /home/robousr/ROS2Dev/robot_2025_ws/src/install/examen_scorbot_description/share/examen_scorbot_description//urdf/scorbot_simple_controller.xacro
[0.501s] -- Up-to-date: /home/robousr/ROS2Dev/robot_2025_ws/src/install/examen_scorbot_description/share/examen_scorbot_description//urdf/scorbot_basic_position_controller.xacro
[0.501s] -- Up-to-date: /home/robousr/ROS2Dev/robot_2025_ws/src/install/examen_scorbot_description/share/examen_scorbot_description//urdf/examen_scorbot.urdf
[0.501s] -- Up-to-date: /home/robousr/ROS2Dev/robot_2025_ws/src/install/examen_scorbot_description/share/examen_scorbot_description//urdf/scorbot_trajectory_controller.xacro
[0.501s] -- Up-to-date: /home/robousr/ROS2Dev/robot_2025_ws/src/install/examen_scorbot_description/share/examen_scorbot_description//launch
[0.503s] -- Up-to-date: /home/robousr/ROS2Dev/robot_2025_ws/src/install/examen_scorbot_description/share/examen_scorbot_description//launch/scorbot_display.launch.xml
[0.504s] -- Up-to-date: /home/robousr/ROS2Dev/robot_2025_ws/src/install/examen_scorbot_description/share/examen_scorbot_description//rviz
[0.504s] -- Up-to-date: /home/robousr/ROS2Dev/robot_2025_ws/src/install/examen_scorbot_description/share/examen_scorbot_description//config
[0.505s] -- Up-to-date: /home/robousr/ROS2Dev/robot_2025_ws/src/install/examen_scorbot_description/share/examen_scorbot_description//config/scorbot_position_controller.yaml
[0.505s] -- Up-to-date: /home/robousr/ROS2Dev/robot_2025_ws/src/install/examen_scorbot_description/share/examen_scorbot_description//config/scorbot_trajectory_controller.yaml
[0.506s] -- Up-to-date: /home/robousr/ROS2Dev/robot_2025_ws/src/install/examen_scorbot_description/share/examen_scorbot_description//meshes
[0.506s] -- Up-to-date: /home/robousr/ROS2Dev/robot_2025_ws/src/install/examen_scorbot_description/share/examen_scorbot_description//meshes/Link_4.STL
[0.506s] -- Up-to-date: /home/robousr/ROS2Dev/robot_2025_ws/src/install/examen_scorbot_description/share/examen_scorbot_description//meshes/Link_2.STL
[0.508s] -- Up-to-date: /home/robousr/ROS2Dev/robot_2025_ws/src/install/examen_scorbot_description/share/examen_scorbot_description//meshes/Link_1.STL
[0.509s] -- Up-to-date: /home/robousr/ROS2Dev/robot_2025_ws/src/install/examen_scorbot_description/share/examen_scorbot_description//meshes/Link_3.STL
[0.512s] -- Up-to-date: /home/robousr/ROS2Dev/robot_2025_ws/src/install/examen_scorbot_description/share/examen_scorbot_description//meshes/base_link.STL
[0.512s] -- Up-to-date: /home/robousr/ROS2Dev/robot_2025_ws/src/install/examen_scorbot_description/share/ament_index/resource_index/package_run_dependencies/examen_scorbot_description
[0.515s] -- Up-to-date: /home/robousr/ROS2Dev/robot_2025_ws/src/install/examen_scorbot_description/share/ament_index/resource_index/parent_prefix_path/examen_scorbot_description
[0.515s] -- Up-to-date: /home/robousr/ROS2Dev/robot_2025_ws/src/install/examen_scorbot_description/share/examen_scorbot_description/environment/ament_prefix_path.sh
[0.518s] -- Up-to-date: /home/robousr/ROS2Dev/robot_2025_ws/src/install/examen_scorbot_description/share/examen_scorbot_description/environment/ament_prefix_path.dsv
[0.518s] -- Up-to-date: /home/robousr/ROS2Dev/robot_2025_ws/src/install/examen_scorbot_description/share/examen_scorbot_description/environment/path.sh
[0.519s] -- Up-to-date: /home/robousr/ROS2Dev/robot_2025_ws/src/install/examen_scorbot_description/share/examen_scorbot_description/environment/path.dsv
[0.519s] -- Up-to-date: /home/robousr/ROS2Dev/robot_2025_ws/src/install/examen_scorbot_description/share/examen_scorbot_description/local_setup.bash
[0.519s] -- Up-to-date: /home/robousr/ROS2Dev/robot_2025_ws/src/install/examen_scorbot_description/share/examen_scorbot_description/local_setup.sh
[0.522s] -- Up-to-date: /home/robousr/ROS2Dev/robot_2025_ws/src/install/examen_scorbot_description/share/examen_scorbot_description/local_setup.zsh
[0.522s] -- Up-to-date: /home/robousr/ROS2Dev/robot_2025_ws/src/install/examen_scorbot_description/share/examen_scorbot_description/local_setup.dsv
[0.522s] -- Installing: /home/robousr/ROS2Dev/robot_2025_ws/src/install/examen_scorbot_description/share/examen_scorbot_description/package.dsv
[0.528s] -- Up-to-date: /home/robousr/ROS2Dev/robot_2025_ws/src/install/examen_scorbot_description/share/ament_index/resource_index/packages/examen_scorbot_description
[0.529s] -- Up-to-date: /home/robousr/ROS2Dev/robot_2025_ws/src/install/examen_scorbot_description/share/examen_scorbot_description/cmake/examen_scorbot_descriptionConfig.cmake
[0.530s] -- Up-to-date: /home/robousr/ROS2Dev/robot_2025_ws/src/install/examen_scorbot_description/share/examen_scorbot_description/cmake/examen_scorbot_descriptionConfig-version.cmake
[0.530s] -- Up-to-date: /home/robousr/ROS2Dev/robot_2025_ws/src/install/examen_scorbot_description/share/examen_scorbot_description/package.xml
[0.549s] Invoked command in '/home/robousr/ROS2Dev/robot_2025_ws/src/build/examen_scorbot_description' returned '0': CMAKE_PREFIX_PATH=${CMAKE_PREFIX_PATH}:/opt/ros/humble /usr/bin/cmake --install /home/robousr/ROS2Dev/robot_2025_ws/src/build/examen_scorbot_description
