[0.026s] Invoking command in '/home/robousr/ROS2Dev/robot_2025_ws/src/build/exam_bringup': CMAKE_PREFIX_PATH=${CMAKE_PREFIX_PATH}:/opt/ros/humble /usr/bin/cmake --build /home/robousr/ROS2Dev/robot_2025_ws/src/build/exam_bringup -- -j2 -l2
[0.062s] -- Found ament_cmake: 1.3.10 (/opt/ros/humble/share/ament_cmake/cmake)
[0.530s] -- Found rclpy: 3.3.14 (/opt/ros/humble/share/rclpy/cmake)
[0.530s] -- Found std_msgs: 4.2.4 (/opt/ros/humble/share/std_msgs/cmake)
[0.694s] -- Found rosidl_generator_c: 3.1.5 (/opt/ros/humble/share/rosidl_generator_c/cmake)
[0.708s] -- Found rosidl_adapter: 3.1.5 (/opt/ros/humble/share/rosidl_adapter/cmake)
[0.732s] -- Found rosidl_generator_cpp: 3.1.5 (/opt/ros/humble/share/rosidl_generator_cpp/cmake)
[0.805s] -- Using all available rosidl_typesupport_c: rosidl_typesupport_fastrtps_c;rosidl_typesupport_introspection_c
[0.900s] -- Using all available rosidl_typesupport_cpp: rosidl_typesupport_fastrtps_cpp;rosidl_typesupport_introspection_cpp
[1.250s] -- Configuring done
[1.287s] -- Generating done
[1.296s] -- Build files have been written to: /home/robousr/ROS2Dev/robot_2025_ws/src/build/exam_bringup
[1.408s] Invoked command in '/home/robousr/ROS2Dev/robot_2025_ws/src/build/exam_bringup' returned '0': CMAKE_PREFIX_PATH=${CMAKE_PREFIX_PATH}:/opt/ros/humble /usr/bin/cmake --build /home/robousr/ROS2Dev/robot_2025_ws/src/build/exam_bringup -- -j2 -l2
[1.503s] Invoking command in '/home/robousr/ROS2Dev/robot_2025_ws/src/build/exam_bringup': CMAKE_PREFIX_PATH=${CMAKE_PREFIX_PATH}:/opt/ros/humble /usr/bin/cmake --install /home/robousr/ROS2Dev/robot_2025_ws/src/build/exam_bringup
[1.519s] -- Install configuration: ""
[1.520s] -- Up-to-date: /home/robousr/ROS2Dev/robot_2025_ws/src/install/exam_bringup/share/exam_bringup//launch
[1.520s] -- Up-to-date: /home/robousr/ROS2Dev/robot_2025_ws/src/install/exam_bringup/share/exam_bringup//launch/simple_position_controller.launch.py
[1.520s] -- Up-to-date: /home/robousr/ROS2Dev/robot_2025_ws/src/install/exam_bringup/share/exam_bringup//rviz
[1.520s] -- Up-to-date: /home/robousr/ROS2Dev/robot_2025_ws/src/install/exam_bringup/share/exam_bringup//world
[1.520s] -- Up-to-date: /home/robousr/ROS2Dev/robot_2025_ws/src/install/exam_bringup/share/ament_index/resource_index/package_run_dependencies/exam_bringup
[1.520s] -- Installing: /home/robousr/ROS2Dev/robot_2025_ws/src/install/exam_bringup/share/ament_index/resource_index/parent_prefix_path/exam_bringup
[1.520s] -- Up-to-date: /home/robousr/ROS2Dev/robot_2025_ws/src/install/exam_bringup/share/exam_bringup/environment/ament_prefix_path.sh
[1.520s] -- Installing: /home/robousr/ROS2Dev/robot_2025_ws/src/install/exam_bringup/share/exam_bringup/environment/ament_prefix_path.dsv
[1.520s] -- Up-to-date: /home/robousr/ROS2Dev/robot_2025_ws/src/install/exam_bringup/share/exam_bringup/environment/path.sh
[1.520s] -- Installing: /home/robousr/ROS2Dev/robot_2025_ws/src/install/exam_bringup/share/exam_bringup/environment/path.dsv
[1.520s] -- Up-to-date: /home/robousr/ROS2Dev/robot_2025_ws/src/install/exam_bringup/share/exam_bringup/local_setup.bash
[1.520s] -- Up-to-date: /home/robousr/ROS2Dev/robot_2025_ws/src/install/exam_bringup/share/exam_bringup/local_setup.sh
[1.520s] -- Up-to-date: /home/robousr/ROS2Dev/robot_2025_ws/src/install/exam_bringup/share/exam_bringup/local_setup.zsh
[1.520s] -- Installing: /home/robousr/ROS2Dev/robot_2025_ws/src/install/exam_bringup/share/exam_bringup/local_setup.dsv
[1.520s] -- Installing: /home/robousr/ROS2Dev/robot_2025_ws/src/install/exam_bringup/share/exam_bringup/package.dsv
[1.520s] -- Up-to-date: /home/robousr/ROS2Dev/robot_2025_ws/src/install/exam_bringup/share/ament_index/resource_index/packages/exam_bringup
[1.521s] -- Up-to-date: /home/robousr/ROS2Dev/robot_2025_ws/src/install/exam_bringup/share/exam_bringup/cmake/exam_bringupConfig.cmake
[1.521s] -- Up-to-date: /home/robousr/ROS2Dev/robot_2025_ws/src/install/exam_bringup/share/exam_bringup/cmake/exam_bringupConfig-version.cmake
[1.534s] -- Up-to-date: /home/robousr/ROS2Dev/robot_2025_ws/src/install/exam_bringup/share/exam_bringup/package.xml
[1.551s] Invoked command in '/home/robousr/ROS2Dev/robot_2025_ws/src/build/exam_bringup' returned '0': CMAKE_PREFIX_PATH=${CMAKE_PREFIX_PATH}:/opt/ros/humble /usr/bin/cmake --install /home/robousr/ROS2Dev/robot_2025_ws/src/build/exam_bringup
