[0.015s] Invoking command in '/home/robousr/ROS2Dev/robot_2025_ws/src/examen_description/build/examen_description': CMAKE_PREFIX_PATH=${CMAKE_PREFIX_PATH}:/opt/ros/humble /usr/bin/cmake --build /home/robousr/ROS2Dev/robot_2025_ws/src/examen_description/build/examen_description -- -j2 -l2
[0.044s] -- Found ament_cmake: 1.3.10 (/opt/ros/humble/share/ament_cmake/cmake)
[0.452s] -- Configuring done
[0.465s] -- Generating done
[0.470s] -- Build files have been written to: /home/robousr/ROS2Dev/robot_2025_ws/src/examen_description/build/examen_description
[0.490s] Invoked command in '/home/robousr/ROS2Dev/robot_2025_ws/src/examen_description/build/examen_description' returned '0': CMAKE_PREFIX_PATH=${CMAKE_PREFIX_PATH}:/opt/ros/humble /usr/bin/cmake --build /home/robousr/ROS2Dev/robot_2025_ws/src/examen_description/build/examen_description -- -j2 -l2
[0.522s] Invoking command in '/home/robousr/ROS2Dev/robot_2025_ws/src/examen_description/build/examen_description': CMAKE_PREFIX_PATH=${CMAKE_PREFIX_PATH}:/opt/ros/humble /usr/bin/cmake --install /home/robousr/ROS2Dev/robot_2025_ws/src/examen_description/build/examen_description
[0.530s] -- Install configuration: ""
[0.530s] -- Up-to-date: /home/robousr/ROS2Dev/robot_2025_ws/src/examen_description/install/examen_description/share/examen_description//urdf
[0.531s] -- Installing: /home/robousr/ROS2Dev/robot_2025_ws/src/examen_description/install/examen_description/share/examen_description//urdf/scara_gz:propierties.xacro
[0.533s] -- Installing: /home/robousr/ROS2Dev/robot_2025_ws/src/examen_description/install/examen_description/share/examen_description//urdf/scara_simple_controller.xacro
[0.536s] -- Installing: /home/robousr/ROS2Dev/robot_2025_ws/src/examen_description/install/examen_description/share/examen_description//urdf/scara_basic_position_controller.xacro
[0.536s] -- Installing: /home/robousr/ROS2Dev/robot_2025_ws/src/examen_description/install/examen_description/share/examen_description//urdf/scara.urdf
[0.536s] -- Up-to-date: /home/robousr/ROS2Dev/robot_2025_ws/src/examen_description/install/examen_description/share/examen_description//launch
[0.536s] -- Installing: /home/robousr/ROS2Dev/robot_2025_ws/src/examen_description/install/examen_description/share/examen_description//launch/scara_display.launch.xml
[0.536s] -- Up-to-date: /home/robousr/ROS2Dev/robot_2025_ws/src/examen_description/install/examen_description/share/examen_description//rviz
[0.536s] -- Up-to-date: /home/robousr/ROS2Dev/robot_2025_ws/src/examen_description/install/examen_description/share/ament_index/resource_index/package_run_dependencies/examen_description
[0.536s] -- Installing: /home/robousr/ROS2Dev/robot_2025_ws/src/examen_description/install/examen_description/share/ament_index/resource_index/parent_prefix_path/examen_description
[0.536s] -- Up-to-date: /home/robousr/ROS2Dev/robot_2025_ws/src/examen_description/install/examen_description/share/examen_description/environment/ament_prefix_path.sh
[0.536s] -- Installing: /home/robousr/ROS2Dev/robot_2025_ws/src/examen_description/install/examen_description/share/examen_description/environment/ament_prefix_path.dsv
[0.536s] -- Up-to-date: /home/robousr/ROS2Dev/robot_2025_ws/src/examen_description/install/examen_description/share/examen_description/environment/path.sh
[0.536s] -- Installing: /home/robousr/ROS2Dev/robot_2025_ws/src/examen_description/install/examen_description/share/examen_description/environment/path.dsv
[0.537s] -- Up-to-date: /home/robousr/ROS2Dev/robot_2025_ws/src/examen_description/install/examen_description/share/examen_description/local_setup.bash
[0.537s] -- Up-to-date: /home/robousr/ROS2Dev/robot_2025_ws/src/examen_description/install/examen_description/share/examen_description/local_setup.sh
[0.537s] -- Up-to-date: /home/robousr/ROS2Dev/robot_2025_ws/src/examen_description/install/examen_description/share/examen_description/local_setup.zsh
[0.537s] -- Installing: /home/robousr/ROS2Dev/robot_2025_ws/src/examen_description/install/examen_description/share/examen_description/local_setup.dsv
[0.537s] -- Installing: /home/robousr/ROS2Dev/robot_2025_ws/src/examen_description/install/examen_description/share/examen_description/package.dsv
[0.538s] -- Up-to-date: /home/robousr/ROS2Dev/robot_2025_ws/src/examen_description/install/examen_description/share/ament_index/resource_index/packages/examen_description
[0.538s] -- Up-to-date: /home/robousr/ROS2Dev/robot_2025_ws/src/examen_description/install/examen_description/share/examen_description/cmake/examen_descriptionConfig.cmake
[0.538s] -- Up-to-date: /home/robousr/ROS2Dev/robot_2025_ws/src/examen_description/install/examen_description/share/examen_description/cmake/examen_descriptionConfig-version.cmake
[0.538s] -- Installing: /home/robousr/ROS2Dev/robot_2025_ws/src/examen_description/install/examen_description/share/examen_description/package.xml
[0.542s] Invoked command in '/home/robousr/ROS2Dev/robot_2025_ws/src/examen_description/build/examen_description' returned '0': CMAKE_PREFIX_PATH=${CMAKE_PREFIX_PATH}:/opt/ros/humble /usr/bin/cmake --install /home/robousr/ROS2Dev/robot_2025_ws/src/examen_description/build/examen_description
