[0.164s] Invoking command in '/home/robousr/ROS2Dev/robot_2025_ws/src/build/examen_scorbot_bringup': CMAKE_PREFIX_PATH=${CMAKE_PREFIX_PATH}:/opt/ros/humble /usr/bin/cmake --build /home/robousr/ROS2Dev/robot_2025_ws/src/build/examen_scorbot_bringup -- -j2 -l2
[0.735s] Built target ament_cmake_python_copy_examen_scorbot_bringup
[4.548s] running egg_info
[4.555s] writing examen_scorbot_bringup.egg-info/PKG-INFO
[4.559s] writing dependency_links to examen_scorbot_bringup.egg-info/dependency_links.txt
[4.560s] writing top-level names to examen_scorbot_bringup.egg-info/top_level.txt
[4.574s] reading manifest file 'examen_scorbot_bringup.egg-info/SOURCES.txt'
[4.578s] writing manifest file 'examen_scorbot_bringup.egg-info/SOURCES.txt'
[4.711s] Built target ament_cmake_python_build_examen_scorbot_bringup_egg
[4.788s] Invoked command in '/home/robousr/ROS2Dev/robot_2025_ws/src/build/examen_scorbot_bringup' returned '0': CMAKE_PREFIX_PATH=${CMAKE_PREFIX_PATH}:/opt/ros/humble /usr/bin/cmake --build /home/robousr/ROS2Dev/robot_2025_ws/src/build/examen_scorbot_bringup -- -j2 -l2
[4.975s] Invoking command in '/home/robousr/ROS2Dev/robot_2025_ws/src/build/examen_scorbot_bringup': CMAKE_PREFIX_PATH=${CMAKE_PREFIX_PATH}:/opt/ros/humble /usr/bin/cmake --install /home/robousr/ROS2Dev/robot_2025_ws/src/build/examen_scorbot_bringup
[5.016s] -- Install configuration: ""
[5.017s] -- Up-to-date: /home/robousr/ROS2Dev/robot_2025_ws/src/install/examen_scorbot_bringup/share/examen_scorbot_bringup//launch
[5.017s] -- Up-to-date: /home/robousr/ROS2Dev/robot_2025_ws/src/install/examen_scorbot_bringup/share/examen_scorbot_bringup//launch/simple_position_controller.launch.py
[5.018s] -- Installing: /home/robousr/ROS2Dev/robot_2025_ws/src/install/examen_scorbot_bringup/share/examen_scorbot_bringup//launch/trajectory_controller_scorbot.py
[5.019s] -- Up-to-date: /home/robousr/ROS2Dev/robot_2025_ws/src/install/examen_scorbot_bringup/share/examen_scorbot_bringup//rviz
[5.023s] -- Up-to-date: /home/robousr/ROS2Dev/robot_2025_ws/src/install/examen_scorbot_bringup/share/examen_scorbot_bringup//world
[5.024s] -- Up-to-date: /home/robousr/ROS2Dev/robot_2025_ws/src/install/examen_scorbot_bringup/share/examen_scorbot_bringup//src
[5.026s] -- Up-to-date: /home/robousr/ROS2Dev/robot_2025_ws/src/install/examen_scorbot_bringup/share/examen_scorbot_bringup//src/position_test.py
[5.027s] -- Up-to-date: /home/robousr/ROS2Dev/robot_2025_ws/src/install/examen_scorbot_bringup/share/examen_scorbot_bringup//src/trajectory_test.py
[5.029s] -- Up-to-date: /home/robousr/ROS2Dev/robot_2025_ws/src/install/examen_scorbot_bringup/share/examen_scorbot_bringup/environment/pythonpath.sh
[5.030s] -- Up-to-date: /home/robousr/ROS2Dev/robot_2025_ws/src/install/examen_scorbot_bringup/share/examen_scorbot_bringup/environment/pythonpath.dsv
[5.032s] -- Up-to-date: /home/robousr/ROS2Dev/robot_2025_ws/src/install/examen_scorbot_bringup/local/lib/python3.10/dist-packages/examen_scorbot_bringup-0.0.0-py3.10.egg-info
[5.033s] -- Installing: /home/robousr/ROS2Dev/robot_2025_ws/src/install/examen_scorbot_bringup/local/lib/python3.10/dist-packages/examen_scorbot_bringup-0.0.0-py3.10.egg-info/dependency_links.txt
[5.033s] -- Installing: /home/robousr/ROS2Dev/robot_2025_ws/src/install/examen_scorbot_bringup/local/lib/python3.10/dist-packages/examen_scorbot_bringup-0.0.0-py3.10.egg-info/PKG-INFO
[5.033s] -- Installing: /home/robousr/ROS2Dev/robot_2025_ws/src/install/examen_scorbot_bringup/local/lib/python3.10/dist-packages/examen_scorbot_bringup-0.0.0-py3.10.egg-info/top_level.txt
[5.033s] -- Installing: /home/robousr/ROS2Dev/robot_2025_ws/src/install/examen_scorbot_bringup/local/lib/python3.10/dist-packages/examen_scorbot_bringup-0.0.0-py3.10.egg-info/SOURCES.txt
[5.033s] -- Up-to-date: /home/robousr/ROS2Dev/robot_2025_ws/src/install/examen_scorbot_bringup/local/lib/python3.10/dist-packages/examen_scorbot_bringup
[5.034s] -- Up-to-date: /home/robousr/ROS2Dev/robot_2025_ws/src/install/examen_scorbot_bringup/local/lib/python3.10/dist-packages/examen_scorbot_bringup/__init__.py
[5.623s] Listing '/home/robousr/ROS2Dev/robot_2025_ws/src/install/examen_scorbot_bringup/local/lib/python3.10/dist-packages/examen_scorbot_bringup'...
[5.651s] -- Up-to-date: /home/robousr/ROS2Dev/robot_2025_ws/src/install/examen_scorbot_bringup/lib/examen_scorbot_bringup/position_test.py
[5.657s] -- Up-to-date: /home/robousr/ROS2Dev/robot_2025_ws/src/install/examen_scorbot_bringup/lib/examen_scorbot_bringup/trajectory_test.py
[5.659s] -- Up-to-date: /home/robousr/ROS2Dev/robot_2025_ws/src/install/examen_scorbot_bringup/share/ament_index/resource_index/package_run_dependencies/examen_scorbot_bringup
[5.661s] -- Up-to-date: /home/robousr/ROS2Dev/robot_2025_ws/src/install/examen_scorbot_bringup/share/ament_index/resource_index/parent_prefix_path/examen_scorbot_bringup
[5.662s] -- Up-to-date: /home/robousr/ROS2Dev/robot_2025_ws/src/install/examen_scorbot_bringup/share/examen_scorbot_bringup/environment/ament_prefix_path.sh
[5.663s] -- Up-to-date: /home/robousr/ROS2Dev/robot_2025_ws/src/install/examen_scorbot_bringup/share/examen_scorbot_bringup/environment/ament_prefix_path.dsv
[5.671s] -- Up-to-date: /home/robousr/ROS2Dev/robot_2025_ws/src/install/examen_scorbot_bringup/share/examen_scorbot_bringup/environment/path.sh
[5.671s] -- Up-to-date: /home/robousr/ROS2Dev/robot_2025_ws/src/install/examen_scorbot_bringup/share/examen_scorbot_bringup/environment/path.dsv
[5.675s] -- Up-to-date: /home/robousr/ROS2Dev/robot_2025_ws/src/install/examen_scorbot_bringup/share/examen_scorbot_bringup/local_setup.bash
[5.675s] -- Up-to-date: /home/robousr/ROS2Dev/robot_2025_ws/src/install/examen_scorbot_bringup/share/examen_scorbot_bringup/local_setup.sh
[5.675s] -- Up-to-date: /home/robousr/ROS2Dev/robot_2025_ws/src/install/examen_scorbot_bringup/share/examen_scorbot_bringup/local_setup.zsh
[5.678s] -- Up-to-date: /home/robousr/ROS2Dev/robot_2025_ws/src/install/examen_scorbot_bringup/share/examen_scorbot_bringup/local_setup.dsv
[5.678s] -- Installing: /home/robousr/ROS2Dev/robot_2025_ws/src/install/examen_scorbot_bringup/share/examen_scorbot_bringup/package.dsv
[5.679s] -- Up-to-date: /home/robousr/ROS2Dev/robot_2025_ws/src/install/examen_scorbot_bringup/share/ament_index/resource_index/packages/examen_scorbot_bringup
[5.679s] -- Up-to-date: /home/robousr/ROS2Dev/robot_2025_ws/src/install/examen_scorbot_bringup/share/examen_scorbot_bringup/cmake/examen_scorbot_bringupConfig.cmake
[5.684s] -- Up-to-date: /home/robousr/ROS2Dev/robot_2025_ws/src/install/examen_scorbot_bringup/share/examen_scorbot_bringup/cmake/examen_scorbot_bringupConfig-version.cmake
[5.685s] -- Up-to-date: /home/robousr/ROS2Dev/robot_2025_ws/src/install/examen_scorbot_bringup/share/examen_scorbot_bringup/package.xml
[5.702s] Invoked command in '/home/robousr/ROS2Dev/robot_2025_ws/src/build/examen_scorbot_bringup' returned '0': CMAKE_PREFIX_PATH=${CMAKE_PREFIX_PATH}:/opt/ros/humble /usr/bin/cmake --install /home/robousr/ROS2Dev/robot_2025_ws/src/build/examen_scorbot_bringup
