[0.016s] Invoking command in '/home/robousr/ROS2Dev/robot_2025_ws/src/examen_scorbot_bringup/build/examen_scorbot_bringup': CMAKE_PREFIX_PATH=${CMAKE_PREFIX_PATH}:/opt/ros/humble /usr/bin/cmake --build /home/robousr/ROS2Dev/robot_2025_ws/src/examen_scorbot_bringup/build/examen_scorbot_bringup -- -j2 -l2
[0.078s] Invoked command in '/home/robousr/ROS2Dev/robot_2025_ws/src/examen_scorbot_bringup/build/examen_scorbot_bringup' returned '0': CMAKE_PREFIX_PATH=${CMAKE_PREFIX_PATH}:/opt/ros/humble /usr/bin/cmake --build /home/robousr/ROS2Dev/robot_2025_ws/src/examen_scorbot_bringup/build/examen_scorbot_bringup -- -j2 -l2
[0.118s] Invoking command in '/home/robousr/ROS2Dev/robot_2025_ws/src/examen_scorbot_bringup/build/examen_scorbot_bringup': CMAKE_PREFIX_PATH=${CMAKE_PREFIX_PATH}:/opt/ros/humble /usr/bin/cmake --install /home/robousr/ROS2Dev/robot_2025_ws/src/examen_scorbot_bringup/build/examen_scorbot_bringup
[0.130s] -- Install configuration: ""
[0.131s] -- Up-to-date: /home/robousr/ROS2Dev/robot_2025_ws/src/examen_scorbot_bringup/install/examen_scorbot_bringup/share/examen_scorbot_bringup//launch
[0.133s] -- Up-to-date: /home/robousr/ROS2Dev/robot_2025_ws/src/examen_scorbot_bringup/install/examen_scorbot_bringup/share/examen_scorbot_bringup//launch/simple_position_controller.launch.py
[0.134s] -- Up-to-date: /home/robousr/ROS2Dev/robot_2025_ws/src/examen_scorbot_bringup/install/examen_scorbot_bringup/share/examen_scorbot_bringup//rviz
[0.134s] -- Up-to-date: /home/robousr/ROS2Dev/robot_2025_ws/src/examen_scorbot_bringup/install/examen_scorbot_bringup/share/examen_scorbot_bringup//world
[0.134s] -- Up-to-date: /home/robousr/ROS2Dev/robot_2025_ws/src/examen_scorbot_bringup/install/examen_scorbot_bringup/share/ament_index/resource_index/package_run_dependencies/examen_scorbot_bringup
[0.134s] -- Up-to-date: /home/robousr/ROS2Dev/robot_2025_ws/src/examen_scorbot_bringup/install/examen_scorbot_bringup/share/ament_index/resource_index/parent_prefix_path/examen_scorbot_bringup
[0.134s] -- Up-to-date: /home/robousr/ROS2Dev/robot_2025_ws/src/examen_scorbot_bringup/install/examen_scorbot_bringup/share/examen_scorbot_bringup/environment/ament_prefix_path.sh
[0.134s] -- Up-to-date: /home/robousr/ROS2Dev/robot_2025_ws/src/examen_scorbot_bringup/install/examen_scorbot_bringup/share/examen_scorbot_bringup/environment/ament_prefix_path.dsv
[0.134s] -- Up-to-date: /home/robousr/ROS2Dev/robot_2025_ws/src/examen_scorbot_bringup/install/examen_scorbot_bringup/share/examen_scorbot_bringup/environment/path.sh
[0.135s] -- Up-to-date: /home/robousr/ROS2Dev/robot_2025_ws/src/examen_scorbot_bringup/install/examen_scorbot_bringup/share/examen_scorbot_bringup/environment/path.dsv
[0.135s] -- Up-to-date: /home/robousr/ROS2Dev/robot_2025_ws/src/examen_scorbot_bringup/install/examen_scorbot_bringup/share/examen_scorbot_bringup/local_setup.bash
[0.135s] -- Up-to-date: /home/robousr/ROS2Dev/robot_2025_ws/src/examen_scorbot_bringup/install/examen_scorbot_bringup/share/examen_scorbot_bringup/local_setup.sh
[0.137s] -- Up-to-date: /home/robousr/ROS2Dev/robot_2025_ws/src/examen_scorbot_bringup/install/examen_scorbot_bringup/share/examen_scorbot_bringup/local_setup.zsh
[0.137s] -- Up-to-date: /home/robousr/ROS2Dev/robot_2025_ws/src/examen_scorbot_bringup/install/examen_scorbot_bringup/share/examen_scorbot_bringup/local_setup.dsv
[0.137s] -- Installing: /home/robousr/ROS2Dev/robot_2025_ws/src/examen_scorbot_bringup/install/examen_scorbot_bringup/share/examen_scorbot_bringup/package.dsv
[0.137s] -- Up-to-date: /home/robousr/ROS2Dev/robot_2025_ws/src/examen_scorbot_bringup/install/examen_scorbot_bringup/share/ament_index/resource_index/packages/examen_scorbot_bringup
[0.137s] -- Up-to-date: /home/robousr/ROS2Dev/robot_2025_ws/src/examen_scorbot_bringup/install/examen_scorbot_bringup/share/examen_scorbot_bringup/cmake/examen_scorbot_bringupConfig.cmake
[0.137s] -- Up-to-date: /home/robousr/ROS2Dev/robot_2025_ws/src/examen_scorbot_bringup/install/examen_scorbot_bringup/share/examen_scorbot_bringup/cmake/examen_scorbot_bringupConfig-version.cmake
[0.137s] -- Up-to-date: /home/robousr/ROS2Dev/robot_2025_ws/src/examen_scorbot_bringup/install/examen_scorbot_bringup/share/examen_scorbot_bringup/package.xml
[0.144s] Invoked command in '/home/robousr/ROS2Dev/robot_2025_ws/src/examen_scorbot_bringup/build/examen_scorbot_bringup' returned '0': CMAKE_PREFIX_PATH=${CMAKE_PREFIX_PATH}:/opt/ros/humble /usr/bin/cmake --install /home/robousr/ROS2Dev/robot_2025_ws/src/examen_scorbot_bringup/build/examen_scorbot_bringup
