[0.047s] Invoking command in '/home/robousr/ROS2Dev/robot_2025_ws/src/practica1_description/build/practica1_description': CMAKE_PREFIX_PATH=/opt/ros/humble /usr/bin/cmake --build /home/robousr/ROS2Dev/robot_2025_ws/src/practica1_description/build/practica1_description -- -j2 -l2
[0.181s] Invoked command in '/home/robousr/ROS2Dev/robot_2025_ws/src/practica1_description/build/practica1_description' returned '0': CMAKE_PREFIX_PATH=/opt/ros/humble /usr/bin/cmake --build /home/robousr/ROS2Dev/robot_2025_ws/src/practica1_description/build/practica1_description -- -j2 -l2
[0.301s] Invoking command in '/home/robousr/ROS2Dev/robot_2025_ws/src/practica1_description/build/practica1_description': CMAKE_PREFIX_PATH=/opt/ros/humble /usr/bin/cmake --install /home/robousr/ROS2Dev/robot_2025_ws/src/practica1_description/build/practica1_description
[0.328s] -- Install configuration: ""
[0.328s] -- Up-to-date: /home/robousr/ROS2Dev/robot_2025_ws/src/practica1_description/install/practica1_description/share/practica1_description//urdf
[0.331s] -- Installing: /home/robousr/ROS2Dev/robot_2025_ws/src/practica1_description/install/practica1_description/share/practica1_description//urdf/basic_link.urdf
[0.332s] -- Up-to-date: /home/robousr/ROS2Dev/robot_2025_ws/src/practica1_description/install/practica1_description/share/practica1_description//launch
[0.339s] -- Up-to-date: /home/robousr/ROS2Dev/robot_2025_ws/src/practica1_description/install/practica1_description/share/practica1_description//launch/basic_link_display.launch.py
[0.340s] -- Up-to-date: /home/robousr/ROS2Dev/robot_2025_ws/src/practica1_description/install/practica1_description/share/practica1_description//launch/basic_link_display.launch.xml
[0.340s] -- Up-to-date: /home/robousr/ROS2Dev/robot_2025_ws/src/practica1_description/install/practica1_description/share/practica1_description//rviz
[0.341s] -- Up-to-date: /home/robousr/ROS2Dev/robot_2025_ws/src/practica1_description/install/practica1_description/share/practica1_description//rviz/basic_link_config.rviz
[0.347s] -- Up-to-date: /home/robousr/ROS2Dev/robot_2025_ws/src/practica1_description/install/practica1_description/share/ament_index/resource_index/package_run_dependencies/practica1_description
[0.349s] -- Up-to-date: /home/robousr/ROS2Dev/robot_2025_ws/src/practica1_description/install/practica1_description/share/ament_index/resource_index/parent_prefix_path/practica1_description
[0.350s] -- Up-to-date: /home/robousr/ROS2Dev/robot_2025_ws/src/practica1_description/install/practica1_description/share/practica1_description/environment/ament_prefix_path.sh
[0.350s] -- Up-to-date: /home/robousr/ROS2Dev/robot_2025_ws/src/practica1_description/install/practica1_description/share/practica1_description/environment/ament_prefix_path.dsv
[0.355s] -- Up-to-date: /home/robousr/ROS2Dev/robot_2025_ws/src/practica1_description/install/practica1_description/share/practica1_description/environment/path.sh
[0.356s] -- Up-to-date: /home/robousr/ROS2Dev/robot_2025_ws/src/practica1_description/install/practica1_description/share/practica1_description/environment/path.dsv
[0.356s] -- Up-to-date: /home/robousr/ROS2Dev/robot_2025_ws/src/practica1_description/install/practica1_description/share/practica1_description/local_setup.bash
[0.356s] -- Up-to-date: /home/robousr/ROS2Dev/robot_2025_ws/src/practica1_description/install/practica1_description/share/practica1_description/local_setup.sh
[0.357s] -- Up-to-date: /home/robousr/ROS2Dev/robot_2025_ws/src/practica1_description/install/practica1_description/share/practica1_description/local_setup.zsh
[0.357s] -- Up-to-date: /home/robousr/ROS2Dev/robot_2025_ws/src/practica1_description/install/practica1_description/share/practica1_description/local_setup.dsv
[0.357s] -- Installing: /home/robousr/ROS2Dev/robot_2025_ws/src/practica1_description/install/practica1_description/share/practica1_description/package.dsv
[0.357s] -- Up-to-date: /home/robousr/ROS2Dev/robot_2025_ws/src/practica1_description/install/practica1_description/share/ament_index/resource_index/packages/practica1_description
[0.358s] -- Up-to-date: /home/robousr/ROS2Dev/robot_2025_ws/src/practica1_description/install/practica1_description/share/practica1_description/cmake/practica1_descriptionConfig.cmake
[0.358s] -- Up-to-date: /home/robousr/ROS2Dev/robot_2025_ws/src/practica1_description/install/practica1_description/share/practica1_description/cmake/practica1_descriptionConfig-version.cmake
[0.362s] -- Up-to-date: /home/robousr/ROS2Dev/robot_2025_ws/src/practica1_description/install/practica1_description/share/practica1_description/package.xml
[0.363s] Invoked command in '/home/robousr/ROS2Dev/robot_2025_ws/src/practica1_description/build/practica1_description' returned '0': CMAKE_PREFIX_PATH=/opt/ros/humble /usr/bin/cmake --install /home/robousr/ROS2Dev/robot_2025_ws/src/practica1_description/build/practica1_description
