[0.060s] Invoking command in '/home/robousr/ROS2Dev/robot_2025_ws/src/build/examen_scorbot_bringup': CMAKE_PREFIX_PATH=${CMAKE_PREFIX_PATH}:/opt/ros/humble /usr/bin/cmake --build /home/robousr/ROS2Dev/robot_2025_ws/src/build/examen_scorbot_bringup -- -j2 -l2
[0.385s] Built target ament_cmake_python_copy_examen_scorbot_bringup
[2.136s] running egg_info
[2.150s] writing examen_scorbot_bringup.egg-info/PKG-INFO
[2.154s] writing dependency_links to examen_scorbot_bringup.egg-info/dependency_links.txt
[2.159s] writing top-level names to examen_scorbot_bringup.egg-info/top_level.txt
[2.159s] reading manifest file 'examen_scorbot_bringup.egg-info/SOURCES.txt'
[2.176s] writing manifest file 'examen_scorbot_bringup.egg-info/SOURCES.txt'
[2.251s] Built target ament_cmake_python_build_examen_scorbot_bringup_egg
[2.305s] Invoked command in '/home/robousr/ROS2Dev/robot_2025_ws/src/build/examen_scorbot_bringup' returned '0': CMAKE_PREFIX_PATH=${CMAKE_PREFIX_PATH}:/opt/ros/humble /usr/bin/cmake --build /home/robousr/ROS2Dev/robot_2025_ws/src/build/examen_scorbot_bringup -- -j2 -l2
[2.485s] Invoking command in '/home/robousr/ROS2Dev/robot_2025_ws/src/build/examen_scorbot_bringup': CMAKE_PREFIX_PATH=${CMAKE_PREFIX_PATH}:/opt/ros/humble /usr/bin/cmake --install /home/robousr/ROS2Dev/robot_2025_ws/src/build/examen_scorbot_bringup
[2.520s] -- Install configuration: ""
[2.522s] -- Up-to-date: /home/robousr/ROS2Dev/robot_2025_ws/src/install/examen_scorbot_bringup/share/examen_scorbot_bringup//launch
[2.526s] -- Up-to-date: /home/robousr/ROS2Dev/robot_2025_ws/src/install/examen_scorbot_bringup/share/examen_scorbot_bringup//launch/simple_position_controller.launch.py
[2.526s] -- Installing: /home/robousr/ROS2Dev/robot_2025_ws/src/install/examen_scorbot_bringup/share/examen_scorbot_bringup//launch/trajectory_controller_scorbot.py
[2.526s] -- Up-to-date: /home/robousr/ROS2Dev/robot_2025_ws/src/install/examen_scorbot_bringup/share/examen_scorbot_bringup//rviz
[2.527s] -- Up-to-date: /home/robousr/ROS2Dev/robot_2025_ws/src/install/examen_scorbot_bringup/share/examen_scorbot_bringup//world
[2.527s] -- Up-to-date: /home/robousr/ROS2Dev/robot_2025_ws/src/install/examen_scorbot_bringup/share/examen_scorbot_bringup//src
[2.530s] -- Up-to-date: /home/robousr/ROS2Dev/robot_2025_ws/src/install/examen_scorbot_bringup/share/examen_scorbot_bringup//src/position_test.py
[2.532s] -- Up-to-date: /home/robousr/ROS2Dev/robot_2025_ws/src/install/examen_scorbot_bringup/share/examen_scorbot_bringup//src/trajectory_test.py
[2.532s] -- Up-to-date: /home/robousr/ROS2Dev/robot_2025_ws/src/install/examen_scorbot_bringup/share/examen_scorbot_bringup/environment/pythonpath.sh
[2.533s] -- Up-to-date: /home/robousr/ROS2Dev/robot_2025_ws/src/install/examen_scorbot_bringup/share/examen_scorbot_bringup/environment/pythonpath.dsv
[2.534s] -- Up-to-date: /home/robousr/ROS2Dev/robot_2025_ws/src/install/examen_scorbot_bringup/local/lib/python3.10/dist-packages/examen_scorbot_bringup-0.0.0-py3.10.egg-info
[2.536s] -- Installing: /home/robousr/ROS2Dev/robot_2025_ws/src/install/examen_scorbot_bringup/local/lib/python3.10/dist-packages/examen_scorbot_bringup-0.0.0-py3.10.egg-info/dependency_links.txt
[2.537s] -- Installing: /home/robousr/ROS2Dev/robot_2025_ws/src/install/examen_scorbot_bringup/local/lib/python3.10/dist-packages/examen_scorbot_bringup-0.0.0-py3.10.egg-info/PKG-INFO
[2.540s] -- Installing: /home/robousr/ROS2Dev/robot_2025_ws/src/install/examen_scorbot_bringup/local/lib/python3.10/dist-packages/examen_scorbot_bringup-0.0.0-py3.10.egg-info/top_level.txt
[2.541s] -- Installing: /home/robousr/ROS2Dev/robot_2025_ws/src/install/examen_scorbot_bringup/local/lib/python3.10/dist-packages/examen_scorbot_bringup-0.0.0-py3.10.egg-info/SOURCES.txt
[2.541s] -- Up-to-date: /home/robousr/ROS2Dev/robot_2025_ws/src/install/examen_scorbot_bringup/local/lib/python3.10/dist-packages/examen_scorbot_bringup
[2.544s] -- Up-to-date: /home/robousr/ROS2Dev/robot_2025_ws/src/install/examen_scorbot_bringup/local/lib/python3.10/dist-packages/examen_scorbot_bringup/__init__.py
[3.031s] Listing '/home/robousr/ROS2Dev/robot_2025_ws/src/install/examen_scorbot_bringup/local/lib/python3.10/dist-packages/examen_scorbot_bringup'...
[3.056s] -- Up-to-date: /home/robousr/ROS2Dev/robot_2025_ws/src/install/examen_scorbot_bringup/lib/examen_scorbot_bringup/position_test.py
[3.059s] -- Up-to-date: /home/robousr/ROS2Dev/robot_2025_ws/src/install/examen_scorbot_bringup/lib/examen_scorbot_bringup/trajectory_test.py
[3.060s] -- Up-to-date: /home/robousr/ROS2Dev/robot_2025_ws/src/install/examen_scorbot_bringup/share/ament_index/resource_index/package_run_dependencies/examen_scorbot_bringup
[3.060s] -- Up-to-date: /home/robousr/ROS2Dev/robot_2025_ws/src/install/examen_scorbot_bringup/share/ament_index/resource_index/parent_prefix_path/examen_scorbot_bringup
[3.060s] -- Up-to-date: /home/robousr/ROS2Dev/robot_2025_ws/src/install/examen_scorbot_bringup/share/examen_scorbot_bringup/environment/ament_prefix_path.sh
[3.060s] -- Up-to-date: /home/robousr/ROS2Dev/robot_2025_ws/src/install/examen_scorbot_bringup/share/examen_scorbot_bringup/environment/ament_prefix_path.dsv
[3.060s] -- Up-to-date: /home/robousr/ROS2Dev/robot_2025_ws/src/install/examen_scorbot_bringup/share/examen_scorbot_bringup/environment/path.sh
[3.060s] -- Up-to-date: /home/robousr/ROS2Dev/robot_2025_ws/src/install/examen_scorbot_bringup/share/examen_scorbot_bringup/environment/path.dsv
[3.061s] -- Up-to-date: /home/robousr/ROS2Dev/robot_2025_ws/src/install/examen_scorbot_bringup/share/examen_scorbot_bringup/local_setup.bash
[3.061s] -- Up-to-date: /home/robousr/ROS2Dev/robot_2025_ws/src/install/examen_scorbot_bringup/share/examen_scorbot_bringup/local_setup.sh
[3.063s] -- Up-to-date: /home/robousr/ROS2Dev/robot_2025_ws/src/install/examen_scorbot_bringup/share/examen_scorbot_bringup/local_setup.zsh
[3.064s] -- Up-to-date: /home/robousr/ROS2Dev/robot_2025_ws/src/install/examen_scorbot_bringup/share/examen_scorbot_bringup/local_setup.dsv
[3.064s] -- Installing: /home/robousr/ROS2Dev/robot_2025_ws/src/install/examen_scorbot_bringup/share/examen_scorbot_bringup/package.dsv
[3.064s] -- Up-to-date: /home/robousr/ROS2Dev/robot_2025_ws/src/install/examen_scorbot_bringup/share/ament_index/resource_index/packages/examen_scorbot_bringup
[3.064s] -- Up-to-date: /home/robousr/ROS2Dev/robot_2025_ws/src/install/examen_scorbot_bringup/share/examen_scorbot_bringup/cmake/examen_scorbot_bringupConfig.cmake
[3.064s] -- Up-to-date: /home/robousr/ROS2Dev/robot_2025_ws/src/install/examen_scorbot_bringup/share/examen_scorbot_bringup/cmake/examen_scorbot_bringupConfig-version.cmake
[3.064s] -- Up-to-date: /home/robousr/ROS2Dev/robot_2025_ws/src/install/examen_scorbot_bringup/share/examen_scorbot_bringup/package.xml
[3.138s] Invoked command in '/home/robousr/ROS2Dev/robot_2025_ws/src/build/examen_scorbot_bringup' returned '0': CMAKE_PREFIX_PATH=${CMAKE_PREFIX_PATH}:/opt/ros/humble /usr/bin/cmake --install /home/robousr/ROS2Dev/robot_2025_ws/src/build/examen_scorbot_bringup
