[0.094s] Invoking command in '/home/robousr/ROS2Dev/robot_2025_ws/src/build/examen_bringup': CMAKE_PREFIX_PATH=${CMAKE_PREFIX_PATH}:/opt/ros/humble /usr/bin/cmake --build /home/robousr/ROS2Dev/robot_2025_ws/src/build/examen_bringup -- -j2 -l2
[0.373s] Built target ament_cmake_python_copy_examen_bringup
[2.622s] running egg_info
[2.627s] writing examen_bringup.egg-info/PKG-INFO
[2.632s] writing dependency_links to examen_bringup.egg-info/dependency_links.txt
[2.635s] writing top-level names to examen_bringup.egg-info/top_level.txt
[2.650s] reading manifest file 'examen_bringup.egg-info/SOURCES.txt'
[2.654s] writing manifest file 'examen_bringup.egg-info/SOURCES.txt'
[2.768s] Built target ament_cmake_python_build_examen_bringup_egg
[2.833s] Invoked command in '/home/robousr/ROS2Dev/robot_2025_ws/src/build/examen_bringup' returned '0': CMAKE_PREFIX_PATH=${CMAKE_PREFIX_PATH}:/opt/ros/humble /usr/bin/cmake --build /home/robousr/ROS2Dev/robot_2025_ws/src/build/examen_bringup -- -j2 -l2
[2.963s] Invoking command in '/home/robousr/ROS2Dev/robot_2025_ws/src/build/examen_bringup': CMAKE_PREFIX_PATH=${CMAKE_PREFIX_PATH}:/opt/ros/humble /usr/bin/cmake --install /home/robousr/ROS2Dev/robot_2025_ws/src/build/examen_bringup
[3.005s] -- Install configuration: ""
[3.010s] -- Up-to-date: /home/robousr/ROS2Dev/robot_2025_ws/src/install/examen_bringup/share/examen_bringup//launch
[3.011s] -- Up-to-date: /home/robousr/ROS2Dev/robot_2025_ws/src/install/examen_bringup/share/examen_bringup//launch/roberto_pos_controller_scara.launch.py
[3.017s] -- Up-to-date: /home/robousr/ROS2Dev/robot_2025_ws/src/install/examen_bringup/share/examen_bringup//launch/tes2_trayectory_controller_scara.launch.py
[3.017s] -- Up-to-date: /home/robousr/ROS2Dev/robot_2025_ws/src/install/examen_bringup/share/examen_bringup//launch/position_controller_scara.launch.py
[3.020s] -- Up-to-date: /home/robousr/ROS2Dev/robot_2025_ws/src/install/examen_bringup/share/examen_bringup//launch/test_trajectory_controller.launch.py
[3.020s] -- Up-to-date: /home/robousr/ROS2Dev/robot_2025_ws/src/install/examen_bringup/share/examen_bringup//launch/trajectory_controller_scara.launch.py
[3.021s] -- Up-to-date: /home/robousr/ROS2Dev/robot_2025_ws/src/install/examen_bringup/share/examen_bringup//launch/simple_controller_scara.launch.py
[3.024s] -- Up-to-date: /home/robousr/ROS2Dev/robot_2025_ws/src/install/examen_bringup/share/examen_bringup//rviz
[3.026s] -- Up-to-date: /home/robousr/ROS2Dev/robot_2025_ws/src/install/examen_bringup/share/examen_bringup//rviz/scara_trajectory_controller_rviz.rviz
[3.027s] -- Up-to-date: /home/robousr/ROS2Dev/robot_2025_ws/src/install/examen_bringup/share/examen_bringup//world
[3.032s] -- Up-to-date: /home/robousr/ROS2Dev/robot_2025_ws/src/install/examen_bringup/share/examen_bringup//world/test_2_world.world
[3.033s] -- Up-to-date: /home/robousr/ROS2Dev/robot_2025_ws/src/install/examen_bringup/share/examen_bringup//world/test_2_world
[3.033s] -- Up-to-date: /home/robousr/ROS2Dev/robot_2025_ws/src/install/examen_bringup/share/examen_bringup//world/test_2_world/roberto
[3.037s] -- Up-to-date: /home/robousr/ROS2Dev/robot_2025_ws/src/install/examen_bringup/share/examen_bringup//world/test_2_world/roberto/model.sdf
[3.038s] -- Up-to-date: /home/robousr/ROS2Dev/robot_2025_ws/src/install/examen_bringup/share/examen_bringup//world/test_2_world/roberto/model.config
[3.038s] -- Up-to-date: /home/robousr/ROS2Dev/robot_2025_ws/src/install/examen_bringup/share/examen_bringup//world/test_world
[3.039s] -- Up-to-date: /home/robousr/ROS2Dev/robot_2025_ws/src/install/examen_bringup/share/examen_bringup//world/test_world/model.sdf
[3.043s] -- Up-to-date: /home/robousr/ROS2Dev/robot_2025_ws/src/install/examen_bringup/share/examen_bringup//world/test_world/model.config
[3.044s] -- Up-to-date: /home/robousr/ROS2Dev/robot_2025_ws/src/install/examen_bringup/share/examen_bringup//world/test_w_1.world
[3.045s] -- Up-to-date: /home/robousr/ROS2Dev/robot_2025_ws/src/install/examen_bringup/share/examen_bringup//src
[3.045s] -- Up-to-date: /home/robousr/ROS2Dev/robot_2025_ws/src/install/examen_bringup/share/examen_bringup//src/multi_tray.py
[3.046s] -- Up-to-date: /home/robousr/ROS2Dev/robot_2025_ws/src/install/examen_bringup/share/examen_bringup//src/position_test.py
[3.046s] -- Up-to-date: /home/robousr/ROS2Dev/robot_2025_ws/src/install/examen_bringup/share/examen_bringup//src/trajectory_test.py
[3.049s] -- Up-to-date: /home/robousr/ROS2Dev/robot_2025_ws/src/install/examen_bringup/share/examen_bringup//src/tray_test.py
[3.049s] -- Up-to-date: /home/robousr/ROS2Dev/robot_2025_ws/src/install/examen_bringup/share/examen_bringup/environment/pythonpath.sh
[3.050s] -- Up-to-date: /home/robousr/ROS2Dev/robot_2025_ws/src/install/examen_bringup/share/examen_bringup/environment/pythonpath.dsv
[3.053s] -- Up-to-date: /home/robousr/ROS2Dev/robot_2025_ws/src/install/examen_bringup/local/lib/python3.10/dist-packages/examen_bringup-0.0.0-py3.10.egg-info
[3.054s] -- Installing: /home/robousr/ROS2Dev/robot_2025_ws/src/install/examen_bringup/local/lib/python3.10/dist-packages/examen_bringup-0.0.0-py3.10.egg-info/dependency_links.txt
[3.054s] -- Installing: /home/robousr/ROS2Dev/robot_2025_ws/src/install/examen_bringup/local/lib/python3.10/dist-packages/examen_bringup-0.0.0-py3.10.egg-info/PKG-INFO
[3.055s] -- Installing: /home/robousr/ROS2Dev/robot_2025_ws/src/install/examen_bringup/local/lib/python3.10/dist-packages/examen_bringup-0.0.0-py3.10.egg-info/top_level.txt
[3.055s] -- Installing: /home/robousr/ROS2Dev/robot_2025_ws/src/install/examen_bringup/local/lib/python3.10/dist-packages/examen_bringup-0.0.0-py3.10.egg-info/SOURCES.txt
[3.055s] -- Up-to-date: /home/robousr/ROS2Dev/robot_2025_ws/src/install/examen_bringup/local/lib/python3.10/dist-packages/examen_bringup
[3.058s] -- Up-to-date: /home/robousr/ROS2Dev/robot_2025_ws/src/install/examen_bringup/local/lib/python3.10/dist-packages/examen_bringup/__init__.py
[3.463s] Listing '/home/robousr/ROS2Dev/robot_2025_ws/src/install/examen_bringup/local/lib/python3.10/dist-packages/examen_bringup'...
[3.476s] -- Up-to-date: /home/robousr/ROS2Dev/robot_2025_ws/src/install/examen_bringup/lib/examen_bringup/trajectory_test.py
[3.478s] -- Up-to-date: /home/robousr/ROS2Dev/robot_2025_ws/src/install/examen_bringup/lib/examen_bringup/tray_test.py
[3.482s] -- Up-to-date: /home/robousr/ROS2Dev/robot_2025_ws/src/install/examen_bringup/lib/examen_bringup/multi_tray.py
[3.482s] -- Up-to-date: /home/robousr/ROS2Dev/robot_2025_ws/src/install/examen_bringup/share/ament_index/resource_index/package_run_dependencies/examen_bringup
[3.482s] -- Up-to-date: /home/robousr/ROS2Dev/robot_2025_ws/src/install/examen_bringup/share/ament_index/resource_index/parent_prefix_path/examen_bringup
[3.483s] -- Up-to-date: /home/robousr/ROS2Dev/robot_2025_ws/src/install/examen_bringup/share/examen_bringup/environment/ament_prefix_path.sh
[3.483s] -- Up-to-date: /home/robousr/ROS2Dev/robot_2025_ws/src/install/examen_bringup/share/examen_bringup/environment/ament_prefix_path.dsv
[3.483s] -- Up-to-date: /home/robousr/ROS2Dev/robot_2025_ws/src/install/examen_bringup/share/examen_bringup/environment/path.sh
[3.483s] -- Up-to-date: /home/robousr/ROS2Dev/robot_2025_ws/src/install/examen_bringup/share/examen_bringup/environment/path.dsv
[3.484s] -- Up-to-date: /home/robousr/ROS2Dev/robot_2025_ws/src/install/examen_bringup/share/examen_bringup/local_setup.bash
[3.484s] -- Up-to-date: /home/robousr/ROS2Dev/robot_2025_ws/src/install/examen_bringup/share/examen_bringup/local_setup.sh
[3.484s] -- Up-to-date: /home/robousr/ROS2Dev/robot_2025_ws/src/install/examen_bringup/share/examen_bringup/local_setup.zsh
[3.485s] -- Up-to-date: /home/robousr/ROS2Dev/robot_2025_ws/src/install/examen_bringup/share/examen_bringup/local_setup.dsv
[3.485s] -- Installing: /home/robousr/ROS2Dev/robot_2025_ws/src/install/examen_bringup/share/examen_bringup/package.dsv
[3.488s] -- Up-to-date: /home/robousr/ROS2Dev/robot_2025_ws/src/install/examen_bringup/share/ament_index/resource_index/packages/examen_bringup
[3.488s] -- Up-to-date: /home/robousr/ROS2Dev/robot_2025_ws/src/install/examen_bringup/share/examen_bringup/cmake/examen_bringupConfig.cmake
[3.488s] -- Up-to-date: /home/robousr/ROS2Dev/robot_2025_ws/src/install/examen_bringup/share/examen_bringup/cmake/examen_bringupConfig-version.cmake
[3.488s] -- Up-to-date: /home/robousr/ROS2Dev/robot_2025_ws/src/install/examen_bringup/share/examen_bringup/package.xml
[3.504s] Invoked command in '/home/robousr/ROS2Dev/robot_2025_ws/src/build/examen_bringup' returned '0': CMAKE_PREFIX_PATH=${CMAKE_PREFIX_PATH}:/opt/ros/humble /usr/bin/cmake --install /home/robousr/ROS2Dev/robot_2025_ws/src/build/examen_bringup
