[0.027s] Invoking command in '/home/robousr/ROS2Dev/robot_2025_ws/src/practica1_description/build/blink_description': CMAKE_PREFIX_PATH=${CMAKE_PREFIX_PATH}:/opt/ros/humble /usr/bin/cmake /home/robousr/ROS2Dev/robot_2025_ws/src/practica1_description -DCMAKE_INSTALL_PREFIX=/home/robousr/ROS2Dev/robot_2025_ws/src/practica1_description/install/blink_description
[0.400s] -- The C compiler identification is GNU 11.4.0
[0.663s] -- The CXX compiler identification is GNU 11.4.0
[0.708s] -- Detecting C compiler ABI info
[1.200s] -- Detecting C compiler ABI info - done
[1.252s] -- Check for working C compiler: /usr/bin/cc - skipped
[1.257s] -- Detecting C compile features
[1.263s] -- Detecting C compile features - done
[1.291s] -- Detecting CXX compiler ABI info
[1.564s] -- Detecting CXX compiler ABI info - done
[1.593s] -- Check for working CXX compiler: /usr/bin/c++ - skipped
[1.594s] -- Detecting CXX compile features
[1.597s] -- Detecting CXX compile features - done
[1.665s] -- Found ament_cmake: 1.3.10 (/opt/ros/humble/share/ament_cmake/cmake)
[3.122s] -- Found Python3: /home/robousr/.pyenv/shims/python3 (found version "3.10.12") found components: Interpreter 
[3.993s] -- Configuring done
[3.996s] -- Generating done
[3.998s] -- Build files have been written to: /home/robousr/ROS2Dev/robot_2025_ws/src/practica1_description/build/blink_description
[4.008s] Invoked command in '/home/robousr/ROS2Dev/robot_2025_ws/src/practica1_description/build/blink_description' returned '0': CMAKE_PREFIX_PATH=${CMAKE_PREFIX_PATH}:/opt/ros/humble /usr/bin/cmake /home/robousr/ROS2Dev/robot_2025_ws/src/practica1_description -DCMAKE_INSTALL_PREFIX=/home/robousr/ROS2Dev/robot_2025_ws/src/practica1_description/install/blink_description
[4.009s] Invoking command in '/home/robousr/ROS2Dev/robot_2025_ws/src/practica1_description/build/blink_description': CMAKE_PREFIX_PATH=${CMAKE_PREFIX_PATH}:/opt/ros/humble /usr/bin/cmake --build /home/robousr/ROS2Dev/robot_2025_ws/src/practica1_description/build/blink_description -- -j2 -l2
[4.122s] Invoked command in '/home/robousr/ROS2Dev/robot_2025_ws/src/practica1_description/build/blink_description' returned '0': CMAKE_PREFIX_PATH=${CMAKE_PREFIX_PATH}:/opt/ros/humble /usr/bin/cmake --build /home/robousr/ROS2Dev/robot_2025_ws/src/practica1_description/build/blink_description -- -j2 -l2
[4.280s] Invoking command in '/home/robousr/ROS2Dev/robot_2025_ws/src/practica1_description/build/blink_description': CMAKE_PREFIX_PATH=${CMAKE_PREFIX_PATH}:/opt/ros/humble /usr/bin/cmake --install /home/robousr/ROS2Dev/robot_2025_ws/src/practica1_description/build/blink_description
[4.309s] -- Install configuration: ""
[4.309s] -- Installing: /home/robousr/ROS2Dev/robot_2025_ws/src/practica1_description/install/blink_description/share/blink_description//urdf
[4.309s] -- Installing: /home/robousr/ROS2Dev/robot_2025_ws/src/practica1_description/install/blink_description/share/blink_description//urdf/basic_link.urdf
[4.343s] -- Installing: /home/robousr/ROS2Dev/robot_2025_ws/src/practica1_description/install/blink_description/share/blink_description//launch
[4.345s] -- Installing: /home/robousr/ROS2Dev/robot_2025_ws/src/practica1_description/install/blink_description/share/blink_description//launch/basic_link_display.launch.py
[4.346s] -- Installing: /home/robousr/ROS2Dev/robot_2025_ws/src/practica1_description/install/blink_description/share/blink_description//launch/basic_link_display.launch.xml
[4.346s] -- Installing: /home/robousr/ROS2Dev/robot_2025_ws/src/practica1_description/install/blink_description/share/blink_description//rviz
[4.346s] -- Installing: /home/robousr/ROS2Dev/robot_2025_ws/src/practica1_description/install/blink_description/share/blink_description//rviz/basic_link_config.rviz
[4.347s] -- Installing: /home/robousr/ROS2Dev/robot_2025_ws/src/practica1_description/install/blink_description/share/ament_index/resource_index/package_run_dependencies/blink_description
[4.347s] -- Installing: /home/robousr/ROS2Dev/robot_2025_ws/src/practica1_description/install/blink_description/share/ament_index/resource_index/parent_prefix_path/blink_description
[4.348s] -- Installing: /home/robousr/ROS2Dev/robot_2025_ws/src/practica1_description/install/blink_description/share/blink_description/environment/ament_prefix_path.sh
[4.348s] -- Installing: /home/robousr/ROS2Dev/robot_2025_ws/src/practica1_description/install/blink_description/share/blink_description/environment/ament_prefix_path.dsv
[4.348s] -- Installing: /home/robousr/ROS2Dev/robot_2025_ws/src/practica1_description/install/blink_description/share/blink_description/environment/path.sh
[4.348s] -- Installing: /home/robousr/ROS2Dev/robot_2025_ws/src/practica1_description/install/blink_description/share/blink_description/environment/path.dsv
[4.349s] -- Installing: /home/robousr/ROS2Dev/robot_2025_ws/src/practica1_description/install/blink_description/share/blink_description/local_setup.bash
[4.349s] -- Installing: /home/robousr/ROS2Dev/robot_2025_ws/src/practica1_description/install/blink_description/share/blink_description/local_setup.sh
[4.349s] -- Installing: /home/robousr/ROS2Dev/robot_2025_ws/src/practica1_description/install/blink_description/share/blink_description/local_setup.zsh
[4.349s] -- Installing: /home/robousr/ROS2Dev/robot_2025_ws/src/practica1_description/install/blink_description/share/blink_description/local_setup.dsv
[4.351s] -- Installing: /home/robousr/ROS2Dev/robot_2025_ws/src/practica1_description/install/blink_description/share/blink_description/package.dsv
[4.351s] -- Installing: /home/robousr/ROS2Dev/robot_2025_ws/src/practica1_description/install/blink_description/share/ament_index/resource_index/packages/blink_description
[4.351s] -- Installing: /home/robousr/ROS2Dev/robot_2025_ws/src/practica1_description/install/blink_description/share/blink_description/cmake/blink_descriptionConfig.cmake
[4.351s] -- Installing: /home/robousr/ROS2Dev/robot_2025_ws/src/practica1_description/install/blink_description/share/blink_description/cmake/blink_descriptionConfig-version.cmake
[4.351s] -- Installing: /home/robousr/ROS2Dev/robot_2025_ws/src/practica1_description/install/blink_description/share/blink_description/package.xml
[4.356s] Invoked command in '/home/robousr/ROS2Dev/robot_2025_ws/src/practica1_description/build/blink_description' returned '0': CMAKE_PREFIX_PATH=${CMAKE_PREFIX_PATH}:/opt/ros/humble /usr/bin/cmake --install /home/robousr/ROS2Dev/robot_2025_ws/src/practica1_description/build/blink_description
