[0.128s] Invoking command in '/home/robousr/ROS2Dev/robot_2025_ws/src/build/examen_description': CMAKE_PREFIX_PATH=${CMAKE_PREFIX_PATH}:/opt/ros/humble /usr/bin/cmake --build /home/robousr/ROS2Dev/robot_2025_ws/src/build/examen_description -- -j2 -l2
[0.464s] Invoked command in '/home/robousr/ROS2Dev/robot_2025_ws/src/build/examen_description' returned '0': CMAKE_PREFIX_PATH=${CMAKE_PREFIX_PATH}:/opt/ros/humble /usr/bin/cmake --build /home/robousr/ROS2Dev/robot_2025_ws/src/build/examen_description -- -j2 -l2
[0.874s] Invoking command in '/home/robousr/ROS2Dev/robot_2025_ws/src/build/examen_description': CMAKE_PREFIX_PATH=${CMAKE_PREFIX_PATH}:/opt/ros/humble /usr/bin/cmake --install /home/robousr/ROS2Dev/robot_2025_ws/src/build/examen_description
[0.924s] -- Install configuration: ""
[0.929s] -- Up-to-date: /home/robousr/ROS2Dev/robot_2025_ws/src/install/examen_description/share/examen_description//urdf
[0.929s] -- Up-to-date: /home/robousr/ROS2Dev/robot_2025_ws/src/install/examen_description/share/examen_description//urdf/scara_trajectory_controller.xacro
[0.930s] -- Up-to-date: /home/robousr/ROS2Dev/robot_2025_ws/src/install/examen_description/share/examen_description//urdf/scara_urdf.xacro
[0.938s] -- Up-to-date: /home/robousr/ROS2Dev/robot_2025_ws/src/install/examen_description/share/examen_description//urdf/scara_simple_controller.xacro
[0.939s] -- Up-to-date: /home/robousr/ROS2Dev/robot_2025_ws/src/install/examen_description/share/examen_description//urdf/trajectory_controller.xacro
[0.946s] -- Up-to-date: /home/robousr/ROS2Dev/robot_2025_ws/src/install/examen_description/share/examen_description//urdf/position_controller.xacro
[0.946s] -- Up-to-date: /home/robousr/ROS2Dev/robot_2025_ws/src/install/examen_description/share/examen_description//urdf/scara_gz_propierties.xacro
[0.947s] -- Up-to-date: /home/robousr/ROS2Dev/robot_2025_ws/src/install/examen_description/share/examen_description//urdf/scara_position_controller.xacro
[0.947s] -- Up-to-date: /home/robousr/ROS2Dev/robot_2025_ws/src/install/examen_description/share/examen_description//urdf/scara_basic_position_controller.xacro
[0.951s] -- Up-to-date: /home/robousr/ROS2Dev/robot_2025_ws/src/install/examen_description/share/examen_description//urdf/scara.urdf
[0.953s] -- Up-to-date: /home/robousr/ROS2Dev/robot_2025_ws/src/install/examen_description/share/examen_description//launch
[0.954s] -- Up-to-date: /home/robousr/ROS2Dev/robot_2025_ws/src/install/examen_description/share/examen_description//launch/scara_display.launch.xml
[0.957s] -- Up-to-date: /home/robousr/ROS2Dev/robot_2025_ws/src/install/examen_description/share/examen_description//rviz
[0.957s] -- Up-to-date: /home/robousr/ROS2Dev/robot_2025_ws/src/install/examen_description/share/examen_description//rviz/scara_rviz.rviz
[0.958s] -- Up-to-date: /home/robousr/ROS2Dev/robot_2025_ws/src/install/examen_description/share/ament_index/resource_index/package_run_dependencies/examen_description
[0.960s] -- Up-to-date: /home/robousr/ROS2Dev/robot_2025_ws/src/install/examen_description/share/ament_index/resource_index/parent_prefix_path/examen_description
[0.960s] -- Up-to-date: /home/robousr/ROS2Dev/robot_2025_ws/src/install/examen_description/share/examen_description/environment/ament_prefix_path.sh
[0.961s] -- Up-to-date: /home/robousr/ROS2Dev/robot_2025_ws/src/install/examen_description/share/examen_description/environment/ament_prefix_path.dsv
[0.963s] -- Up-to-date: /home/robousr/ROS2Dev/robot_2025_ws/src/install/examen_description/share/examen_description/environment/path.sh
[0.965s] -- Up-to-date: /home/robousr/ROS2Dev/robot_2025_ws/src/install/examen_description/share/examen_description/environment/path.dsv
[0.966s] -- Up-to-date: /home/robousr/ROS2Dev/robot_2025_ws/src/install/examen_description/share/examen_description/local_setup.bash
[0.966s] -- Up-to-date: /home/robousr/ROS2Dev/robot_2025_ws/src/install/examen_description/share/examen_description/local_setup.sh
[0.966s] -- Up-to-date: /home/robousr/ROS2Dev/robot_2025_ws/src/install/examen_description/share/examen_description/local_setup.zsh
[0.966s] -- Up-to-date: /home/robousr/ROS2Dev/robot_2025_ws/src/install/examen_description/share/examen_description/local_setup.dsv
[0.967s] -- Installing: /home/robousr/ROS2Dev/robot_2025_ws/src/install/examen_description/share/examen_description/package.dsv
[0.972s] -- Up-to-date: /home/robousr/ROS2Dev/robot_2025_ws/src/install/examen_description/share/ament_index/resource_index/packages/examen_description
[0.972s] -- Up-to-date: /home/robousr/ROS2Dev/robot_2025_ws/src/install/examen_description/share/examen_description/cmake/examen_descriptionConfig.cmake
[0.973s] -- Up-to-date: /home/robousr/ROS2Dev/robot_2025_ws/src/install/examen_description/share/examen_description/cmake/examen_descriptionConfig-version.cmake
[0.973s] -- Up-to-date: /home/robousr/ROS2Dev/robot_2025_ws/src/install/examen_description/share/examen_description/package.xml
[1.004s] Invoked command in '/home/robousr/ROS2Dev/robot_2025_ws/src/build/examen_description' returned '0': CMAKE_PREFIX_PATH=${CMAKE_PREFIX_PATH}:/opt/ros/humble /usr/bin/cmake --install /home/robousr/ROS2Dev/robot_2025_ws/src/build/examen_description
