[0.125s] Invoking command in '/home/robousr/ROS2Dev/robot_2025_ws/src/build/scorbot_description': CMAKE_PREFIX_PATH=${CMAKE_PREFIX_PATH}:/opt/ros/humble /usr/bin/cmake --build /home/robousr/ROS2Dev/robot_2025_ws/src/build/scorbot_description -- -j2 -l2
[0.487s] Invoked command in '/home/robousr/ROS2Dev/robot_2025_ws/src/build/scorbot_description' returned '0': CMAKE_PREFIX_PATH=${CMAKE_PREFIX_PATH}:/opt/ros/humble /usr/bin/cmake --build /home/robousr/ROS2Dev/robot_2025_ws/src/build/scorbot_description -- -j2 -l2
[0.747s] Invoking command in '/home/robousr/ROS2Dev/robot_2025_ws/src/build/scorbot_description': CMAKE_PREFIX_PATH=${CMAKE_PREFIX_PATH}:/opt/ros/humble /usr/bin/cmake --install /home/robousr/ROS2Dev/robot_2025_ws/src/build/scorbot_description
[0.859s] -- Install configuration: ""
[0.862s] -- Up-to-date: /home/robousr/ROS2Dev/robot_2025_ws/src/install/scorbot_description/share/scorbot_description//urdf
[0.862s] -- Up-to-date: /home/robousr/ROS2Dev/robot_2025_ws/src/install/scorbot_description/share/scorbot_description//urdf/scorbot.urdf
[0.868s] -- Up-to-date: /home/robousr/ROS2Dev/robot_2025_ws/src/install/scorbot_description/share/scorbot_description//launch
[0.868s] -- Up-to-date: /home/robousr/ROS2Dev/robot_2025_ws/src/install/scorbot_description/share/scorbot_description//launch/display.launch.py
[0.869s] -- Up-to-date: /home/robousr/ROS2Dev/robot_2025_ws/src/install/scorbot_description/share/scorbot_description//launch/display.launch.xml
[0.870s] -- Up-to-date: /home/robousr/ROS2Dev/robot_2025_ws/src/install/scorbot_description/share/scorbot_description//rviz
[0.876s] -- Up-to-date: /home/robousr/ROS2Dev/robot_2025_ws/src/install/scorbot_description/share/scorbot_description//config
[0.876s] -- Up-to-date: /home/robousr/ROS2Dev/robot_2025_ws/src/install/scorbot_description/share/scorbot_description//config/scorbot_display.rviz
[0.880s] -- Up-to-date: /home/robousr/ROS2Dev/robot_2025_ws/src/install/scorbot_description/share/scorbot_description//meshes
[0.881s] -- Up-to-date: /home/robousr/ROS2Dev/robot_2025_ws/src/install/scorbot_description/share/scorbot_description//meshes/Link_4.STL
[0.884s] -- Up-to-date: /home/robousr/ROS2Dev/robot_2025_ws/src/install/scorbot_description/share/scorbot_description//meshes/Link_2.STL
[0.885s] -- Up-to-date: /home/robousr/ROS2Dev/robot_2025_ws/src/install/scorbot_description/share/scorbot_description//meshes/Link_1.STL
[0.885s] -- Up-to-date: /home/robousr/ROS2Dev/robot_2025_ws/src/install/scorbot_description/share/scorbot_description//meshes/Link_5.STL
[0.888s] -- Up-to-date: /home/robousr/ROS2Dev/robot_2025_ws/src/install/scorbot_description/share/scorbot_description//meshes/Link_3.STL
[0.888s] -- Up-to-date: /home/robousr/ROS2Dev/robot_2025_ws/src/install/scorbot_description/share/scorbot_description//meshes/base_link.STL
[0.889s] -- Up-to-date: /home/robousr/ROS2Dev/robot_2025_ws/src/install/scorbot_description/share/ament_index/resource_index/package_run_dependencies/scorbot_description
[0.889s] -- Up-to-date: /home/robousr/ROS2Dev/robot_2025_ws/src/install/scorbot_description/share/ament_index/resource_index/parent_prefix_path/scorbot_description
[0.901s] -- Up-to-date: /home/robousr/ROS2Dev/robot_2025_ws/src/install/scorbot_description/share/scorbot_description/environment/ament_prefix_path.sh
[0.904s] -- Up-to-date: /home/robousr/ROS2Dev/robot_2025_ws/src/install/scorbot_description/share/scorbot_description/environment/ament_prefix_path.dsv
[0.905s] -- Up-to-date: /home/robousr/ROS2Dev/robot_2025_ws/src/install/scorbot_description/share/scorbot_description/environment/path.sh
[0.905s] -- Up-to-date: /home/robousr/ROS2Dev/robot_2025_ws/src/install/scorbot_description/share/scorbot_description/environment/path.dsv
[0.905s] -- Up-to-date: /home/robousr/ROS2Dev/robot_2025_ws/src/install/scorbot_description/share/scorbot_description/local_setup.bash
[0.910s] -- Up-to-date: /home/robousr/ROS2Dev/robot_2025_ws/src/install/scorbot_description/share/scorbot_description/local_setup.sh
[0.911s] -- Up-to-date: /home/robousr/ROS2Dev/robot_2025_ws/src/install/scorbot_description/share/scorbot_description/local_setup.zsh
[0.915s] -- Up-to-date: /home/robousr/ROS2Dev/robot_2025_ws/src/install/scorbot_description/share/scorbot_description/local_setup.dsv
[0.925s] -- Installing: /home/robousr/ROS2Dev/robot_2025_ws/src/install/scorbot_description/share/scorbot_description/package.dsv
[0.925s] -- Up-to-date: /home/robousr/ROS2Dev/robot_2025_ws/src/install/scorbot_description/share/ament_index/resource_index/packages/scorbot_description
[0.926s] -- Up-to-date: /home/robousr/ROS2Dev/robot_2025_ws/src/install/scorbot_description/share/scorbot_description/cmake/scorbot_descriptionConfig.cmake
[0.929s] -- Up-to-date: /home/robousr/ROS2Dev/robot_2025_ws/src/install/scorbot_description/share/scorbot_description/cmake/scorbot_descriptionConfig-version.cmake
[0.930s] -- Up-to-date: /home/robousr/ROS2Dev/robot_2025_ws/src/install/scorbot_description/share/scorbot_description/package.xml
[0.935s] Invoked command in '/home/robousr/ROS2Dev/robot_2025_ws/src/build/scorbot_description' returned '0': CMAKE_PREFIX_PATH=${CMAKE_PREFIX_PATH}:/opt/ros/humble /usr/bin/cmake --install /home/robousr/ROS2Dev/robot_2025_ws/src/build/scorbot_description
