[0.103s] Invoking command in '/home/robousr/ROS2Dev/robot_2025_ws/src/build/examen_bringup': CMAKE_PREFIX_PATH=${CMAKE_PREFIX_PATH}:/opt/ros/humble /usr/bin/cmake --build /home/robousr/ROS2Dev/robot_2025_ws/src/build/examen_bringup -- -j2 -l2
[0.492s] Built target ament_cmake_python_copy_examen_bringup
[2.408s] running egg_info
[2.410s] writing examen_bringup.egg-info/PKG-INFO
[2.412s] writing dependency_links to examen_bringup.egg-info/dependency_links.txt
[2.416s] writing top-level names to examen_bringup.egg-info/top_level.txt
[2.427s] reading manifest file 'examen_bringup.egg-info/SOURCES.txt'
[2.428s] writing manifest file 'examen_bringup.egg-info/SOURCES.txt'
[2.544s] Built target ament_cmake_python_build_examen_bringup_egg
[2.586s] Invoked command in '/home/robousr/ROS2Dev/robot_2025_ws/src/build/examen_bringup' returned '0': CMAKE_PREFIX_PATH=${CMAKE_PREFIX_PATH}:/opt/ros/humble /usr/bin/cmake --build /home/robousr/ROS2Dev/robot_2025_ws/src/build/examen_bringup -- -j2 -l2
[2.718s] Invoking command in '/home/robousr/ROS2Dev/robot_2025_ws/src/build/examen_bringup': CMAKE_PREFIX_PATH=${CMAKE_PREFIX_PATH}:/opt/ros/humble /usr/bin/cmake --install /home/robousr/ROS2Dev/robot_2025_ws/src/build/examen_bringup
[2.751s] -- Install configuration: ""
[2.754s] -- Up-to-date: /home/robousr/ROS2Dev/robot_2025_ws/src/install/examen_bringup/share/examen_bringup//launch
[2.754s] -- Up-to-date: /home/robousr/ROS2Dev/robot_2025_ws/src/install/examen_bringup/share/examen_bringup//launch/roberto_pos_controller_scara.launch.py
[2.755s] -- Up-to-date: /home/robousr/ROS2Dev/robot_2025_ws/src/install/examen_bringup/share/examen_bringup//launch/tes2_trayectory_controller_scara.launch.py
[2.755s] -- Up-to-date: /home/robousr/ROS2Dev/robot_2025_ws/src/install/examen_bringup/share/examen_bringup//launch/position_controller_scara.launch.py
[2.755s] -- Up-to-date: /home/robousr/ROS2Dev/robot_2025_ws/src/install/examen_bringup/share/examen_bringup//launch/test_trajectory_controller.launch.py
[2.756s] -- Up-to-date: /home/robousr/ROS2Dev/robot_2025_ws/src/install/examen_bringup/share/examen_bringup//launch/trajectory_controller_scara.launch.py
[2.756s] -- Up-to-date: /home/robousr/ROS2Dev/robot_2025_ws/src/install/examen_bringup/share/examen_bringup//launch/simple_controller_scara.launch.py
[2.756s] -- Up-to-date: /home/robousr/ROS2Dev/robot_2025_ws/src/install/examen_bringup/share/examen_bringup//rviz
[2.761s] -- Up-to-date: /home/robousr/ROS2Dev/robot_2025_ws/src/install/examen_bringup/share/examen_bringup//rviz/scara_trajectory_controller_rviz.rviz
[2.761s] -- Up-to-date: /home/robousr/ROS2Dev/robot_2025_ws/src/install/examen_bringup/share/examen_bringup//world
[2.762s] -- Up-to-date: /home/robousr/ROS2Dev/robot_2025_ws/src/install/examen_bringup/share/examen_bringup//world/test_2_world.world
[2.762s] -- Up-to-date: /home/robousr/ROS2Dev/robot_2025_ws/src/install/examen_bringup/share/examen_bringup//world/test_2_world
[2.762s] -- Up-to-date: /home/robousr/ROS2Dev/robot_2025_ws/src/install/examen_bringup/share/examen_bringup//world/test_2_world/roberto
[2.763s] -- Up-to-date: /home/robousr/ROS2Dev/robot_2025_ws/src/install/examen_bringup/share/examen_bringup//world/test_2_world/roberto/model.sdf
[2.768s] -- Up-to-date: /home/robousr/ROS2Dev/robot_2025_ws/src/install/examen_bringup/share/examen_bringup//world/test_2_world/roberto/model.config
[2.768s] -- Up-to-date: /home/robousr/ROS2Dev/robot_2025_ws/src/install/examen_bringup/share/examen_bringup//world/test_world
[2.768s] -- Up-to-date: /home/robousr/ROS2Dev/robot_2025_ws/src/install/examen_bringup/share/examen_bringup//world/test_world/model.sdf
[2.769s] -- Up-to-date: /home/robousr/ROS2Dev/robot_2025_ws/src/install/examen_bringup/share/examen_bringup//world/test_world/model.config
[2.769s] -- Up-to-date: /home/robousr/ROS2Dev/robot_2025_ws/src/install/examen_bringup/share/examen_bringup//world/test_w_1.world
[2.769s] -- Up-to-date: /home/robousr/ROS2Dev/robot_2025_ws/src/install/examen_bringup/share/examen_bringup//src
[2.772s] -- Up-to-date: /home/robousr/ROS2Dev/robot_2025_ws/src/install/examen_bringup/share/examen_bringup//src/multi_tray.py
[2.773s] -- Up-to-date: /home/robousr/ROS2Dev/robot_2025_ws/src/install/examen_bringup/share/examen_bringup//src/position_test.py
[2.773s] -- Up-to-date: /home/robousr/ROS2Dev/robot_2025_ws/src/install/examen_bringup/share/examen_bringup//src/trajectory_test.py
[2.773s] -- Up-to-date: /home/robousr/ROS2Dev/robot_2025_ws/src/install/examen_bringup/share/examen_bringup//src/tray_test.py
[2.774s] -- Up-to-date: /home/robousr/ROS2Dev/robot_2025_ws/src/install/examen_bringup/share/examen_bringup/environment/pythonpath.sh
[2.774s] -- Up-to-date: /home/robousr/ROS2Dev/robot_2025_ws/src/install/examen_bringup/share/examen_bringup/environment/pythonpath.dsv
[2.777s] -- Up-to-date: /home/robousr/ROS2Dev/robot_2025_ws/src/install/examen_bringup/local/lib/python3.10/dist-packages/examen_bringup-0.0.0-py3.10.egg-info
[2.779s] -- Installing: /home/robousr/ROS2Dev/robot_2025_ws/src/install/examen_bringup/local/lib/python3.10/dist-packages/examen_bringup-0.0.0-py3.10.egg-info/dependency_links.txt
[2.779s] -- Installing: /home/robousr/ROS2Dev/robot_2025_ws/src/install/examen_bringup/local/lib/python3.10/dist-packages/examen_bringup-0.0.0-py3.10.egg-info/PKG-INFO
[2.779s] -- Installing: /home/robousr/ROS2Dev/robot_2025_ws/src/install/examen_bringup/local/lib/python3.10/dist-packages/examen_bringup-0.0.0-py3.10.egg-info/top_level.txt
[2.780s] -- Installing: /home/robousr/ROS2Dev/robot_2025_ws/src/install/examen_bringup/local/lib/python3.10/dist-packages/examen_bringup-0.0.0-py3.10.egg-info/SOURCES.txt
[2.780s] -- Up-to-date: /home/robousr/ROS2Dev/robot_2025_ws/src/install/examen_bringup/local/lib/python3.10/dist-packages/examen_bringup
[2.783s] -- Up-to-date: /home/robousr/ROS2Dev/robot_2025_ws/src/install/examen_bringup/local/lib/python3.10/dist-packages/examen_bringup/__init__.py
[3.195s] Listing '/home/robousr/ROS2Dev/robot_2025_ws/src/install/examen_bringup/local/lib/python3.10/dist-packages/examen_bringup'...
[3.262s] -- Up-to-date: /home/robousr/ROS2Dev/robot_2025_ws/src/install/examen_bringup/lib/examen_bringup/trajectory_test.py
[3.263s] -- Up-to-date: /home/robousr/ROS2Dev/robot_2025_ws/src/install/examen_bringup/lib/examen_bringup/tray_test.py
[3.263s] -- Up-to-date: /home/robousr/ROS2Dev/robot_2025_ws/src/install/examen_bringup/lib/examen_bringup/multi_tray.py
[3.266s] -- Up-to-date: /home/robousr/ROS2Dev/robot_2025_ws/src/install/examen_bringup/share/ament_index/resource_index/package_run_dependencies/examen_bringup
[3.272s] -- Up-to-date: /home/robousr/ROS2Dev/robot_2025_ws/src/install/examen_bringup/share/ament_index/resource_index/parent_prefix_path/examen_bringup
[3.272s] -- Up-to-date: /home/robousr/ROS2Dev/robot_2025_ws/src/install/examen_bringup/share/examen_bringup/environment/ament_prefix_path.sh
[3.273s] -- Up-to-date: /home/robousr/ROS2Dev/robot_2025_ws/src/install/examen_bringup/share/examen_bringup/environment/ament_prefix_path.dsv
[3.273s] -- Up-to-date: /home/robousr/ROS2Dev/robot_2025_ws/src/install/examen_bringup/share/examen_bringup/environment/path.sh
[3.274s] -- Up-to-date: /home/robousr/ROS2Dev/robot_2025_ws/src/install/examen_bringup/share/examen_bringup/environment/path.dsv
[3.274s] -- Up-to-date: /home/robousr/ROS2Dev/robot_2025_ws/src/install/examen_bringup/share/examen_bringup/local_setup.bash
[3.274s] -- Up-to-date: /home/robousr/ROS2Dev/robot_2025_ws/src/install/examen_bringup/share/examen_bringup/local_setup.sh
[3.277s] -- Up-to-date: /home/robousr/ROS2Dev/robot_2025_ws/src/install/examen_bringup/share/examen_bringup/local_setup.zsh
[3.277s] -- Up-to-date: /home/robousr/ROS2Dev/robot_2025_ws/src/install/examen_bringup/share/examen_bringup/local_setup.dsv
[3.280s] -- Installing: /home/robousr/ROS2Dev/robot_2025_ws/src/install/examen_bringup/share/examen_bringup/package.dsv
[3.280s] -- Up-to-date: /home/robousr/ROS2Dev/robot_2025_ws/src/install/examen_bringup/share/ament_index/resource_index/packages/examen_bringup
[3.282s] -- Up-to-date: /home/robousr/ROS2Dev/robot_2025_ws/src/install/examen_bringup/share/examen_bringup/cmake/examen_bringupConfig.cmake
[3.284s] -- Up-to-date: /home/robousr/ROS2Dev/robot_2025_ws/src/install/examen_bringup/share/examen_bringup/cmake/examen_bringupConfig-version.cmake
[3.284s] -- Up-to-date: /home/robousr/ROS2Dev/robot_2025_ws/src/install/examen_bringup/share/examen_bringup/package.xml
[3.311s] Invoked command in '/home/robousr/ROS2Dev/robot_2025_ws/src/build/examen_bringup' returned '0': CMAKE_PREFIX_PATH=${CMAKE_PREFIX_PATH}:/opt/ros/humble /usr/bin/cmake --install /home/robousr/ROS2Dev/robot_2025_ws/src/build/examen_bringup
