[0.310s] Invoking command in '/home/robousr/ROS2Dev/robot_2025_ws/src/build/practica1_description': CMAKE_PREFIX_PATH=${CMAKE_PREFIX_PATH}:/opt/ros/humble /usr/bin/cmake --build /home/robousr/ROS2Dev/robot_2025_ws/src/build/practica1_description -- -j2 -l2
[0.608s] Invoked command in '/home/robousr/ROS2Dev/robot_2025_ws/src/build/practica1_description' returned '0': CMAKE_PREFIX_PATH=${CMAKE_PREFIX_PATH}:/opt/ros/humble /usr/bin/cmake --build /home/robousr/ROS2Dev/robot_2025_ws/src/build/practica1_description -- -j2 -l2
[0.837s] Invoking command in '/home/robousr/ROS2Dev/robot_2025_ws/src/build/practica1_description': CMAKE_PREFIX_PATH=${CMAKE_PREFIX_PATH}:/opt/ros/humble /usr/bin/cmake --install /home/robousr/ROS2Dev/robot_2025_ws/src/build/practica1_description
[0.923s] -- Install configuration: ""
[0.924s] -- Up-to-date: /home/robousr/ROS2Dev/robot_2025_ws/src/install/practica1_description/share/practica1_description//urdf
[0.924s] -- Up-to-date: /home/robousr/ROS2Dev/robot_2025_ws/src/install/practica1_description/share/practica1_description//urdf/basic_link.urdf
[0.932s] -- Up-to-date: /home/robousr/ROS2Dev/robot_2025_ws/src/install/practica1_description/share/practica1_description//launch
[0.935s] -- Up-to-date: /home/robousr/ROS2Dev/robot_2025_ws/src/install/practica1_description/share/practica1_description//launch/basic_link_display.launch.py
[0.939s] -- Up-to-date: /home/robousr/ROS2Dev/robot_2025_ws/src/install/practica1_description/share/practica1_description//launch/basic_link_display.launch.xml
[0.940s] -- Up-to-date: /home/robousr/ROS2Dev/robot_2025_ws/src/install/practica1_description/share/practica1_description//rviz
[0.941s] -- Up-to-date: /home/robousr/ROS2Dev/robot_2025_ws/src/install/practica1_description/share/practica1_description//rviz/basic_link_config.rviz
[0.954s] -- Up-to-date: /home/robousr/ROS2Dev/robot_2025_ws/src/install/practica1_description/share/ament_index/resource_index/package_run_dependencies/practica1_description
[0.955s] -- Up-to-date: /home/robousr/ROS2Dev/robot_2025_ws/src/install/practica1_description/share/ament_index/resource_index/parent_prefix_path/practica1_description
[0.956s] -- Up-to-date: /home/robousr/ROS2Dev/robot_2025_ws/src/install/practica1_description/share/practica1_description/environment/ament_prefix_path.sh
[0.964s] -- Up-to-date: /home/robousr/ROS2Dev/robot_2025_ws/src/install/practica1_description/share/practica1_description/environment/ament_prefix_path.dsv
[0.964s] -- Up-to-date: /home/robousr/ROS2Dev/robot_2025_ws/src/install/practica1_description/share/practica1_description/environment/path.sh
[0.964s] -- Up-to-date: /home/robousr/ROS2Dev/robot_2025_ws/src/install/practica1_description/share/practica1_description/environment/path.dsv
[0.968s] -- Up-to-date: /home/robousr/ROS2Dev/robot_2025_ws/src/install/practica1_description/share/practica1_description/local_setup.bash
[0.968s] -- Up-to-date: /home/robousr/ROS2Dev/robot_2025_ws/src/install/practica1_description/share/practica1_description/local_setup.sh
[0.969s] -- Up-to-date: /home/robousr/ROS2Dev/robot_2025_ws/src/install/practica1_description/share/practica1_description/local_setup.zsh
[0.971s] -- Up-to-date: /home/robousr/ROS2Dev/robot_2025_ws/src/install/practica1_description/share/practica1_description/local_setup.dsv
[0.972s] -- Installing: /home/robousr/ROS2Dev/robot_2025_ws/src/install/practica1_description/share/practica1_description/package.dsv
[0.972s] -- Up-to-date: /home/robousr/ROS2Dev/robot_2025_ws/src/install/practica1_description/share/ament_index/resource_index/packages/practica1_description
[0.972s] -- Up-to-date: /home/robousr/ROS2Dev/robot_2025_ws/src/install/practica1_description/share/practica1_description/cmake/practica1_descriptionConfig.cmake
[0.973s] -- Up-to-date: /home/robousr/ROS2Dev/robot_2025_ws/src/install/practica1_description/share/practica1_description/cmake/practica1_descriptionConfig-version.cmake
[0.973s] -- Up-to-date: /home/robousr/ROS2Dev/robot_2025_ws/src/install/practica1_description/share/practica1_description/package.xml
[0.976s] Invoked command in '/home/robousr/ROS2Dev/robot_2025_ws/src/build/practica1_description' returned '0': CMAKE_PREFIX_PATH=${CMAKE_PREFIX_PATH}:/opt/ros/humble /usr/bin/cmake --install /home/robousr/ROS2Dev/robot_2025_ws/src/build/practica1_description
