[0.075s] Invoking command in '/home/robousr/ROS2Dev/robot_2025_ws/src/build/examen_description': CMAKE_PREFIX_PATH=${CMAKE_PREFIX_PATH}:/opt/ros/humble /usr/bin/cmake --build /home/robousr/ROS2Dev/robot_2025_ws/src/build/examen_description -- -j2 -l2
[0.252s] Invoked command in '/home/robousr/ROS2Dev/robot_2025_ws/src/build/examen_description' returned '0': CMAKE_PREFIX_PATH=${CMAKE_PREFIX_PATH}:/opt/ros/humble /usr/bin/cmake --build /home/robousr/ROS2Dev/robot_2025_ws/src/build/examen_description -- -j2 -l2
[0.407s] Invoking command in '/home/robousr/ROS2Dev/robot_2025_ws/src/build/examen_description': CMAKE_PREFIX_PATH=${CMAKE_PREFIX_PATH}:/opt/ros/humble /usr/bin/cmake --install /home/robousr/ROS2Dev/robot_2025_ws/src/build/examen_description
[0.466s] -- Install configuration: ""
[0.466s] -- Up-to-date: /home/robousr/ROS2Dev/robot_2025_ws/src/install/examen_description/share/examen_description//urdf
[0.467s] -- Up-to-date: /home/robousr/ROS2Dev/robot_2025_ws/src/install/examen_description/share/examen_description//urdf/scara_trajectory_controller.xacro
[0.469s] -- Up-to-date: /home/robousr/ROS2Dev/robot_2025_ws/src/install/examen_description/share/examen_description//urdf/scara_urdf.xacro
[0.470s] -- Up-to-date: /home/robousr/ROS2Dev/robot_2025_ws/src/install/examen_description/share/examen_description//urdf/scara_simple_controller.xacro
[0.473s] -- Up-to-date: /home/robousr/ROS2Dev/robot_2025_ws/src/install/examen_description/share/examen_description//urdf/trajectory_controller.xacro
[0.473s] -- Up-to-date: /home/robousr/ROS2Dev/robot_2025_ws/src/install/examen_description/share/examen_description//urdf/position_controller.xacro
[0.474s] -- Up-to-date: /home/robousr/ROS2Dev/robot_2025_ws/src/install/examen_description/share/examen_description//urdf/scara_gz_propierties.xacro
[0.474s] -- Up-to-date: /home/robousr/ROS2Dev/robot_2025_ws/src/install/examen_description/share/examen_description//urdf/scara_position_controller.xacro
[0.475s] -- Up-to-date: /home/robousr/ROS2Dev/robot_2025_ws/src/install/examen_description/share/examen_description//urdf/scara_basic_position_controller.xacro
[0.477s] -- Up-to-date: /home/robousr/ROS2Dev/robot_2025_ws/src/install/examen_description/share/examen_description//urdf/scara.urdf
[0.478s] -- Up-to-date: /home/robousr/ROS2Dev/robot_2025_ws/src/install/examen_description/share/examen_description//launch
[0.478s] -- Up-to-date: /home/robousr/ROS2Dev/robot_2025_ws/src/install/examen_description/share/examen_description//launch/scara_display.launch.xml
[0.479s] -- Up-to-date: /home/robousr/ROS2Dev/robot_2025_ws/src/install/examen_description/share/examen_description//rviz
[0.480s] -- Up-to-date: /home/robousr/ROS2Dev/robot_2025_ws/src/install/examen_description/share/examen_description//rviz/scara_rviz.rviz
[0.481s] -- Up-to-date: /home/robousr/ROS2Dev/robot_2025_ws/src/install/examen_description/share/ament_index/resource_index/package_run_dependencies/examen_description
[0.482s] -- Up-to-date: /home/robousr/ROS2Dev/robot_2025_ws/src/install/examen_description/share/ament_index/resource_index/parent_prefix_path/examen_description
[0.483s] -- Up-to-date: /home/robousr/ROS2Dev/robot_2025_ws/src/install/examen_description/share/examen_description/environment/ament_prefix_path.sh
[0.483s] -- Up-to-date: /home/robousr/ROS2Dev/robot_2025_ws/src/install/examen_description/share/examen_description/environment/ament_prefix_path.dsv
[0.484s] -- Up-to-date: /home/robousr/ROS2Dev/robot_2025_ws/src/install/examen_description/share/examen_description/environment/path.sh
[0.485s] -- Up-to-date: /home/robousr/ROS2Dev/robot_2025_ws/src/install/examen_description/share/examen_description/environment/path.dsv
[0.486s] -- Up-to-date: /home/robousr/ROS2Dev/robot_2025_ws/src/install/examen_description/share/examen_description/local_setup.bash
[0.487s] -- Up-to-date: /home/robousr/ROS2Dev/robot_2025_ws/src/install/examen_description/share/examen_description/local_setup.sh
[0.487s] -- Up-to-date: /home/robousr/ROS2Dev/robot_2025_ws/src/install/examen_description/share/examen_description/local_setup.zsh
[0.488s] -- Up-to-date: /home/robousr/ROS2Dev/robot_2025_ws/src/install/examen_description/share/examen_description/local_setup.dsv
[0.489s] -- Installing: /home/robousr/ROS2Dev/robot_2025_ws/src/install/examen_description/share/examen_description/package.dsv
[0.490s] -- Up-to-date: /home/robousr/ROS2Dev/robot_2025_ws/src/install/examen_description/share/ament_index/resource_index/packages/examen_description
[0.491s] -- Up-to-date: /home/robousr/ROS2Dev/robot_2025_ws/src/install/examen_description/share/examen_description/cmake/examen_descriptionConfig.cmake
[0.492s] -- Up-to-date: /home/robousr/ROS2Dev/robot_2025_ws/src/install/examen_description/share/examen_description/cmake/examen_descriptionConfig-version.cmake
[0.493s] -- Up-to-date: /home/robousr/ROS2Dev/robot_2025_ws/src/install/examen_description/share/examen_description/package.xml
[0.534s] Invoked command in '/home/robousr/ROS2Dev/robot_2025_ws/src/build/examen_description' returned '0': CMAKE_PREFIX_PATH=${CMAKE_PREFIX_PATH}:/opt/ros/humble /usr/bin/cmake --install /home/robousr/ROS2Dev/robot_2025_ws/src/build/examen_description
