[0.107s] Invoking command in '/home/robousr/ROS2Dev/robot_2025_ws/src/build/examen_description': CMAKE_PREFIX_PATH=${CMAKE_PREFIX_PATH}:/opt/ros/humble /usr/bin/cmake --build /home/robousr/ROS2Dev/robot_2025_ws/src/build/examen_description -- -j2 -l2
[0.357s] Invoked command in '/home/robousr/ROS2Dev/robot_2025_ws/src/build/examen_description' returned '0': CMAKE_PREFIX_PATH=${CMAKE_PREFIX_PATH}:/opt/ros/humble /usr/bin/cmake --build /home/robousr/ROS2Dev/robot_2025_ws/src/build/examen_description -- -j2 -l2
[0.516s] Invoking command in '/home/robousr/ROS2Dev/robot_2025_ws/src/build/examen_description': CMAKE_PREFIX_PATH=${CMAKE_PREFIX_PATH}:/opt/ros/humble /usr/bin/cmake --install /home/robousr/ROS2Dev/robot_2025_ws/src/build/examen_description
[0.552s] -- Install configuration: ""
[0.553s] -- Up-to-date: /home/robousr/ROS2Dev/robot_2025_ws/src/install/examen_description/share/examen_description//urdf
[0.562s] -- Up-to-date: /home/robousr/ROS2Dev/robot_2025_ws/src/install/examen_description/share/examen_description//urdf/scara_trajectory_controller.xacro
[0.562s] -- Up-to-date: /home/robousr/ROS2Dev/robot_2025_ws/src/install/examen_description/share/examen_description//urdf/scara_urdf.xacro
[0.563s] -- Up-to-date: /home/robousr/ROS2Dev/robot_2025_ws/src/install/examen_description/share/examen_description//urdf/scara_simple_controller.xacro
[0.565s] -- Up-to-date: /home/robousr/ROS2Dev/robot_2025_ws/src/install/examen_description/share/examen_description//urdf/trajectory_controller.xacro
[0.565s] -- Up-to-date: /home/robousr/ROS2Dev/robot_2025_ws/src/install/examen_description/share/examen_description//urdf/position_controller.xacro
[0.566s] -- Up-to-date: /home/robousr/ROS2Dev/robot_2025_ws/src/install/examen_description/share/examen_description//urdf/scara_gz_propierties.xacro
[0.566s] -- Up-to-date: /home/robousr/ROS2Dev/robot_2025_ws/src/install/examen_description/share/examen_description//urdf/scara_position_controller.xacro
[0.567s] -- Up-to-date: /home/robousr/ROS2Dev/robot_2025_ws/src/install/examen_description/share/examen_description//urdf/scara_basic_position_controller.xacro
[0.567s] -- Up-to-date: /home/robousr/ROS2Dev/robot_2025_ws/src/install/examen_description/share/examen_description//urdf/scara.urdf
[0.568s] -- Up-to-date: /home/robousr/ROS2Dev/robot_2025_ws/src/install/examen_description/share/examen_description//launch
[0.568s] -- Up-to-date: /home/robousr/ROS2Dev/robot_2025_ws/src/install/examen_description/share/examen_description//launch/scara_display.launch.xml
[0.568s] -- Up-to-date: /home/robousr/ROS2Dev/robot_2025_ws/src/install/examen_description/share/examen_description//rviz
[0.570s] -- Up-to-date: /home/robousr/ROS2Dev/robot_2025_ws/src/install/examen_description/share/examen_description//rviz/scara_rviz.rviz
[0.570s] -- Up-to-date: /home/robousr/ROS2Dev/robot_2025_ws/src/install/examen_description/share/ament_index/resource_index/package_run_dependencies/examen_description
[0.571s] -- Up-to-date: /home/robousr/ROS2Dev/robot_2025_ws/src/install/examen_description/share/ament_index/resource_index/parent_prefix_path/examen_description
[0.571s] -- Up-to-date: /home/robousr/ROS2Dev/robot_2025_ws/src/install/examen_description/share/examen_description/environment/ament_prefix_path.sh
[0.578s] -- Up-to-date: /home/robousr/ROS2Dev/robot_2025_ws/src/install/examen_description/share/examen_description/environment/ament_prefix_path.dsv
[0.578s] -- Up-to-date: /home/robousr/ROS2Dev/robot_2025_ws/src/install/examen_description/share/examen_description/environment/path.sh
[0.578s] -- Up-to-date: /home/robousr/ROS2Dev/robot_2025_ws/src/install/examen_description/share/examen_description/environment/path.dsv
[0.579s] -- Up-to-date: /home/robousr/ROS2Dev/robot_2025_ws/src/install/examen_description/share/examen_description/local_setup.bash
[0.579s] -- Up-to-date: /home/robousr/ROS2Dev/robot_2025_ws/src/install/examen_description/share/examen_description/local_setup.sh
[0.586s] -- Up-to-date: /home/robousr/ROS2Dev/robot_2025_ws/src/install/examen_description/share/examen_description/local_setup.zsh
[0.586s] -- Up-to-date: /home/robousr/ROS2Dev/robot_2025_ws/src/install/examen_description/share/examen_description/local_setup.dsv
[0.587s] -- Installing: /home/robousr/ROS2Dev/robot_2025_ws/src/install/examen_description/share/examen_description/package.dsv
[0.587s] -- Up-to-date: /home/robousr/ROS2Dev/robot_2025_ws/src/install/examen_description/share/ament_index/resource_index/packages/examen_description
[0.590s] -- Up-to-date: /home/robousr/ROS2Dev/robot_2025_ws/src/install/examen_description/share/examen_description/cmake/examen_descriptionConfig.cmake
[0.605s] -- Up-to-date: /home/robousr/ROS2Dev/robot_2025_ws/src/install/examen_description/share/examen_description/cmake/examen_descriptionConfig-version.cmake
[0.608s] -- Up-to-date: /home/robousr/ROS2Dev/robot_2025_ws/src/install/examen_description/share/examen_description/package.xml
[0.609s] Invoked command in '/home/robousr/ROS2Dev/robot_2025_ws/src/build/examen_description' returned '0': CMAKE_PREFIX_PATH=${CMAKE_PREFIX_PATH}:/opt/ros/humble /usr/bin/cmake --install /home/robousr/ROS2Dev/robot_2025_ws/src/build/examen_description
