[0.036s] Invoking command in '/home/robousr/ROS2Dev/robot_2025_ws/src/practica1_description/build/practica1_description': CMAKE_PREFIX_PATH=${CMAKE_PREFIX_PATH}:/opt/ros/humble /usr/bin/cmake /home/robousr/ROS2Dev/robot_2025_ws/src/practica1_description -DCMAKE_INSTALL_PREFIX=/home/robousr/ROS2Dev/robot_2025_ws/src/practica1_description/install/practica1_description
[0.248s] -- The C compiler identification is GNU 11.4.0
[0.513s] -- The CXX compiler identification is GNU 11.4.0
[0.543s] -- Detecting C compiler ABI info
[0.889s] -- Detecting C compiler ABI info - done
[0.946s] -- Check for working C compiler: /usr/bin/cc - skipped
[0.952s] -- Detecting C compile features
[0.956s] -- Detecting C compile features - done
[0.974s] -- Detecting CXX compiler ABI info
[1.429s] -- Detecting CXX compiler ABI info - done
[1.483s] -- Check for working CXX compiler: /usr/bin/c++ - skipped
[1.489s] -- Detecting CXX compile features
[1.491s] -- Detecting CXX compile features - done
[1.508s] -- Found ament_cmake: 1.3.10 (/opt/ros/humble/share/ament_cmake/cmake)
[3.129s] -- Found Python3: /home/robousr/.pyenv/shims/python3 (found version "3.10.12") found components: Interpreter 
[3.995s] -- Configuring done
[4.015s] -- Generating done
[4.025s] -- Build files have been written to: /home/robousr/ROS2Dev/robot_2025_ws/src/practica1_description/build/practica1_description
[4.043s] Invoked command in '/home/robousr/ROS2Dev/robot_2025_ws/src/practica1_description/build/practica1_description' returned '0': CMAKE_PREFIX_PATH=${CMAKE_PREFIX_PATH}:/opt/ros/humble /usr/bin/cmake /home/robousr/ROS2Dev/robot_2025_ws/src/practica1_description -DCMAKE_INSTALL_PREFIX=/home/robousr/ROS2Dev/robot_2025_ws/src/practica1_description/install/practica1_description
[4.053s] Invoking command in '/home/robousr/ROS2Dev/robot_2025_ws/src/practica1_description/build/practica1_description': CMAKE_PREFIX_PATH=${CMAKE_PREFIX_PATH}:/opt/ros/humble /usr/bin/cmake --build /home/robousr/ROS2Dev/robot_2025_ws/src/practica1_description/build/practica1_description -- -j2 -l2
[4.247s] Invoked command in '/home/robousr/ROS2Dev/robot_2025_ws/src/practica1_description/build/practica1_description' returned '0': CMAKE_PREFIX_PATH=${CMAKE_PREFIX_PATH}:/opt/ros/humble /usr/bin/cmake --build /home/robousr/ROS2Dev/robot_2025_ws/src/practica1_description/build/practica1_description -- -j2 -l2
[4.362s] Invoking command in '/home/robousr/ROS2Dev/robot_2025_ws/src/practica1_description/build/practica1_description': CMAKE_PREFIX_PATH=${CMAKE_PREFIX_PATH}:/opt/ros/humble /usr/bin/cmake --install /home/robousr/ROS2Dev/robot_2025_ws/src/practica1_description/build/practica1_description
[4.395s] -- Install configuration: ""
[4.401s] -- Installing: /home/robousr/ROS2Dev/robot_2025_ws/src/practica1_description/install/practica1_description/share/practica1_description//urdf
[4.402s] -- Installing: /home/robousr/ROS2Dev/robot_2025_ws/src/practica1_description/install/practica1_description/share/practica1_description//urdf/basic_link.urdf
[4.402s] -- Installing: /home/robousr/ROS2Dev/robot_2025_ws/src/practica1_description/install/practica1_description/share/practica1_description//launch
[4.403s] -- Installing: /home/robousr/ROS2Dev/robot_2025_ws/src/practica1_description/install/practica1_description/share/practica1_description//launch/basic_link_display.launch.py
[4.403s] -- Installing: /home/robousr/ROS2Dev/robot_2025_ws/src/practica1_description/install/practica1_description/share/practica1_description//launch/basic_link_display.launch.xml
[4.408s] -- Installing: /home/robousr/ROS2Dev/robot_2025_ws/src/practica1_description/install/practica1_description/share/practica1_description//rviz
[4.408s] -- Installing: /home/robousr/ROS2Dev/robot_2025_ws/src/practica1_description/install/practica1_description/share/practica1_description//rviz/basic_link_config.rviz
[4.409s] -- Installing: /home/robousr/ROS2Dev/robot_2025_ws/src/practica1_description/install/practica1_description/share/ament_index/resource_index/package_run_dependencies/practica1_description
[4.409s] -- Installing: /home/robousr/ROS2Dev/robot_2025_ws/src/practica1_description/install/practica1_description/share/ament_index/resource_index/parent_prefix_path/practica1_description
[4.409s] -- Installing: /home/robousr/ROS2Dev/robot_2025_ws/src/practica1_description/install/practica1_description/share/practica1_description/environment/ament_prefix_path.sh
[4.409s] -- Installing: /home/robousr/ROS2Dev/robot_2025_ws/src/practica1_description/install/practica1_description/share/practica1_description/environment/ament_prefix_path.dsv
[4.410s] -- Installing: /home/robousr/ROS2Dev/robot_2025_ws/src/practica1_description/install/practica1_description/share/practica1_description/environment/path.sh
[4.410s] -- Installing: /home/robousr/ROS2Dev/robot_2025_ws/src/practica1_description/install/practica1_description/share/practica1_description/environment/path.dsv
[4.415s] -- Installing: /home/robousr/ROS2Dev/robot_2025_ws/src/practica1_description/install/practica1_description/share/practica1_description/local_setup.bash
[4.417s] -- Installing: /home/robousr/ROS2Dev/robot_2025_ws/src/practica1_description/install/practica1_description/share/practica1_description/local_setup.sh
[4.418s] -- Installing: /home/robousr/ROS2Dev/robot_2025_ws/src/practica1_description/install/practica1_description/share/practica1_description/local_setup.zsh
[4.418s] -- Installing: /home/robousr/ROS2Dev/robot_2025_ws/src/practica1_description/install/practica1_description/share/practica1_description/local_setup.dsv
[4.419s] -- Installing: /home/robousr/ROS2Dev/robot_2025_ws/src/practica1_description/install/practica1_description/share/practica1_description/package.dsv
[4.419s] -- Installing: /home/robousr/ROS2Dev/robot_2025_ws/src/practica1_description/install/practica1_description/share/ament_index/resource_index/packages/practica1_description
[4.420s] -- Installing: /home/robousr/ROS2Dev/robot_2025_ws/src/practica1_description/install/practica1_description/share/practica1_description/cmake/practica1_descriptionConfig.cmake
[4.421s] -- Installing: /home/robousr/ROS2Dev/robot_2025_ws/src/practica1_description/install/practica1_description/share/practica1_description/cmake/practica1_descriptionConfig-version.cmake
[4.429s] -- Installing: /home/robousr/ROS2Dev/robot_2025_ws/src/practica1_description/install/practica1_description/share/practica1_description/package.xml
[4.429s] Invoked command in '/home/robousr/ROS2Dev/robot_2025_ws/src/practica1_description/build/practica1_description' returned '0': CMAKE_PREFIX_PATH=${CMAKE_PREFIX_PATH}:/opt/ros/humble /usr/bin/cmake --install /home/robousr/ROS2Dev/robot_2025_ws/src/practica1_description/build/practica1_description
