[0.016s] Invoking command in '/home/robousr/ROS2Dev/robot_2025_ws/src/build/examen_scorbot_bringup': CMAKE_PREFIX_PATH=${CMAKE_PREFIX_PATH}:/opt/ros/humble /usr/bin/cmake --build /home/robousr/ROS2Dev/robot_2025_ws/src/build/examen_scorbot_bringup -- -j2 -l2
[0.048s] -- Found ament_cmake: 1.3.10 (/opt/ros/humble/share/ament_cmake/cmake)
[0.356s] -- Found rclpy: 3.3.14 (/opt/ros/humble/share/rclpy/cmake)
[0.356s] -- Found std_msgs: 4.2.4 (/opt/ros/humble/share/std_msgs/cmake)
[0.396s] -- Found rosidl_generator_c: 3.1.5 (/opt/ros/humble/share/rosidl_generator_c/cmake)
[0.401s] -- Found rosidl_adapter: 3.1.5 (/opt/ros/humble/share/rosidl_adapter/cmake)
[0.411s] -- Found rosidl_generator_cpp: 3.1.5 (/opt/ros/humble/share/rosidl_generator_cpp/cmake)
[0.426s] -- Using all available rosidl_typesupport_c: rosidl_typesupport_fastrtps_c;rosidl_typesupport_introspection_c
[0.456s] -- Using all available rosidl_typesupport_cpp: rosidl_typesupport_fastrtps_cpp;rosidl_typesupport_introspection_cpp
[0.512s] -- Found control_msgs: 4.6.0 (/opt/ros/humble/share/control_msgs/cmake)
[1.304s] -- Configuring done
[1.348s] -- Generating done
[1.356s] -- Build files have been written to: /home/robousr/ROS2Dev/robot_2025_ws/src/build/examen_scorbot_bringup
[1.465s] Built target ament_cmake_python_copy_examen_scorbot_bringup
[2.066s] running egg_info
[2.070s] writing examen_scorbot_bringup.egg-info/PKG-INFO
[2.073s] writing dependency_links to examen_scorbot_bringup.egg-info/dependency_links.txt
[2.073s] writing top-level names to examen_scorbot_bringup.egg-info/top_level.txt
[2.093s] reading manifest file 'examen_scorbot_bringup.egg-info/SOURCES.txt'
[2.094s] writing manifest file 'examen_scorbot_bringup.egg-info/SOURCES.txt'
[2.142s] Built target ament_cmake_python_build_examen_scorbot_bringup_egg
[2.169s] Invoked command in '/home/robousr/ROS2Dev/robot_2025_ws/src/build/examen_scorbot_bringup' returned '0': CMAKE_PREFIX_PATH=${CMAKE_PREFIX_PATH}:/opt/ros/humble /usr/bin/cmake --build /home/robousr/ROS2Dev/robot_2025_ws/src/build/examen_scorbot_bringup -- -j2 -l2
[2.256s] Invoking command in '/home/robousr/ROS2Dev/robot_2025_ws/src/build/examen_scorbot_bringup': CMAKE_PREFIX_PATH=${CMAKE_PREFIX_PATH}:/opt/ros/humble /usr/bin/cmake --install /home/robousr/ROS2Dev/robot_2025_ws/src/build/examen_scorbot_bringup
[2.280s] -- Install configuration: ""
[2.287s] -- Up-to-date: /home/robousr/ROS2Dev/robot_2025_ws/src/install/examen_scorbot_bringup/share/examen_scorbot_bringup//launch
[2.287s] -- Up-to-date: /home/robousr/ROS2Dev/robot_2025_ws/src/install/examen_scorbot_bringup/share/examen_scorbot_bringup//launch/simple_position_controller.launch.py
[2.287s] -- Installing: /home/robousr/ROS2Dev/robot_2025_ws/src/install/examen_scorbot_bringup/share/examen_scorbot_bringup//launch/trajectory_controller_scorbot.launch.py
[2.287s] -- Up-to-date: /home/robousr/ROS2Dev/robot_2025_ws/src/install/examen_scorbot_bringup/share/examen_scorbot_bringup//rviz
[2.287s] -- Up-to-date: /home/robousr/ROS2Dev/robot_2025_ws/src/install/examen_scorbot_bringup/share/examen_scorbot_bringup//rviz/scorbot_trajectory_controller_rviz.rviz
[2.287s] -- Up-to-date: /home/robousr/ROS2Dev/robot_2025_ws/src/install/examen_scorbot_bringup/share/examen_scorbot_bringup//world
[2.288s] -- Up-to-date: /home/robousr/ROS2Dev/robot_2025_ws/src/install/examen_scorbot_bringup/share/examen_scorbot_bringup//world/Models
[2.288s] -- Up-to-date: /home/robousr/ROS2Dev/robot_2025_ws/src/install/examen_scorbot_bringup/share/examen_scorbot_bringup//world/Models/test_box
[2.288s] -- Up-to-date: /home/robousr/ROS2Dev/robot_2025_ws/src/install/examen_scorbot_bringup/share/examen_scorbot_bringup//world/Models/test_box/model.sdf
[2.288s] -- Up-to-date: /home/robousr/ROS2Dev/robot_2025_ws/src/install/examen_scorbot_bringup/share/examen_scorbot_bringup//world/Models/test_box/model.config
[2.288s] -- Up-to-date: /home/robousr/ROS2Dev/robot_2025_ws/src/install/examen_scorbot_bringup/share/examen_scorbot_bringup//src
[2.288s] -- Up-to-date: /home/robousr/ROS2Dev/robot_2025_ws/src/install/examen_scorbot_bringup/share/examen_scorbot_bringup//src/position_test.py
[2.288s] -- Installing: /home/robousr/ROS2Dev/robot_2025_ws/src/install/examen_scorbot_bringup/share/examen_scorbot_bringup//src/trajectory_test.py
[2.288s] -- Up-to-date: /home/robousr/ROS2Dev/robot_2025_ws/src/install/examen_scorbot_bringup/share/examen_scorbot_bringup/environment/pythonpath.sh
[2.290s] -- Installing: /home/robousr/ROS2Dev/robot_2025_ws/src/install/examen_scorbot_bringup/share/examen_scorbot_bringup/environment/pythonpath.dsv
[2.292s] -- Up-to-date: /home/robousr/ROS2Dev/robot_2025_ws/src/install/examen_scorbot_bringup/local/lib/python3.10/dist-packages/examen_scorbot_bringup-0.0.0-py3.10.egg-info
[2.292s] -- Installing: /home/robousr/ROS2Dev/robot_2025_ws/src/install/examen_scorbot_bringup/local/lib/python3.10/dist-packages/examen_scorbot_bringup-0.0.0-py3.10.egg-info/dependency_links.txt
[2.292s] -- Installing: /home/robousr/ROS2Dev/robot_2025_ws/src/install/examen_scorbot_bringup/local/lib/python3.10/dist-packages/examen_scorbot_bringup-0.0.0-py3.10.egg-info/PKG-INFO
[2.293s] -- Installing: /home/robousr/ROS2Dev/robot_2025_ws/src/install/examen_scorbot_bringup/local/lib/python3.10/dist-packages/examen_scorbot_bringup-0.0.0-py3.10.egg-info/top_level.txt
[2.294s] -- Installing: /home/robousr/ROS2Dev/robot_2025_ws/src/install/examen_scorbot_bringup/local/lib/python3.10/dist-packages/examen_scorbot_bringup-0.0.0-py3.10.egg-info/SOURCES.txt
[2.294s] -- Up-to-date: /home/robousr/ROS2Dev/robot_2025_ws/src/install/examen_scorbot_bringup/local/lib/python3.10/dist-packages/examen_scorbot_bringup
[2.298s] -- Up-to-date: /home/robousr/ROS2Dev/robot_2025_ws/src/install/examen_scorbot_bringup/local/lib/python3.10/dist-packages/examen_scorbot_bringup/__init__.py
[2.559s] Listing '/home/robousr/ROS2Dev/robot_2025_ws/src/install/examen_scorbot_bringup/local/lib/python3.10/dist-packages/examen_scorbot_bringup'...
[2.572s] -- Installing: /home/robousr/ROS2Dev/robot_2025_ws/src/install/examen_scorbot_bringup/lib/examen_scorbot_bringup/trajectory_test.py
[2.572s] -- Up-to-date: /home/robousr/ROS2Dev/robot_2025_ws/src/install/examen_scorbot_bringup/share/ament_index/resource_index/package_run_dependencies/examen_scorbot_bringup
[2.573s] -- Up-to-date: /home/robousr/ROS2Dev/robot_2025_ws/src/install/examen_scorbot_bringup/share/ament_index/resource_index/parent_prefix_path/examen_scorbot_bringup
[2.573s] -- Up-to-date: /home/robousr/ROS2Dev/robot_2025_ws/src/install/examen_scorbot_bringup/share/examen_scorbot_bringup/environment/ament_prefix_path.sh
[2.575s] -- Installing: /home/robousr/ROS2Dev/robot_2025_ws/src/install/examen_scorbot_bringup/share/examen_scorbot_bringup/environment/ament_prefix_path.dsv
[2.576s] -- Up-to-date: /home/robousr/ROS2Dev/robot_2025_ws/src/install/examen_scorbot_bringup/share/examen_scorbot_bringup/environment/path.sh
[2.576s] -- Installing: /home/robousr/ROS2Dev/robot_2025_ws/src/install/examen_scorbot_bringup/share/examen_scorbot_bringup/environment/path.dsv
[2.579s] -- Up-to-date: /home/robousr/ROS2Dev/robot_2025_ws/src/install/examen_scorbot_bringup/share/examen_scorbot_bringup/local_setup.bash
[2.579s] -- Up-to-date: /home/robousr/ROS2Dev/robot_2025_ws/src/install/examen_scorbot_bringup/share/examen_scorbot_bringup/local_setup.sh
[2.582s] -- Up-to-date: /home/robousr/ROS2Dev/robot_2025_ws/src/install/examen_scorbot_bringup/share/examen_scorbot_bringup/local_setup.zsh
[2.582s] -- Installing: /home/robousr/ROS2Dev/robot_2025_ws/src/install/examen_scorbot_bringup/share/examen_scorbot_bringup/local_setup.dsv
[2.582s] -- Installing: /home/robousr/ROS2Dev/robot_2025_ws/src/install/examen_scorbot_bringup/share/examen_scorbot_bringup/package.dsv
[2.582s] -- Up-to-date: /home/robousr/ROS2Dev/robot_2025_ws/src/install/examen_scorbot_bringup/share/ament_index/resource_index/packages/examen_scorbot_bringup
[2.582s] -- Up-to-date: /home/robousr/ROS2Dev/robot_2025_ws/src/install/examen_scorbot_bringup/share/examen_scorbot_bringup/cmake/examen_scorbot_bringupConfig.cmake
[2.583s] -- Up-to-date: /home/robousr/ROS2Dev/robot_2025_ws/src/install/examen_scorbot_bringup/share/examen_scorbot_bringup/cmake/examen_scorbot_bringupConfig-version.cmake
[2.583s] -- Installing: /home/robousr/ROS2Dev/robot_2025_ws/src/install/examen_scorbot_bringup/share/examen_scorbot_bringup/package.xml
[2.590s] Invoked command in '/home/robousr/ROS2Dev/robot_2025_ws/src/build/examen_scorbot_bringup' returned '0': CMAKE_PREFIX_PATH=${CMAKE_PREFIX_PATH}:/opt/ros/humble /usr/bin/cmake --install /home/robousr/ROS2Dev/robot_2025_ws/src/build/examen_scorbot_bringup
