[0.079s] Invoking command in '/home/robousr/ROS2Dev/robot_2025_ws/src/build/examen_scorbot_bringup': CMAKE_PREFIX_PATH=${CMAKE_PREFIX_PATH}:/opt/ros/humble /usr/bin/cmake --build /home/robousr/ROS2Dev/robot_2025_ws/src/build/examen_scorbot_bringup -- -j2 -l2
[0.390s] Built target ament_cmake_python_copy_examen_scorbot_bringup
[2.584s] running egg_info
[2.593s] writing examen_scorbot_bringup.egg-info/PKG-INFO
[2.594s] writing dependency_links to examen_scorbot_bringup.egg-info/dependency_links.txt
[2.598s] writing top-level names to examen_scorbot_bringup.egg-info/top_level.txt
[2.616s] reading manifest file 'examen_scorbot_bringup.egg-info/SOURCES.txt'
[2.616s] writing manifest file 'examen_scorbot_bringup.egg-info/SOURCES.txt'
[2.718s] Built target ament_cmake_python_build_examen_scorbot_bringup_egg
[2.885s] Invoked command in '/home/robousr/ROS2Dev/robot_2025_ws/src/build/examen_scorbot_bringup' returned '0': CMAKE_PREFIX_PATH=${CMAKE_PREFIX_PATH}:/opt/ros/humble /usr/bin/cmake --build /home/robousr/ROS2Dev/robot_2025_ws/src/build/examen_scorbot_bringup -- -j2 -l2
[3.202s] Invoking command in '/home/robousr/ROS2Dev/robot_2025_ws/src/build/examen_scorbot_bringup': CMAKE_PREFIX_PATH=${CMAKE_PREFIX_PATH}:/opt/ros/humble /usr/bin/cmake --install /home/robousr/ROS2Dev/robot_2025_ws/src/build/examen_scorbot_bringup
[3.259s] -- Install configuration: ""
[3.259s] -- Up-to-date: /home/robousr/ROS2Dev/robot_2025_ws/src/install/examen_scorbot_bringup/share/examen_scorbot_bringup//launch
[3.259s] -- Up-to-date: /home/robousr/ROS2Dev/robot_2025_ws/src/install/examen_scorbot_bringup/share/examen_scorbot_bringup//launch/simple_position_controller.launch.py
[3.259s] -- Up-to-date: /home/robousr/ROS2Dev/robot_2025_ws/src/install/examen_scorbot_bringup/share/examen_scorbot_bringup//launch/trajectory_controller_scorbot.py
[3.259s] -- Up-to-date: /home/robousr/ROS2Dev/robot_2025_ws/src/install/examen_scorbot_bringup/share/examen_scorbot_bringup//rviz
[3.260s] -- Up-to-date: /home/robousr/ROS2Dev/robot_2025_ws/src/install/examen_scorbot_bringup/share/examen_scorbot_bringup//world
[3.260s] -- Up-to-date: /home/robousr/ROS2Dev/robot_2025_ws/src/install/examen_scorbot_bringup/share/examen_scorbot_bringup//src
[3.260s] -- Up-to-date: /home/robousr/ROS2Dev/robot_2025_ws/src/install/examen_scorbot_bringup/share/examen_scorbot_bringup//src/position_test.py
[3.260s] -- Up-to-date: /home/robousr/ROS2Dev/robot_2025_ws/src/install/examen_scorbot_bringup/share/examen_scorbot_bringup//src/trajectory_test.py
[3.266s] -- Up-to-date: /home/robousr/ROS2Dev/robot_2025_ws/src/install/examen_scorbot_bringup/share/examen_scorbot_bringup/environment/pythonpath.sh
[3.267s] -- Up-to-date: /home/robousr/ROS2Dev/robot_2025_ws/src/install/examen_scorbot_bringup/share/examen_scorbot_bringup/environment/pythonpath.dsv
[3.267s] -- Up-to-date: /home/robousr/ROS2Dev/robot_2025_ws/src/install/examen_scorbot_bringup/local/lib/python3.10/dist-packages/examen_scorbot_bringup-0.0.0-py3.10.egg-info
[3.273s] -- Installing: /home/robousr/ROS2Dev/robot_2025_ws/src/install/examen_scorbot_bringup/local/lib/python3.10/dist-packages/examen_scorbot_bringup-0.0.0-py3.10.egg-info/dependency_links.txt
[3.274s] -- Installing: /home/robousr/ROS2Dev/robot_2025_ws/src/install/examen_scorbot_bringup/local/lib/python3.10/dist-packages/examen_scorbot_bringup-0.0.0-py3.10.egg-info/PKG-INFO
[3.274s] -- Installing: /home/robousr/ROS2Dev/robot_2025_ws/src/install/examen_scorbot_bringup/local/lib/python3.10/dist-packages/examen_scorbot_bringup-0.0.0-py3.10.egg-info/top_level.txt
[3.274s] -- Installing: /home/robousr/ROS2Dev/robot_2025_ws/src/install/examen_scorbot_bringup/local/lib/python3.10/dist-packages/examen_scorbot_bringup-0.0.0-py3.10.egg-info/SOURCES.txt
[3.274s] -- Up-to-date: /home/robousr/ROS2Dev/robot_2025_ws/src/install/examen_scorbot_bringup/local/lib/python3.10/dist-packages/examen_scorbot_bringup
[3.274s] -- Up-to-date: /home/robousr/ROS2Dev/robot_2025_ws/src/install/examen_scorbot_bringup/local/lib/python3.10/dist-packages/examen_scorbot_bringup/__init__.py
[3.967s] Listing '/home/robousr/ROS2Dev/robot_2025_ws/src/install/examen_scorbot_bringup/local/lib/python3.10/dist-packages/examen_scorbot_bringup'...
[4.027s] -- Up-to-date: /home/robousr/ROS2Dev/robot_2025_ws/src/install/examen_scorbot_bringup/lib/examen_scorbot_bringup/position_test.py
[4.033s] -- Up-to-date: /home/robousr/ROS2Dev/robot_2025_ws/src/install/examen_scorbot_bringup/lib/examen_scorbot_bringup/trajectory_test.py
[4.033s] -- Up-to-date: /home/robousr/ROS2Dev/robot_2025_ws/src/install/examen_scorbot_bringup/share/ament_index/resource_index/package_run_dependencies/examen_scorbot_bringup
[4.042s] -- Up-to-date: /home/robousr/ROS2Dev/robot_2025_ws/src/install/examen_scorbot_bringup/share/ament_index/resource_index/parent_prefix_path/examen_scorbot_bringup
[4.043s] -- Up-to-date: /home/robousr/ROS2Dev/robot_2025_ws/src/install/examen_scorbot_bringup/share/examen_scorbot_bringup/environment/ament_prefix_path.sh
[4.047s] -- Up-to-date: /home/robousr/ROS2Dev/robot_2025_ws/src/install/examen_scorbot_bringup/share/examen_scorbot_bringup/environment/ament_prefix_path.dsv
[4.047s] -- Up-to-date: /home/robousr/ROS2Dev/robot_2025_ws/src/install/examen_scorbot_bringup/share/examen_scorbot_bringup/environment/path.sh
[4.048s] -- Up-to-date: /home/robousr/ROS2Dev/robot_2025_ws/src/install/examen_scorbot_bringup/share/examen_scorbot_bringup/environment/path.dsv
[4.048s] -- Up-to-date: /home/robousr/ROS2Dev/robot_2025_ws/src/install/examen_scorbot_bringup/share/examen_scorbot_bringup/local_setup.bash
[4.055s] -- Up-to-date: /home/robousr/ROS2Dev/robot_2025_ws/src/install/examen_scorbot_bringup/share/examen_scorbot_bringup/local_setup.sh
[4.057s] -- Up-to-date: /home/robousr/ROS2Dev/robot_2025_ws/src/install/examen_scorbot_bringup/share/examen_scorbot_bringup/local_setup.zsh
[4.060s] -- Up-to-date: /home/robousr/ROS2Dev/robot_2025_ws/src/install/examen_scorbot_bringup/share/examen_scorbot_bringup/local_setup.dsv
[4.061s] -- Installing: /home/robousr/ROS2Dev/robot_2025_ws/src/install/examen_scorbot_bringup/share/examen_scorbot_bringup/package.dsv
[4.064s] -- Up-to-date: /home/robousr/ROS2Dev/robot_2025_ws/src/install/examen_scorbot_bringup/share/ament_index/resource_index/packages/examen_scorbot_bringup
[4.065s] -- Up-to-date: /home/robousr/ROS2Dev/robot_2025_ws/src/install/examen_scorbot_bringup/share/examen_scorbot_bringup/cmake/examen_scorbot_bringupConfig.cmake
[4.069s] -- Up-to-date: /home/robousr/ROS2Dev/robot_2025_ws/src/install/examen_scorbot_bringup/share/examen_scorbot_bringup/cmake/examen_scorbot_bringupConfig-version.cmake
[4.069s] -- Up-to-date: /home/robousr/ROS2Dev/robot_2025_ws/src/install/examen_scorbot_bringup/share/examen_scorbot_bringup/package.xml
[4.078s] Invoked command in '/home/robousr/ROS2Dev/robot_2025_ws/src/build/examen_scorbot_bringup' returned '0': CMAKE_PREFIX_PATH=${CMAKE_PREFIX_PATH}:/opt/ros/humble /usr/bin/cmake --install /home/robousr/ROS2Dev/robot_2025_ws/src/build/examen_scorbot_bringup
