[0.524s] DEBUG:colcon:Command line arguments: ['/usr/bin/colcon', 'build']
[0.527s] DEBUG:colcon:Parsed command line arguments: Namespace(log_base=None, log_level=None, verb_name='build', build_base='build', install_base='install', merge_install=False, symlink_install=False, test_result_base=None, continue_on_error=False, executor='parallel', parallel_workers=2, event_handlers=None, ignore_user_meta=False, metas=['./colcon.meta'], base_paths=['.'], packages_ignore=None, packages_ignore_regex=None, paths=None, packages_up_to=None, packages_up_to_regex=None, packages_above=None, packages_above_and_dependencies=None, packages_above_depth=None, packages_select_by_dep=None, packages_skip_by_dep=None, packages_skip_up_to=None, packages_select_build_failed=False, packages_skip_build_finished=False, packages_select_test_failures=False, packages_skip_test_passed=False, packages_select=None, packages_skip=None, packages_select_regex=None, packages_skip_regex=None, packages_start=None, packages_end=None, allow_overriding=[], cmake_args=None, cmake_target=None, cmake_target_skip_unavailable=False, cmake_clean_cache=False, cmake_clean_first=False, cmake_force_configure=False, ament_cmake_args=None, catkin_cmake_args=None, catkin_skip_building_tests=False, mixin_files=None, mixin=None, verb_parser=<colcon_mixin.mixin.mixin_argument.MixinArgumentDecorator object at 0x7cb987443dc0>, verb_extension=<colcon_core.verb.build.BuildVerb object at 0x7cb987443640>, main=<bound method BuildVerb.main of <colcon_core.verb.build.BuildVerb object at 0x7cb987443640>>, mixin_verb=('build',))
[2.474s] Level 1:colcon.colcon_core.package_discovery:discover_packages(colcon_meta) check parameters
[2.475s] Level 1:colcon.colcon_core.package_discovery:discover_packages(recursive) check parameters
[2.476s] Level 1:colcon.colcon_core.package_discovery:discover_packages(ignore) check parameters
[2.476s] Level 1:colcon.colcon_core.package_discovery:discover_packages(path) check parameters
[2.476s] Level 1:colcon.colcon_core.package_discovery:discover_packages(colcon_meta) discover
[2.477s] Level 1:colcon.colcon_core.package_discovery:discover_packages(recursive) discover
[2.477s] INFO:colcon.colcon_core.package_discovery:Crawling recursively for packages in '/home/robousr/ROS2Dev/robot_2025_ws/src'
[2.477s] Level 1:colcon.colcon_core.package_identification:_identify(.) by extensions ['ignore', 'ignore_ament_install']
[2.478s] Level 1:colcon.colcon_core.package_identification:_identify(.) by extension 'ignore'
[2.479s] Level 1:colcon.colcon_core.package_identification:_identify(.) by extension 'ignore_ament_install'
[2.479s] Level 1:colcon.colcon_core.package_identification:_identify(.) by extensions ['colcon_pkg']
[2.479s] Level 1:colcon.colcon_core.package_identification:_identify(.) by extension 'colcon_pkg'
[2.480s] Level 1:colcon.colcon_core.package_identification:_identify(.) by extensions ['colcon_meta']
[2.480s] Level 1:colcon.colcon_core.package_identification:_identify(.) by extension 'colcon_meta'
[2.480s] Level 1:colcon.colcon_core.package_identification:_identify(.) by extensions ['ros']
[2.480s] Level 1:colcon.colcon_core.package_identification:_identify(.) by extension 'ros'
[2.539s] Level 1:colcon.colcon_core.package_identification:_identify(.) by extensions ['cmake', 'python']
[2.540s] Level 1:colcon.colcon_core.package_identification:_identify(.) by extension 'cmake'
[2.540s] Level 1:colcon.colcon_core.package_identification:_identify(.) by extension 'python'
[2.540s] Level 1:colcon.colcon_core.package_identification:_identify(.) by extensions ['python_setup_py']
[2.540s] Level 1:colcon.colcon_core.package_identification:_identify(.) by extension 'python_setup_py'
[2.541s] Level 1:colcon.colcon_core.package_identification:_identify(Materiales) by extensions ['ignore', 'ignore_ament_install']
[2.541s] Level 1:colcon.colcon_core.package_identification:_identify(Materiales) by extension 'ignore'
[2.542s] Level 1:colcon.colcon_core.package_identification:_identify(Materiales) by extension 'ignore_ament_install'
[2.542s] Level 1:colcon.colcon_core.package_identification:_identify(Materiales) by extensions ['colcon_pkg']
[2.542s] Level 1:colcon.colcon_core.package_identification:_identify(Materiales) by extension 'colcon_pkg'
[2.542s] Level 1:colcon.colcon_core.package_identification:_identify(Materiales) by extensions ['colcon_meta']
[2.543s] Level 1:colcon.colcon_core.package_identification:_identify(Materiales) by extension 'colcon_meta'
[2.543s] Level 1:colcon.colcon_core.package_identification:_identify(Materiales) by extensions ['ros']
[2.543s] Level 1:colcon.colcon_core.package_identification:_identify(Materiales) by extension 'ros'
[2.543s] Level 1:colcon.colcon_core.package_identification:_identify(Materiales) by extensions ['cmake', 'python']
[2.544s] Level 1:colcon.colcon_core.package_identification:_identify(Materiales) by extension 'cmake'
[2.544s] Level 1:colcon.colcon_core.package_identification:_identify(Materiales) by extension 'python'
[2.545s] Level 1:colcon.colcon_core.package_identification:_identify(Materiales) by extensions ['python_setup_py']
[2.545s] Level 1:colcon.colcon_core.package_identification:_identify(Materiales) by extension 'python_setup_py'
[2.545s] Level 1:colcon.colcon_core.package_identification:_identify(Materiales/imagenes) by extensions ['ignore', 'ignore_ament_install']
[2.546s] Level 1:colcon.colcon_core.package_identification:_identify(Materiales/imagenes) by extension 'ignore'
[2.546s] Level 1:colcon.colcon_core.package_identification:_identify(Materiales/imagenes) by extension 'ignore_ament_install'
[2.547s] Level 1:colcon.colcon_core.package_identification:_identify(Materiales/imagenes) by extensions ['colcon_pkg']
[2.547s] Level 1:colcon.colcon_core.package_identification:_identify(Materiales/imagenes) by extension 'colcon_pkg'
[2.547s] Level 1:colcon.colcon_core.package_identification:_identify(Materiales/imagenes) by extensions ['colcon_meta']
[2.547s] Level 1:colcon.colcon_core.package_identification:_identify(Materiales/imagenes) by extension 'colcon_meta'
[2.547s] Level 1:colcon.colcon_core.package_identification:_identify(Materiales/imagenes) by extensions ['ros']
[2.548s] Level 1:colcon.colcon_core.package_identification:_identify(Materiales/imagenes) by extension 'ros'
[2.548s] Level 1:colcon.colcon_core.package_identification:_identify(Materiales/imagenes) by extensions ['cmake', 'python']
[2.548s] Level 1:colcon.colcon_core.package_identification:_identify(Materiales/imagenes) by extension 'cmake'
[2.549s] Level 1:colcon.colcon_core.package_identification:_identify(Materiales/imagenes) by extension 'python'
[2.549s] Level 1:colcon.colcon_core.package_identification:_identify(Materiales/imagenes) by extensions ['python_setup_py']
[2.549s] Level 1:colcon.colcon_core.package_identification:_identify(Materiales/imagenes) by extension 'python_setup_py'
[2.549s] Level 1:colcon.colcon_core.package_identification:_identify(build) by extensions ['ignore', 'ignore_ament_install']
[2.549s] Level 1:colcon.colcon_core.package_identification:_identify(build) by extension 'ignore'
[2.550s] Level 1:colcon.colcon_core.package_identification:_identify(build) ignored
[2.550s] Level 1:colcon.colcon_core.package_identification:_identify(examen_bringup) by extensions ['ignore', 'ignore_ament_install']
[2.551s] Level 1:colcon.colcon_core.package_identification:_identify(examen_bringup) by extension 'ignore'
[2.551s] Level 1:colcon.colcon_core.package_identification:_identify(examen_bringup) by extension 'ignore_ament_install'
[2.551s] Level 1:colcon.colcon_core.package_identification:_identify(examen_bringup) by extensions ['colcon_pkg']
[2.551s] Level 1:colcon.colcon_core.package_identification:_identify(examen_bringup) by extension 'colcon_pkg'
[2.551s] Level 1:colcon.colcon_core.package_identification:_identify(examen_bringup) by extensions ['colcon_meta']
[2.551s] Level 1:colcon.colcon_core.package_identification:_identify(examen_bringup) by extension 'colcon_meta'
[2.551s] Level 1:colcon.colcon_core.package_identification:_identify(examen_bringup) by extensions ['ros']
[2.551s] Level 1:colcon.colcon_core.package_identification:_identify(examen_bringup) by extension 'ros'
[2.561s] DEBUG:colcon.colcon_core.package_identification:Package 'examen_bringup' with type 'ros.ament_cmake' and name 'examen_bringup'
[2.562s] Level 1:colcon.colcon_core.package_identification:_identify(examen_description) by extensions ['ignore', 'ignore_ament_install']
[2.562s] Level 1:colcon.colcon_core.package_identification:_identify(examen_description) by extension 'ignore'
[2.562s] Level 1:colcon.colcon_core.package_identification:_identify(examen_description) by extension 'ignore_ament_install'
[2.564s] Level 1:colcon.colcon_core.package_identification:_identify(examen_description) by extensions ['colcon_pkg']
[2.565s] Level 1:colcon.colcon_core.package_identification:_identify(examen_description) by extension 'colcon_pkg'
[2.565s] Level 1:colcon.colcon_core.package_identification:_identify(examen_description) by extensions ['colcon_meta']
[2.565s] Level 1:colcon.colcon_core.package_identification:_identify(examen_description) by extension 'colcon_meta'
[2.565s] Level 1:colcon.colcon_core.package_identification:_identify(examen_description) by extensions ['ros']
[2.565s] Level 1:colcon.colcon_core.package_identification:_identify(examen_description) by extension 'ros'
[2.570s] DEBUG:colcon.colcon_core.package_identification:Package 'examen_description' with type 'ros.ament_cmake' and name 'examen_description'
[2.571s] Level 1:colcon.colcon_core.package_identification:_identify(examen_scorbot_bringup) by extensions ['ignore', 'ignore_ament_install']
[2.571s] Level 1:colcon.colcon_core.package_identification:_identify(examen_scorbot_bringup) by extension 'ignore'
[2.571s] Level 1:colcon.colcon_core.package_identification:_identify(examen_scorbot_bringup) by extension 'ignore_ament_install'
[2.572s] Level 1:colcon.colcon_core.package_identification:_identify(examen_scorbot_bringup) by extensions ['colcon_pkg']
[2.572s] Level 1:colcon.colcon_core.package_identification:_identify(examen_scorbot_bringup) by extension 'colcon_pkg'
[2.572s] Level 1:colcon.colcon_core.package_identification:_identify(examen_scorbot_bringup) by extensions ['colcon_meta']
[2.573s] Level 1:colcon.colcon_core.package_identification:_identify(examen_scorbot_bringup) by extension 'colcon_meta'
[2.573s] Level 1:colcon.colcon_core.package_identification:_identify(examen_scorbot_bringup) by extensions ['ros']
[2.573s] Level 1:colcon.colcon_core.package_identification:_identify(examen_scorbot_bringup) by extension 'ros'
[2.607s] DEBUG:colcon.colcon_core.package_identification:Package 'examen_scorbot_bringup' with type 'ros.ament_cmake' and name 'examen_scorbot_bringup'
[2.607s] Level 1:colcon.colcon_core.package_identification:_identify(examen_scorbot_description) by extensions ['ignore', 'ignore_ament_install']
[2.608s] Level 1:colcon.colcon_core.package_identification:_identify(examen_scorbot_description) by extension 'ignore'
[2.608s] Level 1:colcon.colcon_core.package_identification:_identify(examen_scorbot_description) by extension 'ignore_ament_install'
[2.608s] Level 1:colcon.colcon_core.package_identification:_identify(examen_scorbot_description) by extensions ['colcon_pkg']
[2.609s] Level 1:colcon.colcon_core.package_identification:_identify(examen_scorbot_description) by extension 'colcon_pkg'
[2.609s] Level 1:colcon.colcon_core.package_identification:_identify(examen_scorbot_description) by extensions ['colcon_meta']
[2.609s] Level 1:colcon.colcon_core.package_identification:_identify(examen_scorbot_description) by extension 'colcon_meta'
[2.609s] Level 1:colcon.colcon_core.package_identification:_identify(examen_scorbot_description) by extensions ['ros']
[2.610s] Level 1:colcon.colcon_core.package_identification:_identify(examen_scorbot_description) by extension 'ros'
[2.615s] DEBUG:colcon.colcon_core.package_identification:Package 'examen_scorbot_description' with type 'ros.ament_cmake' and name 'examen_scorbot_description'
[2.615s] Level 1:colcon.colcon_core.package_identification:_identify(install) by extensions ['ignore', 'ignore_ament_install']
[2.617s] Level 1:colcon.colcon_core.package_identification:_identify(install) by extension 'ignore'
[2.617s] Level 1:colcon.colcon_core.package_identification:_identify(install) ignored
[2.618s] Level 1:colcon.colcon_core.package_identification:_identify(log) by extensions ['ignore', 'ignore_ament_install']
[2.618s] Level 1:colcon.colcon_core.package_identification:_identify(log) by extension 'ignore'
[2.618s] Level 1:colcon.colcon_core.package_identification:_identify(log) ignored
[2.619s] Level 1:colcon.colcon_core.package_identification:_identify(notebooks) by extensions ['ignore', 'ignore_ament_install']
[2.619s] Level 1:colcon.colcon_core.package_identification:_identify(notebooks) by extension 'ignore'
[2.620s] Level 1:colcon.colcon_core.package_identification:_identify(notebooks) by extension 'ignore_ament_install'
[2.620s] Level 1:colcon.colcon_core.package_identification:_identify(notebooks) by extensions ['colcon_pkg']
[2.620s] Level 1:colcon.colcon_core.package_identification:_identify(notebooks) by extension 'colcon_pkg'
[2.620s] Level 1:colcon.colcon_core.package_identification:_identify(notebooks) by extensions ['colcon_meta']
[2.620s] Level 1:colcon.colcon_core.package_identification:_identify(notebooks) by extension 'colcon_meta'
[2.621s] Level 1:colcon.colcon_core.package_identification:_identify(notebooks) by extensions ['ros']
[2.621s] Level 1:colcon.colcon_core.package_identification:_identify(notebooks) by extension 'ros'
[2.621s] Level 1:colcon.colcon_core.package_identification:_identify(notebooks) by extensions ['cmake', 'python']
[2.622s] Level 1:colcon.colcon_core.package_identification:_identify(notebooks) by extension 'cmake'
[2.622s] Level 1:colcon.colcon_core.package_identification:_identify(notebooks) by extension 'python'
[2.622s] Level 1:colcon.colcon_core.package_identification:_identify(notebooks) by extensions ['python_setup_py']
[2.622s] Level 1:colcon.colcon_core.package_identification:_identify(notebooks) by extension 'python_setup_py'
[2.623s] Level 1:colcon.colcon_core.package_identification:_identify(notebooks/imagenes_examen) by extensions ['ignore', 'ignore_ament_install']
[2.623s] Level 1:colcon.colcon_core.package_identification:_identify(notebooks/imagenes_examen) by extension 'ignore'
[2.623s] Level 1:colcon.colcon_core.package_identification:_identify(notebooks/imagenes_examen) by extension 'ignore_ament_install'
[2.624s] Level 1:colcon.colcon_core.package_identification:_identify(notebooks/imagenes_examen) by extensions ['colcon_pkg']
[2.624s] Level 1:colcon.colcon_core.package_identification:_identify(notebooks/imagenes_examen) by extension 'colcon_pkg'
[2.624s] Level 1:colcon.colcon_core.package_identification:_identify(notebooks/imagenes_examen) by extensions ['colcon_meta']
[2.624s] Level 1:colcon.colcon_core.package_identification:_identify(notebooks/imagenes_examen) by extension 'colcon_meta'
[2.625s] Level 1:colcon.colcon_core.package_identification:_identify(notebooks/imagenes_examen) by extensions ['ros']
[2.625s] Level 1:colcon.colcon_core.package_identification:_identify(notebooks/imagenes_examen) by extension 'ros'
[2.625s] Level 1:colcon.colcon_core.package_identification:_identify(notebooks/imagenes_examen) by extensions ['cmake', 'python']
[2.625s] Level 1:colcon.colcon_core.package_identification:_identify(notebooks/imagenes_examen) by extension 'cmake'
[2.626s] Level 1:colcon.colcon_core.package_identification:_identify(notebooks/imagenes_examen) by extension 'python'
[2.626s] Level 1:colcon.colcon_core.package_identification:_identify(notebooks/imagenes_examen) by extensions ['python_setup_py']
[2.627s] Level 1:colcon.colcon_core.package_identification:_identify(notebooks/imagenes_examen) by extension 'python_setup_py'
[2.628s] Level 1:colcon.colcon_core.package_identification:_identify(notebooks/imagenes_p1_urdf) by extensions ['ignore', 'ignore_ament_install']
[2.629s] Level 1:colcon.colcon_core.package_identification:_identify(notebooks/imagenes_p1_urdf) by extension 'ignore'
[2.629s] Level 1:colcon.colcon_core.package_identification:_identify(notebooks/imagenes_p1_urdf) by extension 'ignore_ament_install'
[2.629s] Level 1:colcon.colcon_core.package_identification:_identify(notebooks/imagenes_p1_urdf) by extensions ['colcon_pkg']
[2.630s] Level 1:colcon.colcon_core.package_identification:_identify(notebooks/imagenes_p1_urdf) by extension 'colcon_pkg'
[2.630s] Level 1:colcon.colcon_core.package_identification:_identify(notebooks/imagenes_p1_urdf) by extensions ['colcon_meta']
[2.630s] Level 1:colcon.colcon_core.package_identification:_identify(notebooks/imagenes_p1_urdf) by extension 'colcon_meta'
[2.630s] Level 1:colcon.colcon_core.package_identification:_identify(notebooks/imagenes_p1_urdf) by extensions ['ros']
[2.631s] Level 1:colcon.colcon_core.package_identification:_identify(notebooks/imagenes_p1_urdf) by extension 'ros'
[2.631s] Level 1:colcon.colcon_core.package_identification:_identify(notebooks/imagenes_p1_urdf) by extensions ['cmake', 'python']
[2.631s] Level 1:colcon.colcon_core.package_identification:_identify(notebooks/imagenes_p1_urdf) by extension 'cmake'
[2.631s] Level 1:colcon.colcon_core.package_identification:_identify(notebooks/imagenes_p1_urdf) by extension 'python'
[2.631s] Level 1:colcon.colcon_core.package_identification:_identify(notebooks/imagenes_p1_urdf) by extensions ['python_setup_py']
[2.632s] Level 1:colcon.colcon_core.package_identification:_identify(notebooks/imagenes_p1_urdf) by extension 'python_setup_py'
[2.632s] Level 1:colcon.colcon_core.package_identification:_identify(practica1_description) by extensions ['ignore', 'ignore_ament_install']
[2.633s] Level 1:colcon.colcon_core.package_identification:_identify(practica1_description) by extension 'ignore'
[2.633s] Level 1:colcon.colcon_core.package_identification:_identify(practica1_description) by extension 'ignore_ament_install'
[2.633s] Level 1:colcon.colcon_core.package_identification:_identify(practica1_description) by extensions ['colcon_pkg']
[2.633s] Level 1:colcon.colcon_core.package_identification:_identify(practica1_description) by extension 'colcon_pkg'
[2.633s] Level 1:colcon.colcon_core.package_identification:_identify(practica1_description) by extensions ['colcon_meta']
[2.634s] Level 1:colcon.colcon_core.package_identification:_identify(practica1_description) by extension 'colcon_meta'
[2.634s] Level 1:colcon.colcon_core.package_identification:_identify(practica1_description) by extensions ['ros']
[2.634s] Level 1:colcon.colcon_core.package_identification:_identify(practica1_description) by extension 'ros'
[2.637s] DEBUG:colcon.colcon_core.package_identification:Package 'practica1_description' with type 'ros.ament_cmake' and name 'practica1_description'
[2.638s] Level 1:colcon.colcon_core.package_identification:_identify(scorbot_description) by extensions ['ignore', 'ignore_ament_install']
[2.638s] Level 1:colcon.colcon_core.package_identification:_identify(scorbot_description) by extension 'ignore'
[2.639s] Level 1:colcon.colcon_core.package_identification:_identify(scorbot_description) by extension 'ignore_ament_install'
[2.639s] Level 1:colcon.colcon_core.package_identification:_identify(scorbot_description) by extensions ['colcon_pkg']
[2.639s] Level 1:colcon.colcon_core.package_identification:_identify(scorbot_description) by extension 'colcon_pkg'
[2.639s] Level 1:colcon.colcon_core.package_identification:_identify(scorbot_description) by extensions ['colcon_meta']
[2.639s] Level 1:colcon.colcon_core.package_identification:_identify(scorbot_description) by extension 'colcon_meta'
[2.640s] Level 1:colcon.colcon_core.package_identification:_identify(scorbot_description) by extensions ['ros']
[2.640s] Level 1:colcon.colcon_core.package_identification:_identify(scorbot_description) by extension 'ros'
[2.642s] DEBUG:colcon.colcon_core.package_identification:Package 'scorbot_description' with type 'ros.ament_cmake' and name 'scorbot_description'
[2.642s] Level 1:colcon.colcon_core.package_discovery:discover_packages(recursive) using defaults
[2.643s] Level 1:colcon.colcon_core.package_discovery:discover_packages(ignore) discover
[2.643s] Level 1:colcon.colcon_core.package_discovery:discover_packages(ignore) using defaults
[2.643s] Level 1:colcon.colcon_core.package_discovery:discover_packages(path) discover
[2.643s] Level 1:colcon.colcon_core.package_discovery:discover_packages(path) using defaults
[2.734s] Level 1:colcon.colcon_core.package_discovery:discover_packages(prefix_path) check parameters
[2.734s] Level 1:colcon.colcon_core.package_discovery:discover_packages(prefix_path) discover
[2.745s] DEBUG:colcon.colcon_installed_package_information.package_discovery:Found 7 installed packages in /home/robousr/ROS2Dev/robot_2025_ws/src/install
[2.747s] DEBUG:colcon.colcon_installed_package_information.package_discovery:Found 7 installed packages in /home/robousr/ROS2Dev/robot_2025_ws/install
[2.750s] DEBUG:colcon.colcon_installed_package_information.package_discovery:Found 1 installed packages in /home/robousr/ROS2Dev/robot_2025_ws/src/examen_description/install
[2.758s] DEBUG:colcon.colcon_installed_package_information.package_discovery:Found 319 installed packages in /opt/ros/humble
[2.766s] Level 1:colcon.colcon_core.package_discovery:discover_packages(prefix_path) using defaults
[3.020s] Level 5:colcon.colcon_core.verb:set package 'examen_bringup' build argument 'cmake_args' from command line to 'None'
[3.020s] Level 5:colcon.colcon_core.verb:set package 'examen_bringup' build argument 'cmake_target' from command line to 'None'
[3.021s] Level 5:colcon.colcon_core.verb:set package 'examen_bringup' build argument 'cmake_target_skip_unavailable' from command line to 'False'
[3.021s] Level 5:colcon.colcon_core.verb:set package 'examen_bringup' build argument 'cmake_clean_cache' from command line to 'False'
[3.021s] Level 5:colcon.colcon_core.verb:set package 'examen_bringup' build argument 'cmake_clean_first' from command line to 'False'
[3.021s] Level 5:colcon.colcon_core.verb:set package 'examen_bringup' build argument 'cmake_force_configure' from command line to 'False'
[3.021s] Level 5:colcon.colcon_core.verb:set package 'examen_bringup' build argument 'ament_cmake_args' from command line to 'None'
[3.021s] Level 5:colcon.colcon_core.verb:set package 'examen_bringup' build argument 'catkin_cmake_args' from command line to 'None'
[3.021s] Level 5:colcon.colcon_core.verb:set package 'examen_bringup' build argument 'catkin_skip_building_tests' from command line to 'False'
[3.022s] DEBUG:colcon.colcon_core.verb:Building package 'examen_bringup' with the following arguments: {'ament_cmake_args': None, 'build_base': '/home/robousr/ROS2Dev/robot_2025_ws/src/build/examen_bringup', 'catkin_cmake_args': None, 'catkin_skip_building_tests': False, 'cmake_args': None, 'cmake_clean_cache': False, 'cmake_clean_first': False, 'cmake_force_configure': False, 'cmake_target': None, 'cmake_target_skip_unavailable': False, 'install_base': '/home/robousr/ROS2Dev/robot_2025_ws/src/install/examen_bringup', 'merge_install': False, 'path': '/home/robousr/ROS2Dev/robot_2025_ws/src/examen_bringup', 'symlink_install': False, 'test_result_base': None}
[3.023s] Level 5:colcon.colcon_core.verb:set package 'examen_description' build argument 'cmake_args' from command line to 'None'
[3.024s] Level 5:colcon.colcon_core.verb:set package 'examen_description' build argument 'cmake_target' from command line to 'None'
[3.024s] Level 5:colcon.colcon_core.verb:set package 'examen_description' build argument 'cmake_target_skip_unavailable' from command line to 'False'
[3.024s] Level 5:colcon.colcon_core.verb:set package 'examen_description' build argument 'cmake_clean_cache' from command line to 'False'
[3.024s] Level 5:colcon.colcon_core.verb:set package 'examen_description' build argument 'cmake_clean_first' from command line to 'False'
[3.024s] Level 5:colcon.colcon_core.verb:set package 'examen_description' build argument 'cmake_force_configure' from command line to 'False'
[3.024s] Level 5:colcon.colcon_core.verb:set package 'examen_description' build argument 'ament_cmake_args' from command line to 'None'
[3.025s] Level 5:colcon.colcon_core.verb:set package 'examen_description' build argument 'catkin_cmake_args' from command line to 'None'
[3.025s] Level 5:colcon.colcon_core.verb:set package 'examen_description' build argument 'catkin_skip_building_tests' from command line to 'False'
[3.025s] DEBUG:colcon.colcon_core.verb:Building package 'examen_description' with the following arguments: {'ament_cmake_args': None, 'build_base': '/home/robousr/ROS2Dev/robot_2025_ws/src/build/examen_description', 'catkin_cmake_args': None, 'catkin_skip_building_tests': False, 'cmake_args': None, 'cmake_clean_cache': False, 'cmake_clean_first': False, 'cmake_force_configure': False, 'cmake_target': None, 'cmake_target_skip_unavailable': False, 'install_base': '/home/robousr/ROS2Dev/robot_2025_ws/src/install/examen_description', 'merge_install': False, 'path': '/home/robousr/ROS2Dev/robot_2025_ws/src/examen_description', 'symlink_install': False, 'test_result_base': None}
[3.027s] Level 5:colcon.colcon_core.verb:set package 'examen_scorbot_bringup' build argument 'cmake_args' from command line to 'None'
[3.027s] Level 5:colcon.colcon_core.verb:set package 'examen_scorbot_bringup' build argument 'cmake_target' from command line to 'None'
[3.027s] Level 5:colcon.colcon_core.verb:set package 'examen_scorbot_bringup' build argument 'cmake_target_skip_unavailable' from command line to 'False'
[3.027s] Level 5:colcon.colcon_core.verb:set package 'examen_scorbot_bringup' build argument 'cmake_clean_cache' from command line to 'False'
[3.027s] Level 5:colcon.colcon_core.verb:set package 'examen_scorbot_bringup' build argument 'cmake_clean_first' from command line to 'False'
[3.027s] Level 5:colcon.colcon_core.verb:set package 'examen_scorbot_bringup' build argument 'cmake_force_configure' from command line to 'False'
[3.027s] Level 5:colcon.colcon_core.verb:set package 'examen_scorbot_bringup' build argument 'ament_cmake_args' from command line to 'None'
[3.028s] Level 5:colcon.colcon_core.verb:set package 'examen_scorbot_bringup' build argument 'catkin_cmake_args' from command line to 'None'
[3.028s] Level 5:colcon.colcon_core.verb:set package 'examen_scorbot_bringup' build argument 'catkin_skip_building_tests' from command line to 'False'
[3.028s] DEBUG:colcon.colcon_core.verb:Building package 'examen_scorbot_bringup' with the following arguments: {'ament_cmake_args': None, 'build_base': '/home/robousr/ROS2Dev/robot_2025_ws/src/build/examen_scorbot_bringup', 'catkin_cmake_args': None, 'catkin_skip_building_tests': False, 'cmake_args': None, 'cmake_clean_cache': False, 'cmake_clean_first': False, 'cmake_force_configure': False, 'cmake_target': None, 'cmake_target_skip_unavailable': False, 'install_base': '/home/robousr/ROS2Dev/robot_2025_ws/src/install/examen_scorbot_bringup', 'merge_install': False, 'path': '/home/robousr/ROS2Dev/robot_2025_ws/src/examen_scorbot_bringup', 'symlink_install': False, 'test_result_base': None}
[3.029s] Level 5:colcon.colcon_core.verb:set package 'examen_scorbot_description' build argument 'cmake_args' from command line to 'None'
[3.029s] Level 5:colcon.colcon_core.verb:set package 'examen_scorbot_description' build argument 'cmake_target' from command line to 'None'
[3.029s] Level 5:colcon.colcon_core.verb:set package 'examen_scorbot_description' build argument 'cmake_target_skip_unavailable' from command line to 'False'
[3.029s] Level 5:colcon.colcon_core.verb:set package 'examen_scorbot_description' build argument 'cmake_clean_cache' from command line to 'False'
[3.029s] Level 5:colcon.colcon_core.verb:set package 'examen_scorbot_description' build argument 'cmake_clean_first' from command line to 'False'
[3.029s] Level 5:colcon.colcon_core.verb:set package 'examen_scorbot_description' build argument 'cmake_force_configure' from command line to 'False'
[3.029s] Level 5:colcon.colcon_core.verb:set package 'examen_scorbot_description' build argument 'ament_cmake_args' from command line to 'None'
[3.029s] Level 5:colcon.colcon_core.verb:set package 'examen_scorbot_description' build argument 'catkin_cmake_args' from command line to 'None'
[3.029s] Level 5:colcon.colcon_core.verb:set package 'examen_scorbot_description' build argument 'catkin_skip_building_tests' from command line to 'False'
[3.030s] DEBUG:colcon.colcon_core.verb:Building package 'examen_scorbot_description' with the following arguments: {'ament_cmake_args': None, 'build_base': '/home/robousr/ROS2Dev/robot_2025_ws/src/build/examen_scorbot_description', 'catkin_cmake_args': None, 'catkin_skip_building_tests': False, 'cmake_args': None, 'cmake_clean_cache': False, 'cmake_clean_first': False, 'cmake_force_configure': False, 'cmake_target': None, 'cmake_target_skip_unavailable': False, 'install_base': '/home/robousr/ROS2Dev/robot_2025_ws/src/install/examen_scorbot_description', 'merge_install': False, 'path': '/home/robousr/ROS2Dev/robot_2025_ws/src/examen_scorbot_description', 'symlink_install': False, 'test_result_base': None}
[3.031s] Level 5:colcon.colcon_core.verb:set package 'practica1_description' build argument 'cmake_args' from command line to 'None'
[3.031s] Level 5:colcon.colcon_core.verb:set package 'practica1_description' build argument 'cmake_target' from command line to 'None'
[3.031s] Level 5:colcon.colcon_core.verb:set package 'practica1_description' build argument 'cmake_target_skip_unavailable' from command line to 'False'
[3.031s] Level 5:colcon.colcon_core.verb:set package 'practica1_description' build argument 'cmake_clean_cache' from command line to 'False'
[3.031s] Level 5:colcon.colcon_core.verb:set package 'practica1_description' build argument 'cmake_clean_first' from command line to 'False'
[3.031s] Level 5:colcon.colcon_core.verb:set package 'practica1_description' build argument 'cmake_force_configure' from command line to 'False'
[3.031s] Level 5:colcon.colcon_core.verb:set package 'practica1_description' build argument 'ament_cmake_args' from command line to 'None'
[3.031s] Level 5:colcon.colcon_core.verb:set package 'practica1_description' build argument 'catkin_cmake_args' from command line to 'None'
[3.031s] Level 5:colcon.colcon_core.verb:set package 'practica1_description' build argument 'catkin_skip_building_tests' from command line to 'False'
[3.032s] DEBUG:colcon.colcon_core.verb:Building package 'practica1_description' with the following arguments: {'ament_cmake_args': None, 'build_base': '/home/robousr/ROS2Dev/robot_2025_ws/src/build/practica1_description', 'catkin_cmake_args': None, 'catkin_skip_building_tests': False, 'cmake_args': None, 'cmake_clean_cache': False, 'cmake_clean_first': False, 'cmake_force_configure': False, 'cmake_target': None, 'cmake_target_skip_unavailable': False, 'install_base': '/home/robousr/ROS2Dev/robot_2025_ws/src/install/practica1_description', 'merge_install': False, 'path': '/home/robousr/ROS2Dev/robot_2025_ws/src/practica1_description', 'symlink_install': False, 'test_result_base': None}
[3.033s] Level 5:colcon.colcon_core.verb:set package 'scorbot_description' build argument 'cmake_args' from command line to 'None'
[3.033s] Level 5:colcon.colcon_core.verb:set package 'scorbot_description' build argument 'cmake_target' from command line to 'None'
[3.033s] Level 5:colcon.colcon_core.verb:set package 'scorbot_description' build argument 'cmake_target_skip_unavailable' from command line to 'False'
[3.033s] Level 5:colcon.colcon_core.verb:set package 'scorbot_description' build argument 'cmake_clean_cache' from command line to 'False'
[3.033s] Level 5:colcon.colcon_core.verb:set package 'scorbot_description' build argument 'cmake_clean_first' from command line to 'False'
[3.033s] Level 5:colcon.colcon_core.verb:set package 'scorbot_description' build argument 'cmake_force_configure' from command line to 'False'
[3.034s] Level 5:colcon.colcon_core.verb:set package 'scorbot_description' build argument 'ament_cmake_args' from command line to 'None'
[3.034s] Level 5:colcon.colcon_core.verb:set package 'scorbot_description' build argument 'catkin_cmake_args' from command line to 'None'
[3.034s] Level 5:colcon.colcon_core.verb:set package 'scorbot_description' build argument 'catkin_skip_building_tests' from command line to 'False'
[3.034s] DEBUG:colcon.colcon_core.verb:Building package 'scorbot_description' with the following arguments: {'ament_cmake_args': None, 'build_base': '/home/robousr/ROS2Dev/robot_2025_ws/src/build/scorbot_description', 'catkin_cmake_args': None, 'catkin_skip_building_tests': False, 'cmake_args': None, 'cmake_clean_cache': False, 'cmake_clean_first': False, 'cmake_force_configure': False, 'cmake_target': None, 'cmake_target_skip_unavailable': False, 'install_base': '/home/robousr/ROS2Dev/robot_2025_ws/src/install/scorbot_description', 'merge_install': False, 'path': '/home/robousr/ROS2Dev/robot_2025_ws/src/scorbot_description', 'symlink_install': False, 'test_result_base': None}
[3.034s] INFO:colcon.colcon_core.executor:Executing jobs using 'parallel' executor
[3.038s] DEBUG:colcon.colcon_parallel_executor.executor.parallel:run_until_complete
[3.040s] INFO:colcon.colcon_ros.task.ament_cmake.build:Building ROS package in '/home/robousr/ROS2Dev/robot_2025_ws/src/examen_bringup' with build type 'ament_cmake'
[3.040s] INFO:colcon.colcon_cmake.task.cmake.build:Building CMake package in '/home/robousr/ROS2Dev/robot_2025_ws/src/examen_bringup'
[3.049s] INFO:colcon.colcon_core.plugin_system:Skipping extension 'colcon_core.shell.bat': Not used on non-Windows systems
[3.050s] INFO:colcon.colcon_core.shell:Skip shell extension 'powershell' for command environment: Not usable outside of PowerShell
[3.051s] DEBUG:colcon.colcon_core.shell:Skip shell extension 'dsv' for command environment
[3.088s] INFO:colcon.colcon_ros.task.ament_cmake.build:Building ROS package in '/home/robousr/ROS2Dev/robot_2025_ws/src/examen_description' with build type 'ament_cmake'
[3.092s] INFO:colcon.colcon_cmake.task.cmake.build:Building CMake package in '/home/robousr/ROS2Dev/robot_2025_ws/src/examen_description'
[3.095s] INFO:colcon.colcon_core.shell:Skip shell extension 'powershell' for command environment: Not usable outside of PowerShell
[3.095s] DEBUG:colcon.colcon_core.shell:Skip shell extension 'dsv' for command environment
[3.186s] DEBUG:colcon.colcon_core.event_handler.log_command:Invoking command in '/home/robousr/ROS2Dev/robot_2025_ws/src/build/examen_bringup': CMAKE_PREFIX_PATH=${CMAKE_PREFIX_PATH}:/opt/ros/humble /usr/bin/cmake --build /home/robousr/ROS2Dev/robot_2025_ws/src/build/examen_bringup -- -j2 -l2
[3.227s] DEBUG:colcon.colcon_core.event_handler.log_command:Invoking command in '/home/robousr/ROS2Dev/robot_2025_ws/src/build/examen_description': CMAKE_PREFIX_PATH=${CMAKE_PREFIX_PATH}:/opt/ros/humble /usr/bin/cmake --build /home/robousr/ROS2Dev/robot_2025_ws/src/build/examen_description -- -j2 -l2
[3.570s] DEBUG:colcon.colcon_core.event_handler.log_command:Invoked command in '/home/robousr/ROS2Dev/robot_2025_ws/src/build/examen_description' returned '0': CMAKE_PREFIX_PATH=${CMAKE_PREFIX_PATH}:/opt/ros/humble /usr/bin/cmake --build /home/robousr/ROS2Dev/robot_2025_ws/src/build/examen_description -- -j2 -l2
[3.746s] DEBUG:colcon.colcon_core.event_handler.log_command:Invoking command in '/home/robousr/ROS2Dev/robot_2025_ws/src/build/examen_description': CMAKE_PREFIX_PATH=${CMAKE_PREFIX_PATH}:/opt/ros/humble /usr/bin/cmake --install /home/robousr/ROS2Dev/robot_2025_ws/src/build/examen_description
[3.858s] Level 1:colcon.colcon_core.environment:create_environment_scripts_only(examen_description)
[3.864s] DEBUG:colcon.colcon_core.event_handler.log_command:Invoked command in '/home/robousr/ROS2Dev/robot_2025_ws/src/build/examen_description' returned '0': CMAKE_PREFIX_PATH=${CMAKE_PREFIX_PATH}:/opt/ros/humble /usr/bin/cmake --install /home/robousr/ROS2Dev/robot_2025_ws/src/build/examen_description
[3.881s] Level 1:colcon.colcon_core.environment:checking '/home/robousr/ROS2Dev/robot_2025_ws/src/install/examen_description' for CMake module files
[3.883s] Level 1:colcon.colcon_core.environment:checking '/home/robousr/ROS2Dev/robot_2025_ws/src/install/examen_description' for CMake config files
[3.888s] Level 1:colcon.colcon_core.shell:create_environment_hook('examen_description', 'cmake_prefix_path')
[3.895s] INFO:colcon.colcon_core.shell:Creating environment hook '/home/robousr/ROS2Dev/robot_2025_ws/src/install/examen_description/share/examen_description/hook/cmake_prefix_path.ps1'
[3.899s] INFO:colcon.colcon_core.shell:Creating environment descriptor '/home/robousr/ROS2Dev/robot_2025_ws/src/install/examen_description/share/examen_description/hook/cmake_prefix_path.dsv'
[3.905s] INFO:colcon.colcon_core.shell:Creating environment hook '/home/robousr/ROS2Dev/robot_2025_ws/src/install/examen_description/share/examen_description/hook/cmake_prefix_path.sh'
[3.912s] Level 1:colcon.colcon_core.environment:checking '/home/robousr/ROS2Dev/robot_2025_ws/src/install/examen_description/bin'
[3.912s] Level 1:colcon.colcon_core.environment:checking '/home/robousr/ROS2Dev/robot_2025_ws/src/install/examen_description/lib/pkgconfig/examen_description.pc'
[3.915s] Level 1:colcon.colcon_core.environment:checking '/home/robousr/ROS2Dev/robot_2025_ws/src/install/examen_description/lib/python3.10/site-packages'
[3.917s] Level 1:colcon.colcon_core.environment:checking '/home/robousr/ROS2Dev/robot_2025_ws/src/install/examen_description/bin'
[3.919s] INFO:colcon.colcon_core.shell:Creating package script '/home/robousr/ROS2Dev/robot_2025_ws/src/install/examen_description/share/examen_description/package.ps1'
[3.925s] INFO:colcon.colcon_core.shell:Creating package descriptor '/home/robousr/ROS2Dev/robot_2025_ws/src/install/examen_description/share/examen_description/package.dsv'
[3.927s] INFO:colcon.colcon_core.shell:Creating package script '/home/robousr/ROS2Dev/robot_2025_ws/src/install/examen_description/share/examen_description/package.sh'
[3.933s] INFO:colcon.colcon_core.shell:Creating package script '/home/robousr/ROS2Dev/robot_2025_ws/src/install/examen_description/share/examen_description/package.bash'
[3.937s] INFO:colcon.colcon_core.shell:Creating package script '/home/robousr/ROS2Dev/robot_2025_ws/src/install/examen_description/share/examen_description/package.zsh'
[3.944s] Level 1:colcon.colcon_core.environment:create_file_with_runtime_dependencies(/home/robousr/ROS2Dev/robot_2025_ws/src/install/examen_description/share/colcon-core/packages/examen_description)
[4.093s] Level 1:colcon.colcon_core.environment:create_environment_scripts_only(examen_description)
[4.097s] Level 1:colcon.colcon_core.environment:checking '/home/robousr/ROS2Dev/robot_2025_ws/src/install/examen_description' for CMake module files
[4.105s] Level 1:colcon.colcon_core.environment:checking '/home/robousr/ROS2Dev/robot_2025_ws/src/install/examen_description' for CMake config files
[4.111s] Level 1:colcon.colcon_core.shell:create_environment_hook('examen_description', 'cmake_prefix_path')
[4.116s] INFO:colcon.colcon_core.shell:Creating environment hook '/home/robousr/ROS2Dev/robot_2025_ws/src/install/examen_description/share/examen_description/hook/cmake_prefix_path.ps1'
[4.125s] INFO:colcon.colcon_core.shell:Creating environment descriptor '/home/robousr/ROS2Dev/robot_2025_ws/src/install/examen_description/share/examen_description/hook/cmake_prefix_path.dsv'
[4.130s] INFO:colcon.colcon_core.shell:Creating environment hook '/home/robousr/ROS2Dev/robot_2025_ws/src/install/examen_description/share/examen_description/hook/cmake_prefix_path.sh'
[4.135s] Level 1:colcon.colcon_core.environment:checking '/home/robousr/ROS2Dev/robot_2025_ws/src/install/examen_description/bin'
[4.135s] Level 1:colcon.colcon_core.environment:checking '/home/robousr/ROS2Dev/robot_2025_ws/src/install/examen_description/lib/pkgconfig/examen_description.pc'
[4.137s] Level 1:colcon.colcon_core.environment:checking '/home/robousr/ROS2Dev/robot_2025_ws/src/install/examen_description/lib/python3.10/site-packages'
[4.138s] Level 1:colcon.colcon_core.environment:checking '/home/robousr/ROS2Dev/robot_2025_ws/src/install/examen_description/bin'
[4.139s] INFO:colcon.colcon_core.shell:Creating package script '/home/robousr/ROS2Dev/robot_2025_ws/src/install/examen_description/share/examen_description/package.ps1'
[4.142s] INFO:colcon.colcon_core.shell:Creating package descriptor '/home/robousr/ROS2Dev/robot_2025_ws/src/install/examen_description/share/examen_description/package.dsv'
[4.144s] INFO:colcon.colcon_core.shell:Creating package script '/home/robousr/ROS2Dev/robot_2025_ws/src/install/examen_description/share/examen_description/package.sh'
[4.147s] INFO:colcon.colcon_core.shell:Creating package script '/home/robousr/ROS2Dev/robot_2025_ws/src/install/examen_description/share/examen_description/package.bash'
[4.149s] INFO:colcon.colcon_core.shell:Creating package script '/home/robousr/ROS2Dev/robot_2025_ws/src/install/examen_description/share/examen_description/package.zsh'
[4.154s] Level 1:colcon.colcon_core.environment:create_file_with_runtime_dependencies(/home/robousr/ROS2Dev/robot_2025_ws/src/install/examen_description/share/colcon-core/packages/examen_description)
[4.161s] INFO:colcon.colcon_ros.task.ament_cmake.build:Building ROS package in '/home/robousr/ROS2Dev/robot_2025_ws/src/examen_scorbot_bringup' with build type 'ament_cmake'
[4.162s] INFO:colcon.colcon_cmake.task.cmake.build:Building CMake package in '/home/robousr/ROS2Dev/robot_2025_ws/src/examen_scorbot_bringup'
[4.163s] INFO:colcon.colcon_core.shell:Skip shell extension 'powershell' for command environment: Not usable outside of PowerShell
[4.165s] DEBUG:colcon.colcon_core.shell:Skip shell extension 'dsv' for command environment
[4.230s] DEBUG:colcon.colcon_core.event_handler.log_command:Invoking command in '/home/robousr/ROS2Dev/robot_2025_ws/src/build/examen_scorbot_bringup': CMAKE_PREFIX_PATH=${CMAKE_PREFIX_PATH}:/opt/ros/humble /usr/bin/cmake --build /home/robousr/ROS2Dev/robot_2025_ws/src/build/examen_scorbot_bringup -- -j2 -l2
[6.349s] DEBUG:colcon.colcon_core.event_handler.log_command:Invoked command in '/home/robousr/ROS2Dev/robot_2025_ws/src/build/examen_bringup' returned '0': CMAKE_PREFIX_PATH=${CMAKE_PREFIX_PATH}:/opt/ros/humble /usr/bin/cmake --build /home/robousr/ROS2Dev/robot_2025_ws/src/build/examen_bringup -- -j2 -l2
[6.622s] DEBUG:colcon.colcon_core.event_handler.log_command:Invoking command in '/home/robousr/ROS2Dev/robot_2025_ws/src/build/examen_bringup': CMAKE_PREFIX_PATH=${CMAKE_PREFIX_PATH}:/opt/ros/humble /usr/bin/cmake --install /home/robousr/ROS2Dev/robot_2025_ws/src/build/examen_bringup
[7.529s] DEBUG:colcon.colcon_core.event_handler.log_command:Invoked command in '/home/robousr/ROS2Dev/robot_2025_ws/src/build/examen_scorbot_bringup' returned '0': CMAKE_PREFIX_PATH=${CMAKE_PREFIX_PATH}:/opt/ros/humble /usr/bin/cmake --build /home/robousr/ROS2Dev/robot_2025_ws/src/build/examen_scorbot_bringup -- -j2 -l2
[7.612s] Level 1:colcon.colcon_core.environment:create_environment_scripts_only(examen_bringup)
[7.613s] Level 1:colcon.colcon_core.environment:checking '/home/robousr/ROS2Dev/robot_2025_ws/src/install/examen_bringup' for CMake module files
[7.618s] DEBUG:colcon.colcon_core.event_handler.log_command:Invoked command in '/home/robousr/ROS2Dev/robot_2025_ws/src/build/examen_bringup' returned '0': CMAKE_PREFIX_PATH=${CMAKE_PREFIX_PATH}:/opt/ros/humble /usr/bin/cmake --install /home/robousr/ROS2Dev/robot_2025_ws/src/build/examen_bringup
[7.619s] Level 1:colcon.colcon_core.environment:checking '/home/robousr/ROS2Dev/robot_2025_ws/src/install/examen_bringup' for CMake config files
[7.623s] Level 1:colcon.colcon_core.shell:create_environment_hook('examen_bringup', 'cmake_prefix_path')
[7.625s] INFO:colcon.colcon_core.shell:Creating environment hook '/home/robousr/ROS2Dev/robot_2025_ws/src/install/examen_bringup/share/examen_bringup/hook/cmake_prefix_path.ps1'
[7.628s] INFO:colcon.colcon_core.shell:Creating environment descriptor '/home/robousr/ROS2Dev/robot_2025_ws/src/install/examen_bringup/share/examen_bringup/hook/cmake_prefix_path.dsv'
[7.631s] INFO:colcon.colcon_core.shell:Creating environment hook '/home/robousr/ROS2Dev/robot_2025_ws/src/install/examen_bringup/share/examen_bringup/hook/cmake_prefix_path.sh'
[7.635s] Level 1:colcon.colcon_core.environment:checking '/home/robousr/ROS2Dev/robot_2025_ws/src/install/examen_bringup/lib'
[7.635s] Level 1:colcon.colcon_core.environment:checking '/home/robousr/ROS2Dev/robot_2025_ws/src/install/examen_bringup/bin'
[7.636s] Level 1:colcon.colcon_core.environment:checking '/home/robousr/ROS2Dev/robot_2025_ws/src/install/examen_bringup/lib/pkgconfig/examen_bringup.pc'
[7.637s] Level 1:colcon.colcon_core.environment:checking '/home/robousr/ROS2Dev/robot_2025_ws/src/install/examen_bringup/lib/python3.10/site-packages'
[7.639s] Level 1:colcon.colcon_core.environment:checking '/home/robousr/ROS2Dev/robot_2025_ws/src/install/examen_bringup/bin'
[7.641s] INFO:colcon.colcon_core.shell:Creating package script '/home/robousr/ROS2Dev/robot_2025_ws/src/install/examen_bringup/share/examen_bringup/package.ps1'
[7.643s] INFO:colcon.colcon_core.shell:Creating package descriptor '/home/robousr/ROS2Dev/robot_2025_ws/src/install/examen_bringup/share/examen_bringup/package.dsv'
[7.646s] INFO:colcon.colcon_core.shell:Creating package script '/home/robousr/ROS2Dev/robot_2025_ws/src/install/examen_bringup/share/examen_bringup/package.sh'
[7.650s] INFO:colcon.colcon_core.shell:Creating package script '/home/robousr/ROS2Dev/robot_2025_ws/src/install/examen_bringup/share/examen_bringup/package.bash'
[7.656s] INFO:colcon.colcon_core.shell:Creating package script '/home/robousr/ROS2Dev/robot_2025_ws/src/install/examen_bringup/share/examen_bringup/package.zsh'
[7.665s] Level 1:colcon.colcon_core.environment:create_file_with_runtime_dependencies(/home/robousr/ROS2Dev/robot_2025_ws/src/install/examen_bringup/share/colcon-core/packages/examen_bringup)
[7.825s] DEBUG:colcon.colcon_core.event_handler.log_command:Invoking command in '/home/robousr/ROS2Dev/robot_2025_ws/src/build/examen_scorbot_bringup': CMAKE_PREFIX_PATH=${CMAKE_PREFIX_PATH}:/opt/ros/humble /usr/bin/cmake --install /home/robousr/ROS2Dev/robot_2025_ws/src/build/examen_scorbot_bringup
[7.976s] Level 1:colcon.colcon_core.environment:create_environment_scripts_only(examen_bringup)
[7.983s] Level 1:colcon.colcon_core.environment:checking '/home/robousr/ROS2Dev/robot_2025_ws/src/install/examen_bringup' for CMake module files
[7.990s] Level 1:colcon.colcon_core.environment:checking '/home/robousr/ROS2Dev/robot_2025_ws/src/install/examen_bringup' for CMake config files
[7.999s] Level 1:colcon.colcon_core.shell:create_environment_hook('examen_bringup', 'cmake_prefix_path')
[8.005s] INFO:colcon.colcon_core.shell:Creating environment hook '/home/robousr/ROS2Dev/robot_2025_ws/src/install/examen_bringup/share/examen_bringup/hook/cmake_prefix_path.ps1'
[8.012s] INFO:colcon.colcon_core.shell:Creating environment descriptor '/home/robousr/ROS2Dev/robot_2025_ws/src/install/examen_bringup/share/examen_bringup/hook/cmake_prefix_path.dsv'
[8.021s] INFO:colcon.colcon_core.shell:Creating environment hook '/home/robousr/ROS2Dev/robot_2025_ws/src/install/examen_bringup/share/examen_bringup/hook/cmake_prefix_path.sh'
[8.033s] Level 1:colcon.colcon_core.environment:checking '/home/robousr/ROS2Dev/robot_2025_ws/src/install/examen_bringup/lib'
[8.033s] Level 1:colcon.colcon_core.environment:checking '/home/robousr/ROS2Dev/robot_2025_ws/src/install/examen_bringup/bin'
[8.038s] Level 1:colcon.colcon_core.environment:checking '/home/robousr/ROS2Dev/robot_2025_ws/src/install/examen_bringup/lib/pkgconfig/examen_bringup.pc'
[8.042s] Level 1:colcon.colcon_core.environment:checking '/home/robousr/ROS2Dev/robot_2025_ws/src/install/examen_bringup/lib/python3.10/site-packages'
[8.043s] Level 1:colcon.colcon_core.environment:checking '/home/robousr/ROS2Dev/robot_2025_ws/src/install/examen_bringup/bin'
[8.048s] INFO:colcon.colcon_core.shell:Creating package script '/home/robousr/ROS2Dev/robot_2025_ws/src/install/examen_bringup/share/examen_bringup/package.ps1'
[8.057s] INFO:colcon.colcon_core.shell:Creating package descriptor '/home/robousr/ROS2Dev/robot_2025_ws/src/install/examen_bringup/share/examen_bringup/package.dsv'
[8.066s] INFO:colcon.colcon_core.shell:Creating package script '/home/robousr/ROS2Dev/robot_2025_ws/src/install/examen_bringup/share/examen_bringup/package.sh'
[8.074s] INFO:colcon.colcon_core.shell:Creating package script '/home/robousr/ROS2Dev/robot_2025_ws/src/install/examen_bringup/share/examen_bringup/package.bash'
[8.080s] INFO:colcon.colcon_core.shell:Creating package script '/home/robousr/ROS2Dev/robot_2025_ws/src/install/examen_bringup/share/examen_bringup/package.zsh'
[8.088s] Level 1:colcon.colcon_core.environment:create_file_with_runtime_dependencies(/home/robousr/ROS2Dev/robot_2025_ws/src/install/examen_bringup/share/colcon-core/packages/examen_bringup)
[8.089s] INFO:colcon.colcon_ros.task.ament_cmake.build:Building ROS package in '/home/robousr/ROS2Dev/robot_2025_ws/src/examen_scorbot_description' with build type 'ament_cmake'
[8.092s] INFO:colcon.colcon_cmake.task.cmake.build:Building CMake package in '/home/robousr/ROS2Dev/robot_2025_ws/src/examen_scorbot_description'
[8.094s] INFO:colcon.colcon_core.shell:Skip shell extension 'powershell' for command environment: Not usable outside of PowerShell
[8.097s] DEBUG:colcon.colcon_core.shell:Skip shell extension 'dsv' for command environment
[8.224s] DEBUG:colcon.colcon_core.event_handler.log_command:Invoking command in '/home/robousr/ROS2Dev/robot_2025_ws/src/build/examen_scorbot_description': CMAKE_PREFIX_PATH=${CMAKE_PREFIX_PATH}:/opt/ros/humble /usr/bin/cmake --build /home/robousr/ROS2Dev/robot_2025_ws/src/build/examen_scorbot_description -- -j2 -l2
[8.653s] DEBUG:colcon.colcon_core.event_handler.log_command:Invoked command in '/home/robousr/ROS2Dev/robot_2025_ws/src/build/examen_scorbot_description' returned '0': CMAKE_PREFIX_PATH=${CMAKE_PREFIX_PATH}:/opt/ros/humble /usr/bin/cmake --build /home/robousr/ROS2Dev/robot_2025_ws/src/build/examen_scorbot_description -- -j2 -l2
[8.945s] Level 1:colcon.colcon_core.environment:create_environment_scripts_only(examen_scorbot_bringup)
[8.949s] Level 1:colcon.colcon_core.environment:checking '/home/robousr/ROS2Dev/robot_2025_ws/src/install/examen_scorbot_bringup' for CMake module files
[8.950s] DEBUG:colcon.colcon_core.event_handler.log_command:Invoked command in '/home/robousr/ROS2Dev/robot_2025_ws/src/build/examen_scorbot_bringup' returned '0': CMAKE_PREFIX_PATH=${CMAKE_PREFIX_PATH}:/opt/ros/humble /usr/bin/cmake --install /home/robousr/ROS2Dev/robot_2025_ws/src/build/examen_scorbot_bringup
[8.951s] Level 1:colcon.colcon_core.environment:checking '/home/robousr/ROS2Dev/robot_2025_ws/src/install/examen_scorbot_bringup' for CMake config files
[8.953s] Level 1:colcon.colcon_core.shell:create_environment_hook('examen_scorbot_bringup', 'cmake_prefix_path')
[8.956s] INFO:colcon.colcon_core.shell:Creating environment hook '/home/robousr/ROS2Dev/robot_2025_ws/src/install/examen_scorbot_bringup/share/examen_scorbot_bringup/hook/cmake_prefix_path.ps1'
[8.960s] INFO:colcon.colcon_core.shell:Creating environment descriptor '/home/robousr/ROS2Dev/robot_2025_ws/src/install/examen_scorbot_bringup/share/examen_scorbot_bringup/hook/cmake_prefix_path.dsv'
[8.964s] INFO:colcon.colcon_core.shell:Creating environment hook '/home/robousr/ROS2Dev/robot_2025_ws/src/install/examen_scorbot_bringup/share/examen_scorbot_bringup/hook/cmake_prefix_path.sh'
[8.967s] Level 1:colcon.colcon_core.environment:checking '/home/robousr/ROS2Dev/robot_2025_ws/src/install/examen_scorbot_bringup/lib'
[8.970s] Level 1:colcon.colcon_core.environment:checking '/home/robousr/ROS2Dev/robot_2025_ws/src/install/examen_scorbot_bringup/bin'
[8.970s] Level 1:colcon.colcon_core.environment:checking '/home/robousr/ROS2Dev/robot_2025_ws/src/install/examen_scorbot_bringup/lib/pkgconfig/examen_scorbot_bringup.pc'
[8.973s] Level 1:colcon.colcon_core.environment:checking '/home/robousr/ROS2Dev/robot_2025_ws/src/install/examen_scorbot_bringup/lib/python3.10/site-packages'
[8.974s] Level 1:colcon.colcon_core.environment:checking '/home/robousr/ROS2Dev/robot_2025_ws/src/install/examen_scorbot_bringup/bin'
[8.976s] INFO:colcon.colcon_core.shell:Creating package script '/home/robousr/ROS2Dev/robot_2025_ws/src/install/examen_scorbot_bringup/share/examen_scorbot_bringup/package.ps1'
[8.980s] INFO:colcon.colcon_core.shell:Creating package descriptor '/home/robousr/ROS2Dev/robot_2025_ws/src/install/examen_scorbot_bringup/share/examen_scorbot_bringup/package.dsv'
[8.982s] INFO:colcon.colcon_core.shell:Creating package script '/home/robousr/ROS2Dev/robot_2025_ws/src/install/examen_scorbot_bringup/share/examen_scorbot_bringup/package.sh'
[8.986s] INFO:colcon.colcon_core.shell:Creating package script '/home/robousr/ROS2Dev/robot_2025_ws/src/install/examen_scorbot_bringup/share/examen_scorbot_bringup/package.bash'
[8.991s] INFO:colcon.colcon_core.shell:Creating package script '/home/robousr/ROS2Dev/robot_2025_ws/src/install/examen_scorbot_bringup/share/examen_scorbot_bringup/package.zsh'
[8.993s] Level 1:colcon.colcon_core.environment:create_file_with_runtime_dependencies(/home/robousr/ROS2Dev/robot_2025_ws/src/install/examen_scorbot_bringup/share/colcon-core/packages/examen_scorbot_bringup)
[9.004s] DEBUG:colcon.colcon_core.event_handler.log_command:Invoking command in '/home/robousr/ROS2Dev/robot_2025_ws/src/build/examen_scorbot_description': CMAKE_PREFIX_PATH=${CMAKE_PREFIX_PATH}:/opt/ros/humble /usr/bin/cmake --install /home/robousr/ROS2Dev/robot_2025_ws/src/build/examen_scorbot_description
[9.150s] Level 1:colcon.colcon_core.environment:create_environment_scripts_only(examen_scorbot_description)
[9.152s] DEBUG:colcon.colcon_core.event_handler.log_command:Invoked command in '/home/robousr/ROS2Dev/robot_2025_ws/src/build/examen_scorbot_description' returned '0': CMAKE_PREFIX_PATH=${CMAKE_PREFIX_PATH}:/opt/ros/humble /usr/bin/cmake --install /home/robousr/ROS2Dev/robot_2025_ws/src/build/examen_scorbot_description
[9.160s] Level 1:colcon.colcon_core.environment:checking '/home/robousr/ROS2Dev/robot_2025_ws/src/install/examen_scorbot_description' for CMake module files
[9.169s] Level 1:colcon.colcon_core.environment:checking '/home/robousr/ROS2Dev/robot_2025_ws/src/install/examen_scorbot_description' for CMake config files
[9.174s] Level 1:colcon.colcon_core.shell:create_environment_hook('examen_scorbot_description', 'cmake_prefix_path')
[9.178s] INFO:colcon.colcon_core.shell:Creating environment hook '/home/robousr/ROS2Dev/robot_2025_ws/src/install/examen_scorbot_description/share/examen_scorbot_description/hook/cmake_prefix_path.ps1'
[9.184s] INFO:colcon.colcon_core.shell:Creating environment descriptor '/home/robousr/ROS2Dev/robot_2025_ws/src/install/examen_scorbot_description/share/examen_scorbot_description/hook/cmake_prefix_path.dsv'
[9.188s] INFO:colcon.colcon_core.shell:Creating environment hook '/home/robousr/ROS2Dev/robot_2025_ws/src/install/examen_scorbot_description/share/examen_scorbot_description/hook/cmake_prefix_path.sh'
[9.198s] Level 1:colcon.colcon_core.environment:checking '/home/robousr/ROS2Dev/robot_2025_ws/src/install/examen_scorbot_description/bin'
[9.198s] Level 1:colcon.colcon_core.environment:checking '/home/robousr/ROS2Dev/robot_2025_ws/src/install/examen_scorbot_description/lib/pkgconfig/examen_scorbot_description.pc'
[9.200s] Level 1:colcon.colcon_core.environment:checking '/home/robousr/ROS2Dev/robot_2025_ws/src/install/examen_scorbot_description/lib/python3.10/site-packages'
[9.204s] Level 1:colcon.colcon_core.environment:checking '/home/robousr/ROS2Dev/robot_2025_ws/src/install/examen_scorbot_description/bin'
[9.210s] INFO:colcon.colcon_core.shell:Creating package script '/home/robousr/ROS2Dev/robot_2025_ws/src/install/examen_scorbot_description/share/examen_scorbot_description/package.ps1'
[9.218s] INFO:colcon.colcon_core.shell:Creating package descriptor '/home/robousr/ROS2Dev/robot_2025_ws/src/install/examen_scorbot_description/share/examen_scorbot_description/package.dsv'
[9.223s] INFO:colcon.colcon_core.shell:Creating package script '/home/robousr/ROS2Dev/robot_2025_ws/src/install/examen_scorbot_description/share/examen_scorbot_description/package.sh'
[9.231s] INFO:colcon.colcon_core.shell:Creating package script '/home/robousr/ROS2Dev/robot_2025_ws/src/install/examen_scorbot_description/share/examen_scorbot_description/package.bash'
[9.236s] INFO:colcon.colcon_core.shell:Creating package script '/home/robousr/ROS2Dev/robot_2025_ws/src/install/examen_scorbot_description/share/examen_scorbot_description/package.zsh'
[9.241s] Level 1:colcon.colcon_core.environment:create_file_with_runtime_dependencies(/home/robousr/ROS2Dev/robot_2025_ws/src/install/examen_scorbot_description/share/colcon-core/packages/examen_scorbot_description)
[9.269s] Level 1:colcon.colcon_core.environment:create_environment_scripts_only(examen_scorbot_bringup)
[9.276s] Level 1:colcon.colcon_core.environment:checking '/home/robousr/ROS2Dev/robot_2025_ws/src/install/examen_scorbot_bringup' for CMake module files
[9.284s] Level 1:colcon.colcon_core.environment:checking '/home/robousr/ROS2Dev/robot_2025_ws/src/install/examen_scorbot_bringup' for CMake config files
[9.288s] Level 1:colcon.colcon_core.shell:create_environment_hook('examen_scorbot_bringup', 'cmake_prefix_path')
[9.291s] INFO:colcon.colcon_core.shell:Creating environment hook '/home/robousr/ROS2Dev/robot_2025_ws/src/install/examen_scorbot_bringup/share/examen_scorbot_bringup/hook/cmake_prefix_path.ps1'
[9.299s] INFO:colcon.colcon_core.shell:Creating environment descriptor '/home/robousr/ROS2Dev/robot_2025_ws/src/install/examen_scorbot_bringup/share/examen_scorbot_bringup/hook/cmake_prefix_path.dsv'
[9.302s] INFO:colcon.colcon_core.shell:Creating environment hook '/home/robousr/ROS2Dev/robot_2025_ws/src/install/examen_scorbot_bringup/share/examen_scorbot_bringup/hook/cmake_prefix_path.sh'
[9.306s] Level 1:colcon.colcon_core.environment:checking '/home/robousr/ROS2Dev/robot_2025_ws/src/install/examen_scorbot_bringup/lib'
[9.307s] Level 1:colcon.colcon_core.environment:checking '/home/robousr/ROS2Dev/robot_2025_ws/src/install/examen_scorbot_bringup/bin'
[9.307s] Level 1:colcon.colcon_core.environment:checking '/home/robousr/ROS2Dev/robot_2025_ws/src/install/examen_scorbot_bringup/lib/pkgconfig/examen_scorbot_bringup.pc'
[9.310s] Level 1:colcon.colcon_core.environment:checking '/home/robousr/ROS2Dev/robot_2025_ws/src/install/examen_scorbot_bringup/lib/python3.10/site-packages'
[9.310s] Level 1:colcon.colcon_core.environment:checking '/home/robousr/ROS2Dev/robot_2025_ws/src/install/examen_scorbot_bringup/bin'
[9.320s] INFO:colcon.colcon_core.shell:Creating package script '/home/robousr/ROS2Dev/robot_2025_ws/src/install/examen_scorbot_bringup/share/examen_scorbot_bringup/package.ps1'
[9.331s] INFO:colcon.colcon_core.shell:Creating package descriptor '/home/robousr/ROS2Dev/robot_2025_ws/src/install/examen_scorbot_bringup/share/examen_scorbot_bringup/package.dsv'
[9.334s] INFO:colcon.colcon_core.shell:Creating package script '/home/robousr/ROS2Dev/robot_2025_ws/src/install/examen_scorbot_bringup/share/examen_scorbot_bringup/package.sh'
[9.337s] INFO:colcon.colcon_core.shell:Creating package script '/home/robousr/ROS2Dev/robot_2025_ws/src/install/examen_scorbot_bringup/share/examen_scorbot_bringup/package.bash'
[9.341s] INFO:colcon.colcon_core.shell:Creating package script '/home/robousr/ROS2Dev/robot_2025_ws/src/install/examen_scorbot_bringup/share/examen_scorbot_bringup/package.zsh'
[9.344s] Level 1:colcon.colcon_core.environment:create_file_with_runtime_dependencies(/home/robousr/ROS2Dev/robot_2025_ws/src/install/examen_scorbot_bringup/share/colcon-core/packages/examen_scorbot_bringup)
[9.349s] INFO:colcon.colcon_ros.task.ament_cmake.build:Building ROS package in '/home/robousr/ROS2Dev/robot_2025_ws/src/practica1_description' with build type 'ament_cmake'
[9.349s] INFO:colcon.colcon_cmake.task.cmake.build:Building CMake package in '/home/robousr/ROS2Dev/robot_2025_ws/src/practica1_description'
[9.351s] INFO:colcon.colcon_core.shell:Skip shell extension 'powershell' for command environment: Not usable outside of PowerShell
[9.355s] DEBUG:colcon.colcon_core.shell:Skip shell extension 'dsv' for command environment
[9.473s] Level 1:colcon.colcon_core.environment:create_environment_scripts_only(examen_scorbot_description)
[9.477s] Level 1:colcon.colcon_core.environment:checking '/home/robousr/ROS2Dev/robot_2025_ws/src/install/examen_scorbot_description' for CMake module files
[9.485s] DEBUG:colcon.colcon_core.event_handler.log_command:Invoking command in '/home/robousr/ROS2Dev/robot_2025_ws/src/build/practica1_description': CMAKE_PREFIX_PATH=${CMAKE_PREFIX_PATH}:/opt/ros/humble /usr/bin/cmake --build /home/robousr/ROS2Dev/robot_2025_ws/src/build/practica1_description -- -j2 -l2
[9.489s] Level 1:colcon.colcon_core.environment:checking '/home/robousr/ROS2Dev/robot_2025_ws/src/install/examen_scorbot_description' for CMake config files
[9.493s] Level 1:colcon.colcon_core.shell:create_environment_hook('examen_scorbot_description', 'cmake_prefix_path')
[9.495s] INFO:colcon.colcon_core.shell:Creating environment hook '/home/robousr/ROS2Dev/robot_2025_ws/src/install/examen_scorbot_description/share/examen_scorbot_description/hook/cmake_prefix_path.ps1'
[9.508s] INFO:colcon.colcon_core.shell:Creating environment descriptor '/home/robousr/ROS2Dev/robot_2025_ws/src/install/examen_scorbot_description/share/examen_scorbot_description/hook/cmake_prefix_path.dsv'
[9.516s] INFO:colcon.colcon_core.shell:Creating environment hook '/home/robousr/ROS2Dev/robot_2025_ws/src/install/examen_scorbot_description/share/examen_scorbot_description/hook/cmake_prefix_path.sh'
[9.532s] Level 1:colcon.colcon_core.environment:checking '/home/robousr/ROS2Dev/robot_2025_ws/src/install/examen_scorbot_description/bin'
[9.536s] Level 1:colcon.colcon_core.environment:checking '/home/robousr/ROS2Dev/robot_2025_ws/src/install/examen_scorbot_description/lib/pkgconfig/examen_scorbot_description.pc'
[9.537s] Level 1:colcon.colcon_core.environment:checking '/home/robousr/ROS2Dev/robot_2025_ws/src/install/examen_scorbot_description/lib/python3.10/site-packages'
[9.540s] Level 1:colcon.colcon_core.environment:checking '/home/robousr/ROS2Dev/robot_2025_ws/src/install/examen_scorbot_description/bin'
[9.545s] INFO:colcon.colcon_core.shell:Creating package script '/home/robousr/ROS2Dev/robot_2025_ws/src/install/examen_scorbot_description/share/examen_scorbot_description/package.ps1'
[9.552s] INFO:colcon.colcon_core.shell:Creating package descriptor '/home/robousr/ROS2Dev/robot_2025_ws/src/install/examen_scorbot_description/share/examen_scorbot_description/package.dsv'
[9.562s] INFO:colcon.colcon_core.shell:Creating package script '/home/robousr/ROS2Dev/robot_2025_ws/src/install/examen_scorbot_description/share/examen_scorbot_description/package.sh'
[9.571s] INFO:colcon.colcon_core.shell:Creating package script '/home/robousr/ROS2Dev/robot_2025_ws/src/install/examen_scorbot_description/share/examen_scorbot_description/package.bash'
[9.575s] INFO:colcon.colcon_core.shell:Creating package script '/home/robousr/ROS2Dev/robot_2025_ws/src/install/examen_scorbot_description/share/examen_scorbot_description/package.zsh'
[9.579s] Level 1:colcon.colcon_core.environment:create_file_with_runtime_dependencies(/home/robousr/ROS2Dev/robot_2025_ws/src/install/examen_scorbot_description/share/colcon-core/packages/examen_scorbot_description)
[9.586s] INFO:colcon.colcon_ros.task.ament_cmake.build:Building ROS package in '/home/robousr/ROS2Dev/robot_2025_ws/src/scorbot_description' with build type 'ament_cmake'
[9.587s] INFO:colcon.colcon_cmake.task.cmake.build:Building CMake package in '/home/robousr/ROS2Dev/robot_2025_ws/src/scorbot_description'
[9.588s] INFO:colcon.colcon_core.shell:Skip shell extension 'powershell' for command environment: Not usable outside of PowerShell
[9.591s] DEBUG:colcon.colcon_core.shell:Skip shell extension 'dsv' for command environment
[9.670s] DEBUG:colcon.colcon_core.event_handler.log_command:Invoking command in '/home/robousr/ROS2Dev/robot_2025_ws/src/build/scorbot_description': CMAKE_PREFIX_PATH=${CMAKE_PREFIX_PATH}:/opt/ros/humble /usr/bin/cmake --build /home/robousr/ROS2Dev/robot_2025_ws/src/build/scorbot_description -- -j2 -l2
[9.869s] DEBUG:colcon.colcon_core.event_handler.log_command:Invoked command in '/home/robousr/ROS2Dev/robot_2025_ws/src/build/scorbot_description' returned '0': CMAKE_PREFIX_PATH=${CMAKE_PREFIX_PATH}:/opt/ros/humble /usr/bin/cmake --build /home/robousr/ROS2Dev/robot_2025_ws/src/build/scorbot_description -- -j2 -l2
[9.941s] DEBUG:colcon.colcon_core.event_handler.log_command:Invoked command in '/home/robousr/ROS2Dev/robot_2025_ws/src/build/practica1_description' returned '0': CMAKE_PREFIX_PATH=${CMAKE_PREFIX_PATH}:/opt/ros/humble /usr/bin/cmake --build /home/robousr/ROS2Dev/robot_2025_ws/src/build/practica1_description -- -j2 -l2
[10.101s] DEBUG:colcon.colcon_core.event_handler.log_command:Invoking command in '/home/robousr/ROS2Dev/robot_2025_ws/src/build/scorbot_description': CMAKE_PREFIX_PATH=${CMAKE_PREFIX_PATH}:/opt/ros/humble /usr/bin/cmake --install /home/robousr/ROS2Dev/robot_2025_ws/src/build/scorbot_description
[10.156s] DEBUG:colcon.colcon_core.event_handler.log_command:Invoking command in '/home/robousr/ROS2Dev/robot_2025_ws/src/build/practica1_description': CMAKE_PREFIX_PATH=${CMAKE_PREFIX_PATH}:/opt/ros/humble /usr/bin/cmake --install /home/robousr/ROS2Dev/robot_2025_ws/src/build/practica1_description
[10.204s] Level 1:colcon.colcon_core.environment:create_environment_scripts_only(scorbot_description)
[10.206s] DEBUG:colcon.colcon_core.event_handler.log_command:Invoked command in '/home/robousr/ROS2Dev/robot_2025_ws/src/build/scorbot_description' returned '0': CMAKE_PREFIX_PATH=${CMAKE_PREFIX_PATH}:/opt/ros/humble /usr/bin/cmake --install /home/robousr/ROS2Dev/robot_2025_ws/src/build/scorbot_description
[10.208s] Level 1:colcon.colcon_core.environment:checking '/home/robousr/ROS2Dev/robot_2025_ws/src/install/scorbot_description' for CMake module files
[10.214s] Level 1:colcon.colcon_core.environment:checking '/home/robousr/ROS2Dev/robot_2025_ws/src/install/scorbot_description' for CMake config files
[10.220s] Level 1:colcon.colcon_core.shell:create_environment_hook('scorbot_description', 'cmake_prefix_path')
[10.221s] INFO:colcon.colcon_core.shell:Creating environment hook '/home/robousr/ROS2Dev/robot_2025_ws/src/install/scorbot_description/share/scorbot_description/hook/cmake_prefix_path.ps1'
[10.227s] INFO:colcon.colcon_core.shell:Creating environment descriptor '/home/robousr/ROS2Dev/robot_2025_ws/src/install/scorbot_description/share/scorbot_description/hook/cmake_prefix_path.dsv'
[10.235s] INFO:colcon.colcon_core.shell:Creating environment hook '/home/robousr/ROS2Dev/robot_2025_ws/src/install/scorbot_description/share/scorbot_description/hook/cmake_prefix_path.sh'
[10.254s] Level 1:colcon.colcon_core.environment:checking '/home/robousr/ROS2Dev/robot_2025_ws/src/install/scorbot_description/bin'
[10.255s] Level 1:colcon.colcon_core.environment:checking '/home/robousr/ROS2Dev/robot_2025_ws/src/install/scorbot_description/lib/pkgconfig/scorbot_description.pc'
[10.256s] Level 1:colcon.colcon_core.environment:checking '/home/robousr/ROS2Dev/robot_2025_ws/src/install/scorbot_description/lib/python3.10/site-packages'
[10.258s] Level 1:colcon.colcon_core.environment:checking '/home/robousr/ROS2Dev/robot_2025_ws/src/install/scorbot_description/bin'
[10.261s] INFO:colcon.colcon_core.shell:Creating package script '/home/robousr/ROS2Dev/robot_2025_ws/src/install/scorbot_description/share/scorbot_description/package.ps1'
[10.265s] INFO:colcon.colcon_core.shell:Creating package descriptor '/home/robousr/ROS2Dev/robot_2025_ws/src/install/scorbot_description/share/scorbot_description/package.dsv'
[10.272s] INFO:colcon.colcon_core.shell:Creating package script '/home/robousr/ROS2Dev/robot_2025_ws/src/install/scorbot_description/share/scorbot_description/package.sh'
[10.300s] INFO:colcon.colcon_core.shell:Creating package script '/home/robousr/ROS2Dev/robot_2025_ws/src/install/scorbot_description/share/scorbot_description/package.bash'
[10.304s] INFO:colcon.colcon_core.shell:Creating package script '/home/robousr/ROS2Dev/robot_2025_ws/src/install/scorbot_description/share/scorbot_description/package.zsh'
[10.316s] Level 1:colcon.colcon_core.environment:create_file_with_runtime_dependencies(/home/robousr/ROS2Dev/robot_2025_ws/src/install/scorbot_description/share/colcon-core/packages/scorbot_description)
[10.331s] Level 1:colcon.colcon_core.environment:create_environment_scripts_only(practica1_description)
[10.332s] Level 1:colcon.colcon_core.environment:checking '/home/robousr/ROS2Dev/robot_2025_ws/src/install/practica1_description' for CMake module files
[10.349s] DEBUG:colcon.colcon_core.event_handler.log_command:Invoked command in '/home/robousr/ROS2Dev/robot_2025_ws/src/build/practica1_description' returned '0': CMAKE_PREFIX_PATH=${CMAKE_PREFIX_PATH}:/opt/ros/humble /usr/bin/cmake --install /home/robousr/ROS2Dev/robot_2025_ws/src/build/practica1_description
[10.355s] Level 1:colcon.colcon_core.environment:checking '/home/robousr/ROS2Dev/robot_2025_ws/src/install/practica1_description' for CMake config files
[10.359s] Level 1:colcon.colcon_core.shell:create_environment_hook('practica1_description', 'cmake_prefix_path')
[10.365s] INFO:colcon.colcon_core.shell:Creating environment hook '/home/robousr/ROS2Dev/robot_2025_ws/src/install/practica1_description/share/practica1_description/hook/cmake_prefix_path.ps1'
[10.370s] INFO:colcon.colcon_core.shell:Creating environment descriptor '/home/robousr/ROS2Dev/robot_2025_ws/src/install/practica1_description/share/practica1_description/hook/cmake_prefix_path.dsv'
[10.379s] INFO:colcon.colcon_core.shell:Creating environment hook '/home/robousr/ROS2Dev/robot_2025_ws/src/install/practica1_description/share/practica1_description/hook/cmake_prefix_path.sh'
[10.389s] Level 1:colcon.colcon_core.environment:checking '/home/robousr/ROS2Dev/robot_2025_ws/src/install/practica1_description/bin'
[10.389s] Level 1:colcon.colcon_core.environment:checking '/home/robousr/ROS2Dev/robot_2025_ws/src/install/practica1_description/lib/pkgconfig/practica1_description.pc'
[10.394s] Level 1:colcon.colcon_core.environment:checking '/home/robousr/ROS2Dev/robot_2025_ws/src/install/practica1_description/lib/python3.10/site-packages'
[10.396s] Level 1:colcon.colcon_core.environment:checking '/home/robousr/ROS2Dev/robot_2025_ws/src/install/practica1_description/bin'
[10.401s] INFO:colcon.colcon_core.shell:Creating package script '/home/robousr/ROS2Dev/robot_2025_ws/src/install/practica1_description/share/practica1_description/package.ps1'
[10.414s] INFO:colcon.colcon_core.shell:Creating package descriptor '/home/robousr/ROS2Dev/robot_2025_ws/src/install/practica1_description/share/practica1_description/package.dsv'
[10.419s] INFO:colcon.colcon_core.shell:Creating package script '/home/robousr/ROS2Dev/robot_2025_ws/src/install/practica1_description/share/practica1_description/package.sh'
[10.427s] INFO:colcon.colcon_core.shell:Creating package script '/home/robousr/ROS2Dev/robot_2025_ws/src/install/practica1_description/share/practica1_description/package.bash'
[10.435s] INFO:colcon.colcon_core.shell:Creating package script '/home/robousr/ROS2Dev/robot_2025_ws/src/install/practica1_description/share/practica1_description/package.zsh'
[10.442s] Level 1:colcon.colcon_core.environment:create_file_with_runtime_dependencies(/home/robousr/ROS2Dev/robot_2025_ws/src/install/practica1_description/share/colcon-core/packages/practica1_description)
[10.622s] Level 1:colcon.colcon_core.environment:create_environment_scripts_only(scorbot_description)
[10.624s] Level 1:colcon.colcon_core.environment:checking '/home/robousr/ROS2Dev/robot_2025_ws/src/install/scorbot_description' for CMake module files
[10.627s] Level 1:colcon.colcon_core.environment:checking '/home/robousr/ROS2Dev/robot_2025_ws/src/install/scorbot_description' for CMake config files
[10.628s] Level 1:colcon.colcon_core.shell:create_environment_hook('scorbot_description', 'cmake_prefix_path')
[10.629s] INFO:colcon.colcon_core.shell:Creating environment hook '/home/robousr/ROS2Dev/robot_2025_ws/src/install/scorbot_description/share/scorbot_description/hook/cmake_prefix_path.ps1'
[10.641s] INFO:colcon.colcon_core.shell:Creating environment descriptor '/home/robousr/ROS2Dev/robot_2025_ws/src/install/scorbot_description/share/scorbot_description/hook/cmake_prefix_path.dsv'
[10.643s] INFO:colcon.colcon_core.shell:Creating environment hook '/home/robousr/ROS2Dev/robot_2025_ws/src/install/scorbot_description/share/scorbot_description/hook/cmake_prefix_path.sh'
[10.654s] Level 1:colcon.colcon_core.environment:checking '/home/robousr/ROS2Dev/robot_2025_ws/src/install/scorbot_description/bin'
[10.656s] Level 1:colcon.colcon_core.environment:checking '/home/robousr/ROS2Dev/robot_2025_ws/src/install/scorbot_description/lib/pkgconfig/scorbot_description.pc'
[10.657s] Level 1:colcon.colcon_core.environment:checking '/home/robousr/ROS2Dev/robot_2025_ws/src/install/scorbot_description/lib/python3.10/site-packages'
[10.660s] Level 1:colcon.colcon_core.environment:checking '/home/robousr/ROS2Dev/robot_2025_ws/src/install/scorbot_description/bin'
[10.663s] INFO:colcon.colcon_core.shell:Creating package script '/home/robousr/ROS2Dev/robot_2025_ws/src/install/scorbot_description/share/scorbot_description/package.ps1'
[10.668s] INFO:colcon.colcon_core.shell:Creating package descriptor '/home/robousr/ROS2Dev/robot_2025_ws/src/install/scorbot_description/share/scorbot_description/package.dsv'
[10.673s] INFO:colcon.colcon_core.shell:Creating package script '/home/robousr/ROS2Dev/robot_2025_ws/src/install/scorbot_description/share/scorbot_description/package.sh'
[10.676s] INFO:colcon.colcon_core.shell:Creating package script '/home/robousr/ROS2Dev/robot_2025_ws/src/install/scorbot_description/share/scorbot_description/package.bash'
[10.678s] INFO:colcon.colcon_core.shell:Creating package script '/home/robousr/ROS2Dev/robot_2025_ws/src/install/scorbot_description/share/scorbot_description/package.zsh'
[10.681s] Level 1:colcon.colcon_core.environment:create_file_with_runtime_dependencies(/home/robousr/ROS2Dev/robot_2025_ws/src/install/scorbot_description/share/colcon-core/packages/scorbot_description)
[10.724s] Level 1:colcon.colcon_core.environment:create_environment_scripts_only(practica1_description)
[10.729s] Level 1:colcon.colcon_core.environment:checking '/home/robousr/ROS2Dev/robot_2025_ws/src/install/practica1_description' for CMake module files
[10.739s] Level 1:colcon.colcon_core.environment:checking '/home/robousr/ROS2Dev/robot_2025_ws/src/install/practica1_description' for CMake config files
[10.744s] Level 1:colcon.colcon_core.shell:create_environment_hook('practica1_description', 'cmake_prefix_path')
[10.745s] INFO:colcon.colcon_core.shell:Creating environment hook '/home/robousr/ROS2Dev/robot_2025_ws/src/install/practica1_description/share/practica1_description/hook/cmake_prefix_path.ps1'
[10.754s] INFO:colcon.colcon_core.shell:Creating environment descriptor '/home/robousr/ROS2Dev/robot_2025_ws/src/install/practica1_description/share/practica1_description/hook/cmake_prefix_path.dsv'
[10.765s] INFO:colcon.colcon_core.shell:Creating environment hook '/home/robousr/ROS2Dev/robot_2025_ws/src/install/practica1_description/share/practica1_description/hook/cmake_prefix_path.sh'
[10.771s] Level 1:colcon.colcon_core.environment:checking '/home/robousr/ROS2Dev/robot_2025_ws/src/install/practica1_description/bin'
[10.776s] Level 1:colcon.colcon_core.environment:checking '/home/robousr/ROS2Dev/robot_2025_ws/src/install/practica1_description/lib/pkgconfig/practica1_description.pc'
[10.778s] Level 1:colcon.colcon_core.environment:checking '/home/robousr/ROS2Dev/robot_2025_ws/src/install/practica1_description/lib/python3.10/site-packages'
[10.779s] Level 1:colcon.colcon_core.environment:checking '/home/robousr/ROS2Dev/robot_2025_ws/src/install/practica1_description/bin'
[10.783s] INFO:colcon.colcon_core.shell:Creating package script '/home/robousr/ROS2Dev/robot_2025_ws/src/install/practica1_description/share/practica1_description/package.ps1'
[10.787s] INFO:colcon.colcon_core.shell:Creating package descriptor '/home/robousr/ROS2Dev/robot_2025_ws/src/install/practica1_description/share/practica1_description/package.dsv'
[10.792s] INFO:colcon.colcon_core.shell:Creating package script '/home/robousr/ROS2Dev/robot_2025_ws/src/install/practica1_description/share/practica1_description/package.sh'
[10.794s] INFO:colcon.colcon_core.shell:Creating package script '/home/robousr/ROS2Dev/robot_2025_ws/src/install/practica1_description/share/practica1_description/package.bash'
[10.796s] INFO:colcon.colcon_core.shell:Creating package script '/home/robousr/ROS2Dev/robot_2025_ws/src/install/practica1_description/share/practica1_description/package.zsh'
[10.799s] Level 1:colcon.colcon_core.environment:create_file_with_runtime_dependencies(/home/robousr/ROS2Dev/robot_2025_ws/src/install/practica1_description/share/colcon-core/packages/practica1_description)
[10.802s] DEBUG:colcon.colcon_parallel_executor.executor.parallel:closing loop
[10.803s] DEBUG:colcon.colcon_parallel_executor.executor.parallel:loop closed
[10.803s] DEBUG:colcon.colcon_parallel_executor.executor.parallel:run_until_complete finished with '0'
[10.804s] DEBUG:colcon.colcon_core.event_reactor:joining thread
[10.865s] INFO:colcon.colcon_core.plugin_system:Skipping extension 'colcon_notification.desktop_notification.terminal_notifier': Not used on non-Darwin systems
[10.866s] INFO:colcon.colcon_core.plugin_system:Skipping extension 'colcon_notification.desktop_notification.win32': Not used on non-Windows systems
[10.866s] INFO:colcon.colcon_notification.desktop_notification:Sending desktop notification using 'notify2'
[10.949s] DEBUG:colcon.colcon_core.event_reactor:joined thread
[10.950s] INFO:colcon.colcon_core.shell:Creating prefix script '/home/robousr/ROS2Dev/robot_2025_ws/src/install/local_setup.ps1'
[10.956s] INFO:colcon.colcon_core.shell:Creating prefix util module '/home/robousr/ROS2Dev/robot_2025_ws/src/install/_local_setup_util_ps1.py'
[10.972s] INFO:colcon.colcon_core.shell:Creating prefix chain script '/home/robousr/ROS2Dev/robot_2025_ws/src/install/setup.ps1'
[10.982s] INFO:colcon.colcon_core.shell:Creating prefix script '/home/robousr/ROS2Dev/robot_2025_ws/src/install/local_setup.sh'
[10.986s] INFO:colcon.colcon_core.shell:Creating prefix util module '/home/robousr/ROS2Dev/robot_2025_ws/src/install/_local_setup_util_sh.py'
[10.989s] INFO:colcon.colcon_core.shell:Creating prefix chain script '/home/robousr/ROS2Dev/robot_2025_ws/src/install/setup.sh'
[11.002s] INFO:colcon.colcon_core.shell:Creating prefix script '/home/robousr/ROS2Dev/robot_2025_ws/src/install/local_setup.bash'
[11.005s] INFO:colcon.colcon_core.shell:Creating prefix chain script '/home/robousr/ROS2Dev/robot_2025_ws/src/install/setup.bash'
[11.023s] INFO:colcon.colcon_core.shell:Creating prefix script '/home/robousr/ROS2Dev/robot_2025_ws/src/install/local_setup.zsh'
[11.029s] INFO:colcon.colcon_core.shell:Creating prefix chain script '/home/robousr/ROS2Dev/robot_2025_ws/src/install/setup.zsh'
